   1              		.cpu cortex-m0
   2              		.fpu softvfp
   3              		.eabi_attribute 20, 1
   4              		.eabi_attribute 21, 1
   5              		.eabi_attribute 23, 3
   6              		.eabi_attribute 24, 1
   7              		.eabi_attribute 25, 1
   8              		.eabi_attribute 26, 1
   9              		.eabi_attribute 30, 6
  10              		.eabi_attribute 34, 0
  11              		.eabi_attribute 18, 4
  12              		.code	16
  13              		.file	"BitIoLdd5.c"
  14              		.text
  15              	.Ltext0:
  16              		.cfi_sections	.debug_frame
  17              		.section	.bss.DeviceDataPrv__DEFAULT_RTOS_ALLOC,"aw",%nobits
  18              		.align	2
  21              	DeviceDataPrv__DEFAULT_RTOS_ALLOC:
  22 0000 00000000 		.space	4
  23              		.section	.text.BitIoLdd5_Init,"ax",%progbits
  24              		.align	2
  25              		.global	BitIoLdd5_Init
  26              		.code	16
  27              		.thumb_func
  29              	BitIoLdd5_Init:
  30              	.LFB0:
  31              		.file 1 "../Generated_Code/BitIoLdd5.c"
   1:../Generated_Code/BitIoLdd5.c **** /** ###################################################################
   2:../Generated_Code/BitIoLdd5.c **** **     THIS COMPONENT MODULE IS GENERATED BY THE TOOL. DO NOT MODIFY IT.
   3:../Generated_Code/BitIoLdd5.c **** **     Filename    : BitIoLdd5.c
   4:../Generated_Code/BitIoLdd5.c **** **     Project     : ProcessorExpert
   5:../Generated_Code/BitIoLdd5.c **** **     Processor   : MKL25Z128VLK4
   6:../Generated_Code/BitIoLdd5.c **** **     Component   : BitIO_LDD
   7:../Generated_Code/BitIoLdd5.c **** **     Version     : Component 01.031, Driver 01.00, CPU db: 3.00.000
   8:../Generated_Code/BitIoLdd5.c **** **     Compiler    : GNU C Compiler
   9:../Generated_Code/BitIoLdd5.c **** **     Date/Time   : 2013-09-09, 14:34, # CodeGen: 47
  10:../Generated_Code/BitIoLdd5.c **** **     Abstract    :
  11:../Generated_Code/BitIoLdd5.c **** **         The HAL BitIO component provides a low level API for unified
  12:../Generated_Code/BitIoLdd5.c **** **         access to general purpose digital input/output pins across
  13:../Generated_Code/BitIoLdd5.c **** **         various device designs.
  14:../Generated_Code/BitIoLdd5.c **** **
  15:../Generated_Code/BitIoLdd5.c **** **         RTOS drivers using HAL BitIO API are simpler and more
  16:../Generated_Code/BitIoLdd5.c **** **         portable to various microprocessors.
  17:../Generated_Code/BitIoLdd5.c **** **     Settings    :
  18:../Generated_Code/BitIoLdd5.c **** **          Component name                                 : BitIoLdd5
  19:../Generated_Code/BitIoLdd5.c **** **          Pin for I/O                                    : PTE3/SPI1_MISO/SPI1_MOSI
  20:../Generated_Code/BitIoLdd5.c **** **          Pin signal                                     : 
  21:../Generated_Code/BitIoLdd5.c **** **          Direction                                      : Output
  22:../Generated_Code/BitIoLdd5.c **** **          Initialization                                 : 
  23:../Generated_Code/BitIoLdd5.c **** **            Init. direction                              : Output
  24:../Generated_Code/BitIoLdd5.c **** **            Init. value                                  : 0
  25:../Generated_Code/BitIoLdd5.c **** **            Auto Initialization                          : yes
  26:../Generated_Code/BitIoLdd5.c **** **          Safe mode                                      : yes
  27:../Generated_Code/BitIoLdd5.c **** **     Contents    :
  28:../Generated_Code/BitIoLdd5.c **** **         Init   - LDD_TDeviceData* BitIoLdd5_Init(LDD_TUserData *UserDataPtr);
  29:../Generated_Code/BitIoLdd5.c **** **         GetVal - bool BitIoLdd5_GetVal(LDD_TDeviceData *DeviceDataPtr);
  30:../Generated_Code/BitIoLdd5.c **** **         PutVal - void BitIoLdd5_PutVal(LDD_TDeviceData *DeviceDataPtr, bool Val);
  31:../Generated_Code/BitIoLdd5.c **** **         ClrVal - void BitIoLdd5_ClrVal(LDD_TDeviceData *DeviceDataPtr);
  32:../Generated_Code/BitIoLdd5.c **** **         SetVal - void BitIoLdd5_SetVal(LDD_TDeviceData *DeviceDataPtr);
  33:../Generated_Code/BitIoLdd5.c **** **         NegVal - void BitIoLdd5_NegVal(LDD_TDeviceData *DeviceDataPtr);
  34:../Generated_Code/BitIoLdd5.c **** **
  35:../Generated_Code/BitIoLdd5.c **** **     Copyright : 1997 - 2012 Freescale, Inc. All Rights Reserved.
  36:../Generated_Code/BitIoLdd5.c **** **     
  37:../Generated_Code/BitIoLdd5.c **** **     http      : www.freescale.com
  38:../Generated_Code/BitIoLdd5.c **** **     mail      : support@freescale.com
  39:../Generated_Code/BitIoLdd5.c **** ** ###################################################################*/
  40:../Generated_Code/BitIoLdd5.c **** 
  41:../Generated_Code/BitIoLdd5.c **** /* MODULE BitIoLdd5. */
  42:../Generated_Code/BitIoLdd5.c **** 
  43:../Generated_Code/BitIoLdd5.c **** #include "BitIoLdd5.h"
  44:../Generated_Code/BitIoLdd5.c **** 
  45:../Generated_Code/BitIoLdd5.c **** typedef struct {
  46:../Generated_Code/BitIoLdd5.c ****   LDD_TUserData *UserDataPtr;          /* Pointer to user data */
  47:../Generated_Code/BitIoLdd5.c **** } BitIoLdd5_TDeviceData;               /* Device data structure type */
  48:../Generated_Code/BitIoLdd5.c **** 
  49:../Generated_Code/BitIoLdd5.c **** typedef BitIoLdd5_TDeviceData *BitIoLdd5_TDeviceDataPtr ; /* Pointer to the device data structure. 
  50:../Generated_Code/BitIoLdd5.c **** 
  51:../Generated_Code/BitIoLdd5.c **** /* {MQXLite RTOS Adapter} Static object used for simulation of dynamic driver memory allocation */
  52:../Generated_Code/BitIoLdd5.c **** static BitIoLdd5_TDeviceData DeviceDataPrv__DEFAULT_RTOS_ALLOC;
  53:../Generated_Code/BitIoLdd5.c **** /*
  54:../Generated_Code/BitIoLdd5.c **** ** ===================================================================
  55:../Generated_Code/BitIoLdd5.c **** **     Method      :  BitIoLdd5_Init (component BitIO_LDD)
  56:../Generated_Code/BitIoLdd5.c **** **
  57:../Generated_Code/BitIoLdd5.c **** **     Description :
  58:../Generated_Code/BitIoLdd5.c **** **         Initializes the device. Allocates memory for the device data
  59:../Generated_Code/BitIoLdd5.c **** **         structure, allocates interrupt vectors and sets interrupt
  60:../Generated_Code/BitIoLdd5.c **** **         priority, sets pin routing, sets timing, etc. If the "Enable
  61:../Generated_Code/BitIoLdd5.c **** **         in init. code" is set to "yes" value then the device is also
  62:../Generated_Code/BitIoLdd5.c **** **         enabled(see the description of the Enable() method). In this
  63:../Generated_Code/BitIoLdd5.c **** **         case the Enable() method is not necessary and needn't to be
  64:../Generated_Code/BitIoLdd5.c **** **         generated. 
  65:../Generated_Code/BitIoLdd5.c **** **     Parameters  :
  66:../Generated_Code/BitIoLdd5.c **** **         NAME            - DESCRIPTION
  67:../Generated_Code/BitIoLdd5.c **** **       * UserDataPtr     - Pointer to the user or
  68:../Generated_Code/BitIoLdd5.c **** **                           RTOS specific data. This pointer will be
  69:../Generated_Code/BitIoLdd5.c **** **                           passed as an event or callback parameter.
  70:../Generated_Code/BitIoLdd5.c **** **     Returns     :
  71:../Generated_Code/BitIoLdd5.c **** **         ---             - Pointer to the dynamically allocated
  72:../Generated_Code/BitIoLdd5.c **** **                           private structure or NULL if there was an
  73:../Generated_Code/BitIoLdd5.c **** **                           error.
  74:../Generated_Code/BitIoLdd5.c **** ** ===================================================================
  75:../Generated_Code/BitIoLdd5.c **** */
  76:../Generated_Code/BitIoLdd5.c **** LDD_TDeviceData* BitIoLdd5_Init(LDD_TUserData *UserDataPtr)
  77:../Generated_Code/BitIoLdd5.c **** {
  32              		.loc 1 77 0
  33              		.cfi_startproc
  34 0000 80B5     		push	{r7, lr}
  35              	.LCFI0:
  36              		.cfi_def_cfa_offset 8
  37              		.cfi_offset 7, -8
  38              		.cfi_offset 14, -4
  39 0002 84B0     		sub	sp, sp, #16
  40              	.LCFI1:
  41              		.cfi_def_cfa_offset 24
  42 0004 00AF     		add	r7, sp, #0
  43              	.LCFI2:
  44              		.cfi_def_cfa_register 7
  45 0006 7860     		str	r0, [r7, #4]
  78:../Generated_Code/BitIoLdd5.c ****   /* Allocate device structure */
  79:../Generated_Code/BitIoLdd5.c ****   BitIoLdd5_TDeviceDataPtr DeviceDataPrv;
  80:../Generated_Code/BitIoLdd5.c ****   /* {MQXLite RTOS Adapter} Driver memory allocation: Dynamic allocation is simulated by a pointer 
  81:../Generated_Code/BitIoLdd5.c ****   DeviceDataPrv = &DeviceDataPrv__DEFAULT_RTOS_ALLOC;
  46              		.loc 1 81 0
  47 0008 114B     		ldr	r3, .L2
  48 000a FB60     		str	r3, [r7, #12]
  82:../Generated_Code/BitIoLdd5.c **** 
  83:../Generated_Code/BitIoLdd5.c ****   DeviceDataPrv->UserDataPtr = UserDataPtr; /* Store the RTOS device structure */
  49              		.loc 1 83 0
  50 000c FB68     		ldr	r3, [r7, #12]
  51 000e 7A68     		ldr	r2, [r7, #4]
  52 0010 1A60     		str	r2, [r3]
  84:../Generated_Code/BitIoLdd5.c **** 
  85:../Generated_Code/BitIoLdd5.c ****   /* Configure pin as output */
  86:../Generated_Code/BitIoLdd5.c ****   /* GPIOE_PDDR: PDD|=8 */
  87:../Generated_Code/BitIoLdd5.c ****   GPIOE_PDDR |= GPIO_PDDR_PDD(0x08);                                                   
  53              		.loc 1 87 0
  54 0012 104B     		ldr	r3, .L2+4
  55 0014 0F4A     		ldr	r2, .L2+4
  56 0016 5269     		ldr	r2, [r2, #20]
  57 0018 0821     		mov	r1, #8
  58 001a 0A43     		orr	r2, r1
  59 001c 5A61     		str	r2, [r3, #20]
  88:../Generated_Code/BitIoLdd5.c **** 
  89:../Generated_Code/BitIoLdd5.c ****   /* Set initialization value */
  90:../Generated_Code/BitIoLdd5.c ****   /* GPIOE_PDOR: PDO&=~8 */
  91:../Generated_Code/BitIoLdd5.c ****   GPIOE_PDOR &= (uint32_t)~(uint32_t)(GPIO_PDOR_PDO(0x08));                                        
  60              		.loc 1 91 0
  61 001e 0D4B     		ldr	r3, .L2+4
  62 0020 0C4A     		ldr	r2, .L2+4
  63 0022 1268     		ldr	r2, [r2]
  64 0024 0821     		mov	r1, #8
  65 0026 8A43     		bic	r2, r1
  66 0028 1A60     		str	r2, [r3]
  92:../Generated_Code/BitIoLdd5.c **** 
  93:../Generated_Code/BitIoLdd5.c ****   /* Initialization of Port Control register */
  94:../Generated_Code/BitIoLdd5.c ****   /* PORTE_PCR3: ISF=0,MUX=1 */
  95:../Generated_Code/BitIoLdd5.c ****   PORTE_PCR3 = (uint32_t)((PORTE_PCR3 & (uint32_t)~(uint32_t)(
  67              		.loc 1 95 0
  68 002a 0B4B     		ldr	r3, .L2+8
  69 002c 0A4A     		ldr	r2, .L2+8
  70 002e D268     		ldr	r2, [r2, #12]
  71 0030 111C     		mov	r1, r2
  72 0032 0A4A     		ldr	r2, .L2+12
  73 0034 0A40     		and	r2, r1
  74 0036 8021     		mov	r1, #128
  75 0038 4900     		lsl	r1, r1, #1
  76 003a 0A43     		orr	r2, r1
  77 003c DA60     		str	r2, [r3, #12]
  96:../Generated_Code/BitIoLdd5.c ****                 PORT_PCR_ISF_MASK |
  97:../Generated_Code/BitIoLdd5.c ****                 PORT_PCR_MUX(0x06)
  98:../Generated_Code/BitIoLdd5.c ****                )) | (uint32_t)(
  99:../Generated_Code/BitIoLdd5.c ****                 PORT_PCR_MUX(0x01)
 100:../Generated_Code/BitIoLdd5.c ****                ));                                                  
 101:../Generated_Code/BitIoLdd5.c ****   /* Registration of the device structure */
 102:../Generated_Code/BitIoLdd5.c ****   PE_LDD_RegisterDeviceStructure(PE_LDD_COMPONENT_BitIoLdd5_ID,DeviceDataPrv);
  78              		.loc 1 102 0
  79 003e 084B     		ldr	r3, .L2+16
  80 0040 FA68     		ldr	r2, [r7, #12]
  81 0042 9A62     		str	r2, [r3, #40]
 103:../Generated_Code/BitIoLdd5.c ****   return ((LDD_TDeviceData *)DeviceDataPrv);
  82              		.loc 1 103 0
  83 0044 FB68     		ldr	r3, [r7, #12]
 104:../Generated_Code/BitIoLdd5.c **** }
  84              		.loc 1 104 0
  85 0046 181C     		mov	r0, r3
  86 0048 BD46     		mov	sp, r7
  87 004a 04B0     		add	sp, sp, #16
  88              		@ sp needed for prologue
  89 004c 80BD     		pop	{r7, pc}
  90              	.L3:
  91 004e C046     		.align	2
  92              	.L2:
  93 0050 00000000 		.word	DeviceDataPrv__DEFAULT_RTOS_ALLOC
  94 0054 00F10F40 		.word	1074786560
  95 0058 00D00440 		.word	1074057216
  96 005c FFF8FFFE 		.word	-16779009
  97 0060 00000000 		.word	PE_LDD_DeviceDataList
  98              		.cfi_endproc
  99              	.LFE0:
 101              		.section	.text.BitIoLdd5_GetVal,"ax",%progbits
 102              		.align	2
 103              		.global	BitIoLdd5_GetVal
 104              		.code	16
 105              		.thumb_func
 107              	BitIoLdd5_GetVal:
 108              	.LFB1:
 105:../Generated_Code/BitIoLdd5.c **** /*
 106:../Generated_Code/BitIoLdd5.c **** ** ===================================================================
 107:../Generated_Code/BitIoLdd5.c **** **     Method      :  BitIoLdd5_GetVal (component BitIO_LDD)
 108:../Generated_Code/BitIoLdd5.c **** **
 109:../Generated_Code/BitIoLdd5.c **** **     Description :
 110:../Generated_Code/BitIoLdd5.c **** **         Returns the input/output value. If the direction is [input]
 111:../Generated_Code/BitIoLdd5.c **** **         then the input value of the pin is read and returned. If the
 112:../Generated_Code/BitIoLdd5.c **** **         direction is [output] then the last written value is read
 113:../Generated_Code/BitIoLdd5.c **** **         and returned (see <Safe mode> property for limitations).
 114:../Generated_Code/BitIoLdd5.c **** **         This method cannot be disabled if direction is [input].
 115:../Generated_Code/BitIoLdd5.c **** **     Parameters  :
 116:../Generated_Code/BitIoLdd5.c **** **         NAME            - DESCRIPTION
 117:../Generated_Code/BitIoLdd5.c **** **       * DeviceDataPtr   - Device data structure
 118:../Generated_Code/BitIoLdd5.c **** **                           pointer returned by <Init> method.
 119:../Generated_Code/BitIoLdd5.c **** **     Returns     :
 120:../Generated_Code/BitIoLdd5.c **** **         ---             - Input or output value. Possible values:
 121:../Generated_Code/BitIoLdd5.c **** **                           <false> - logical "0" (Low level)
 122:../Generated_Code/BitIoLdd5.c **** **                           <true> - logical "1" (High level)
 123:../Generated_Code/BitIoLdd5.c **** ** ===================================================================
 124:../Generated_Code/BitIoLdd5.c **** */
 125:../Generated_Code/BitIoLdd5.c **** bool BitIoLdd5_GetVal(LDD_TDeviceData *DeviceDataPtr)
 126:../Generated_Code/BitIoLdd5.c **** {
 109              		.loc 1 126 0
 110              		.cfi_startproc
 111 0000 80B5     		push	{r7, lr}
 112              	.LCFI3:
 113              		.cfi_def_cfa_offset 8
 114              		.cfi_offset 7, -8
 115              		.cfi_offset 14, -4
 116 0002 84B0     		sub	sp, sp, #16
 117              	.LCFI4:
 118              		.cfi_def_cfa_offset 24
 119 0004 00AF     		add	r7, sp, #0
 120              	.LCFI5:
 121              		.cfi_def_cfa_register 7
 122 0006 7860     		str	r0, [r7, #4]
 127:../Generated_Code/BitIoLdd5.c ****   uint32_t portData;                   /* Port data masked according to the bit used */
 128:../Generated_Code/BitIoLdd5.c **** 
 129:../Generated_Code/BitIoLdd5.c ****   (void)DeviceDataPtr;                 /* Parameter is not used, suppress unused argument warning *
 130:../Generated_Code/BitIoLdd5.c **** 
 131:../Generated_Code/BitIoLdd5.c ****   portData = GPIO_PDD_GetPortDataOutput(BitIoLdd5_MODULE_BASE_ADDRESS) & BitIoLdd5_PORT_MASK;
 123              		.loc 1 131 0
 124 0008 064B     		ldr	r3, .L5
 125 000a 1B68     		ldr	r3, [r3]
 126 000c 1A1C     		mov	r2, r3
 127 000e 0823     		mov	r3, #8
 128 0010 1340     		and	r3, r2
 129 0012 FB60     		str	r3, [r7, #12]
 132:../Generated_Code/BitIoLdd5.c **** 
 133:../Generated_Code/BitIoLdd5.c ****   return (portData != 0U) ? (bool)TRUE : (bool)FALSE;
 130              		.loc 1 133 0
 131 0014 FB68     		ldr	r3, [r7, #12]
 132 0016 5A1E     		sub	r2, r3, #1
 133 0018 9341     		sbc	r3, r3, r2
 134 001a DBB2     		uxtb	r3, r3
 134:../Generated_Code/BitIoLdd5.c **** }
 135              		.loc 1 134 0
 136 001c 181C     		mov	r0, r3
 137 001e BD46     		mov	sp, r7
 138 0020 04B0     		add	sp, sp, #16
 139              		@ sp needed for prologue
 140 0022 80BD     		pop	{r7, pc}
 141              	.L6:
 142              		.align	2
 143              	.L5:
 144 0024 00F10FF8 		.word	-133172992
 145              		.cfi_endproc
 146              	.LFE1:
 148              		.section	.text.BitIoLdd5_PutVal,"ax",%progbits
 149              		.align	2
 150              		.global	BitIoLdd5_PutVal
 151              		.code	16
 152              		.thumb_func
 154              	BitIoLdd5_PutVal:
 155              	.LFB2:
 135:../Generated_Code/BitIoLdd5.c **** 
 136:../Generated_Code/BitIoLdd5.c **** /*
 137:../Generated_Code/BitIoLdd5.c **** ** ===================================================================
 138:../Generated_Code/BitIoLdd5.c **** **     Method      :  BitIoLdd5_PutVal (component BitIO_LDD)
 139:../Generated_Code/BitIoLdd5.c **** **
 140:../Generated_Code/BitIoLdd5.c **** **     Description :
 141:../Generated_Code/BitIoLdd5.c **** **         The specified output value is set. If the direction is <b>
 142:../Generated_Code/BitIoLdd5.c **** **         input</b>, the component saves the value to a memory or a
 143:../Generated_Code/BitIoLdd5.c **** **         register and this value will be written to the pin after
 144:../Generated_Code/BitIoLdd5.c **** **         switching to the output mode (using <tt>SetDir(TRUE)</tt>;
 145:../Generated_Code/BitIoLdd5.c **** **         see <a href="BitIOProperties.html#SafeMode">Safe mode</a>
 146:../Generated_Code/BitIoLdd5.c **** **         property for limitations). If the direction is <b>output</b>,
 147:../Generated_Code/BitIoLdd5.c **** **         it writes the value to the pin. (Method is available only if
 148:../Generated_Code/BitIoLdd5.c **** **         the direction = <u><tt>output</tt></u> or <u><tt>
 149:../Generated_Code/BitIoLdd5.c **** **         input/output</tt></u>).
 150:../Generated_Code/BitIoLdd5.c **** **     Parameters  :
 151:../Generated_Code/BitIoLdd5.c **** **         NAME            - DESCRIPTION
 152:../Generated_Code/BitIoLdd5.c **** **       * DeviceDataPtr   - Device data structure
 153:../Generated_Code/BitIoLdd5.c **** **                           pointer returned by <Init> method.
 154:../Generated_Code/BitIoLdd5.c **** **         Val             - Output value. Possible values:
 155:../Generated_Code/BitIoLdd5.c **** **                           <false> - logical "0" (Low level)
 156:../Generated_Code/BitIoLdd5.c **** **                           <true> - logical "1" (High level)
 157:../Generated_Code/BitIoLdd5.c **** **     Returns     : Nothing
 158:../Generated_Code/BitIoLdd5.c **** ** ===================================================================
 159:../Generated_Code/BitIoLdd5.c **** */
 160:../Generated_Code/BitIoLdd5.c **** void BitIoLdd5_PutVal(LDD_TDeviceData *DeviceDataPtr, bool Val)
 161:../Generated_Code/BitIoLdd5.c **** {
 156              		.loc 1 161 0
 157              		.cfi_startproc
 158 0000 80B5     		push	{r7, lr}
 159              	.LCFI6:
 160              		.cfi_def_cfa_offset 8
 161              		.cfi_offset 7, -8
 162              		.cfi_offset 14, -4
 163 0002 82B0     		sub	sp, sp, #8
 164              	.LCFI7:
 165              		.cfi_def_cfa_offset 16
 166 0004 00AF     		add	r7, sp, #0
 167              	.LCFI8:
 168              		.cfi_def_cfa_register 7
 169 0006 7860     		str	r0, [r7, #4]
 170 0008 0A1C     		mov	r2, r1
 171 000a FB1C     		add	r3, r7, #3
 172 000c 1A70     		strb	r2, [r3]
 162:../Generated_Code/BitIoLdd5.c ****   (void)DeviceDataPtr;                 /* Parameter is not used, suppress unused argument warning *
 163:../Generated_Code/BitIoLdd5.c **** 
 164:../Generated_Code/BitIoLdd5.c ****   if (Val) {
 173              		.loc 1 164 0
 174 000e FB1C     		add	r3, r7, #3
 175 0010 1B78     		ldrb	r3, [r3]
 176 0012 002B     		cmp	r3, #0
 177 0014 03D0     		beq	.L8
 165:../Generated_Code/BitIoLdd5.c ****     GPIO_PDD_SetPortDataOutputMask(BitIoLdd5_MODULE_BASE_ADDRESS, BitIoLdd5_PORT_MASK);
 178              		.loc 1 165 0
 179 0016 054B     		ldr	r3, .L10
 180 0018 0822     		mov	r2, #8
 181 001a 5A60     		str	r2, [r3, #4]
 182 001c 02E0     		b	.L7
 183              	.L8:
 166:../Generated_Code/BitIoLdd5.c ****   } else { /* !Val */
 167:../Generated_Code/BitIoLdd5.c ****     GPIO_PDD_ClearPortDataOutputMask(BitIoLdd5_MODULE_BASE_ADDRESS, BitIoLdd5_PORT_MASK);
 184              		.loc 1 167 0
 185 001e 034B     		ldr	r3, .L10
 186 0020 0822     		mov	r2, #8
 187 0022 9A60     		str	r2, [r3, #8]
 188              	.L7:
 168:../Generated_Code/BitIoLdd5.c ****   } /* !Val */
 169:../Generated_Code/BitIoLdd5.c **** }
 189              		.loc 1 169 0
 190 0024 BD46     		mov	sp, r7
 191 0026 02B0     		add	sp, sp, #8
 192              		@ sp needed for prologue
 193 0028 80BD     		pop	{r7, pc}
 194              	.L11:
 195 002a C046     		.align	2
 196              	.L10:
 197 002c 00F10FF8 		.word	-133172992
 198              		.cfi_endproc
 199              	.LFE2:
 201              		.section	.text.BitIoLdd5_ClrVal,"ax",%progbits
 202              		.align	2
 203              		.global	BitIoLdd5_ClrVal
 204              		.code	16
 205              		.thumb_func
 207              	BitIoLdd5_ClrVal:
 208              	.LFB3:
 170:../Generated_Code/BitIoLdd5.c **** 
 171:../Generated_Code/BitIoLdd5.c **** /*
 172:../Generated_Code/BitIoLdd5.c **** ** ===================================================================
 173:../Generated_Code/BitIoLdd5.c **** **     Method      :  BitIoLdd5_ClrVal (component BitIO_LDD)
 174:../Generated_Code/BitIoLdd5.c **** **
 175:../Generated_Code/BitIoLdd5.c **** **     Description :
 176:../Generated_Code/BitIoLdd5.c **** **         Clears (set to zero) the output value. It is equivalent to
 177:../Generated_Code/BitIoLdd5.c **** **         the [PutVal(FALSE)]. This method is available only if the
 178:../Generated_Code/BitIoLdd5.c **** **         direction = _[output]_ or _[input/output]_.
 179:../Generated_Code/BitIoLdd5.c **** **     Parameters  :
 180:../Generated_Code/BitIoLdd5.c **** **         NAME            - DESCRIPTION
 181:../Generated_Code/BitIoLdd5.c **** **       * DeviceDataPtr   - Pointer to device data
 182:../Generated_Code/BitIoLdd5.c **** **                           structure returned by <Init> method.
 183:../Generated_Code/BitIoLdd5.c **** **     Returns     : Nothing
 184:../Generated_Code/BitIoLdd5.c **** ** ===================================================================
 185:../Generated_Code/BitIoLdd5.c **** */
 186:../Generated_Code/BitIoLdd5.c **** void BitIoLdd5_ClrVal(LDD_TDeviceData *DeviceDataPtr)
 187:../Generated_Code/BitIoLdd5.c **** {
 209              		.loc 1 187 0
 210              		.cfi_startproc
 211 0000 80B5     		push	{r7, lr}
 212              	.LCFI9:
 213              		.cfi_def_cfa_offset 8
 214              		.cfi_offset 7, -8
 215              		.cfi_offset 14, -4
 216 0002 82B0     		sub	sp, sp, #8
 217              	.LCFI10:
 218              		.cfi_def_cfa_offset 16
 219 0004 00AF     		add	r7, sp, #0
 220              	.LCFI11:
 221              		.cfi_def_cfa_register 7
 222 0006 7860     		str	r0, [r7, #4]
 188:../Generated_Code/BitIoLdd5.c ****   (void)DeviceDataPtr;                 /* Parameter is not used, suppress unused argument warning *
 189:../Generated_Code/BitIoLdd5.c **** 
 190:../Generated_Code/BitIoLdd5.c ****   GPIO_PDD_ClearPortDataOutputMask(BitIoLdd5_MODULE_BASE_ADDRESS, BitIoLdd5_PORT_MASK);
 223              		.loc 1 190 0
 224 0008 024B     		ldr	r3, .L13
 225 000a 0822     		mov	r2, #8
 226 000c 9A60     		str	r2, [r3, #8]
 191:../Generated_Code/BitIoLdd5.c **** }
 227              		.loc 1 191 0
 228 000e BD46     		mov	sp, r7
 229 0010 02B0     		add	sp, sp, #8
 230              		@ sp needed for prologue
 231 0012 80BD     		pop	{r7, pc}
 232              	.L14:
 233              		.align	2
 234              	.L13:
 235 0014 00F10FF8 		.word	-133172992
 236              		.cfi_endproc
 237              	.LFE3:
 239              		.section	.text.BitIoLdd5_SetVal,"ax",%progbits
 240              		.align	2
 241              		.global	BitIoLdd5_SetVal
 242              		.code	16
 243              		.thumb_func
 245              	BitIoLdd5_SetVal:
 246              	.LFB4:
 192:../Generated_Code/BitIoLdd5.c **** 
 193:../Generated_Code/BitIoLdd5.c **** /*
 194:../Generated_Code/BitIoLdd5.c **** ** ===================================================================
 195:../Generated_Code/BitIoLdd5.c **** **     Method      :  BitIoLdd5_SetVal (component BitIO_LDD)
 196:../Generated_Code/BitIoLdd5.c **** **
 197:../Generated_Code/BitIoLdd5.c **** **     Description :
 198:../Generated_Code/BitIoLdd5.c **** **         Sets (to one) the output value. It is equivalent to the
 199:../Generated_Code/BitIoLdd5.c **** **         [PutVal(TRUE)]. This method is available only if the
 200:../Generated_Code/BitIoLdd5.c **** **         direction = _[output]_ or _[input/output]_.
 201:../Generated_Code/BitIoLdd5.c **** **     Parameters  :
 202:../Generated_Code/BitIoLdd5.c **** **         NAME            - DESCRIPTION
 203:../Generated_Code/BitIoLdd5.c **** **       * DeviceDataPtr   - Pointer to device data
 204:../Generated_Code/BitIoLdd5.c **** **                           structure returned by <Init> method.
 205:../Generated_Code/BitIoLdd5.c **** **     Returns     : Nothing
 206:../Generated_Code/BitIoLdd5.c **** ** ===================================================================
 207:../Generated_Code/BitIoLdd5.c **** */
 208:../Generated_Code/BitIoLdd5.c **** void BitIoLdd5_SetVal(LDD_TDeviceData *DeviceDataPtr)
 209:../Generated_Code/BitIoLdd5.c **** {
 247              		.loc 1 209 0
 248              		.cfi_startproc
 249 0000 80B5     		push	{r7, lr}
 250              	.LCFI12:
 251              		.cfi_def_cfa_offset 8
 252              		.cfi_offset 7, -8
 253              		.cfi_offset 14, -4
 254 0002 82B0     		sub	sp, sp, #8
 255              	.LCFI13:
 256              		.cfi_def_cfa_offset 16
 257 0004 00AF     		add	r7, sp, #0
 258              	.LCFI14:
 259              		.cfi_def_cfa_register 7
 260 0006 7860     		str	r0, [r7, #4]
 210:../Generated_Code/BitIoLdd5.c ****   (void)DeviceDataPtr;                 /* Parameter is not used, suppress unused argument warning *
 211:../Generated_Code/BitIoLdd5.c **** 
 212:../Generated_Code/BitIoLdd5.c ****   GPIO_PDD_SetPortDataOutputMask(BitIoLdd5_MODULE_BASE_ADDRESS, BitIoLdd5_PORT_MASK);
 261              		.loc 1 212 0
 262 0008 024B     		ldr	r3, .L16
 263 000a 0822     		mov	r2, #8
 264 000c 5A60     		str	r2, [r3, #4]
 213:../Generated_Code/BitIoLdd5.c **** }
 265              		.loc 1 213 0
 266 000e BD46     		mov	sp, r7
 267 0010 02B0     		add	sp, sp, #8
 268              		@ sp needed for prologue
 269 0012 80BD     		pop	{r7, pc}
 270              	.L17:
 271              		.align	2
 272              	.L16:
 273 0014 00F10FF8 		.word	-133172992
 274              		.cfi_endproc
 275              	.LFE4:
 277              		.section	.text.BitIoLdd5_NegVal,"ax",%progbits
 278              		.align	2
 279              		.global	BitIoLdd5_NegVal
 280              		.code	16
 281              		.thumb_func
 283              	BitIoLdd5_NegVal:
 284              	.LFB5:
 214:../Generated_Code/BitIoLdd5.c **** 
 215:../Generated_Code/BitIoLdd5.c **** /*
 216:../Generated_Code/BitIoLdd5.c **** ** ===================================================================
 217:../Generated_Code/BitIoLdd5.c **** **     Method      :  BitIoLdd5_NegVal (component BitIO_LDD)
 218:../Generated_Code/BitIoLdd5.c **** **
 219:../Generated_Code/BitIoLdd5.c **** **     Description :
 220:../Generated_Code/BitIoLdd5.c **** **         Negates (inverts) the output value. It is equivalent to the
 221:../Generated_Code/BitIoLdd5.c **** **         [PutVal(!GetVal())]. This method is available only if the
 222:../Generated_Code/BitIoLdd5.c **** **         direction = _[output]_ or _[input/output]_.
 223:../Generated_Code/BitIoLdd5.c **** **     Parameters  :
 224:../Generated_Code/BitIoLdd5.c **** **         NAME            - DESCRIPTION
 225:../Generated_Code/BitIoLdd5.c **** **       * DeviceDataPtr   - Pointer to device data
 226:../Generated_Code/BitIoLdd5.c **** **                           structure returned by <Init> method.
 227:../Generated_Code/BitIoLdd5.c **** **     Returns     : Nothing
 228:../Generated_Code/BitIoLdd5.c **** ** ===================================================================
 229:../Generated_Code/BitIoLdd5.c **** */
 230:../Generated_Code/BitIoLdd5.c **** void BitIoLdd5_NegVal(LDD_TDeviceData *DeviceDataPtr)
 231:../Generated_Code/BitIoLdd5.c **** {
 285              		.loc 1 231 0
 286              		.cfi_startproc
 287 0000 80B5     		push	{r7, lr}
 288              	.LCFI15:
 289              		.cfi_def_cfa_offset 8
 290              		.cfi_offset 7, -8
 291              		.cfi_offset 14, -4
 292 0002 82B0     		sub	sp, sp, #8
 293              	.LCFI16:
 294              		.cfi_def_cfa_offset 16
 295 0004 00AF     		add	r7, sp, #0
 296              	.LCFI17:
 297              		.cfi_def_cfa_register 7
 298 0006 7860     		str	r0, [r7, #4]
 232:../Generated_Code/BitIoLdd5.c ****   (void)DeviceDataPtr;                 /* Parameter is not used, suppress unused argument warning *
 233:../Generated_Code/BitIoLdd5.c **** 
 234:../Generated_Code/BitIoLdd5.c ****   GPIO_PDD_TogglePortDataOutputMask(BitIoLdd5_MODULE_BASE_ADDRESS, BitIoLdd5_PORT_MASK);
 299              		.loc 1 234 0
 300 0008 024B     		ldr	r3, .L19
 301 000a 0822     		mov	r2, #8
 302 000c DA60     		str	r2, [r3, #12]
 235:../Generated_Code/BitIoLdd5.c **** }
 303              		.loc 1 235 0
 304 000e BD46     		mov	sp, r7
 305 0010 02B0     		add	sp, sp, #8
 306              		@ sp needed for prologue
 307 0012 80BD     		pop	{r7, pc}
 308              	.L20:
 309              		.align	2
 310              	.L19:
 311 0014 00F10FF8 		.word	-133172992
 312              		.cfi_endproc
 313              	.LFE5:
 315              		.text
 316              	.Letext0:
 317              		.file 2 "C:/Freescale/CW MCU v10.3/MCU/ARM_GCC_Support/ewl/EWL_C/include/cstdint"
 318              		.file 3 "../Generated_Code/PE_Types.h"
 319              		.file 4 "../Generated_Code/IO_Map.h"
 320              		.file 5 "../Generated_Code/PE_LDD.h"
 321              		.file 6 "C:/Users/LARM/workspace/MQX-Lite + SPI + Motor + Ultrassom/MQXLITE/psp/cortex_m/psptypes.
DEFINED SYMBOLS
                            *ABS*:00000000 BitIoLdd5.c
C:\Users\LARM\AppData\Local\Temp\ccVcvAXR.s:18     .bss.DeviceDataPrv__DEFAULT_RTOS_ALLOC:00000000 $d
C:\Users\LARM\AppData\Local\Temp\ccVcvAXR.s:21     .bss.DeviceDataPrv__DEFAULT_RTOS_ALLOC:00000000 DeviceDataPrv__DEFAULT_RTOS_ALLOC
C:\Users\LARM\AppData\Local\Temp\ccVcvAXR.s:24     .text.BitIoLdd5_Init:00000000 $t
C:\Users\LARM\AppData\Local\Temp\ccVcvAXR.s:29     .text.BitIoLdd5_Init:00000000 BitIoLdd5_Init
C:\Users\LARM\AppData\Local\Temp\ccVcvAXR.s:93     .text.BitIoLdd5_Init:00000050 $d
C:\Users\LARM\AppData\Local\Temp\ccVcvAXR.s:102    .text.BitIoLdd5_GetVal:00000000 $t
C:\Users\LARM\AppData\Local\Temp\ccVcvAXR.s:107    .text.BitIoLdd5_GetVal:00000000 BitIoLdd5_GetVal
C:\Users\LARM\AppData\Local\Temp\ccVcvAXR.s:144    .text.BitIoLdd5_GetVal:00000024 $d
C:\Users\LARM\AppData\Local\Temp\ccVcvAXR.s:149    .text.BitIoLdd5_PutVal:00000000 $t
C:\Users\LARM\AppData\Local\Temp\ccVcvAXR.s:154    .text.BitIoLdd5_PutVal:00000000 BitIoLdd5_PutVal
C:\Users\LARM\AppData\Local\Temp\ccVcvAXR.s:197    .text.BitIoLdd5_PutVal:0000002c $d
C:\Users\LARM\AppData\Local\Temp\ccVcvAXR.s:202    .text.BitIoLdd5_ClrVal:00000000 $t
C:\Users\LARM\AppData\Local\Temp\ccVcvAXR.s:207    .text.BitIoLdd5_ClrVal:00000000 BitIoLdd5_ClrVal
C:\Users\LARM\AppData\Local\Temp\ccVcvAXR.s:235    .text.BitIoLdd5_ClrVal:00000014 $d
C:\Users\LARM\AppData\Local\Temp\ccVcvAXR.s:240    .text.BitIoLdd5_SetVal:00000000 $t
C:\Users\LARM\AppData\Local\Temp\ccVcvAXR.s:245    .text.BitIoLdd5_SetVal:00000000 BitIoLdd5_SetVal
C:\Users\LARM\AppData\Local\Temp\ccVcvAXR.s:273    .text.BitIoLdd5_SetVal:00000014 $d
C:\Users\LARM\AppData\Local\Temp\ccVcvAXR.s:278    .text.BitIoLdd5_NegVal:00000000 $t
C:\Users\LARM\AppData\Local\Temp\ccVcvAXR.s:283    .text.BitIoLdd5_NegVal:00000000 BitIoLdd5_NegVal
C:\Users\LARM\AppData\Local\Temp\ccVcvAXR.s:311    .text.BitIoLdd5_NegVal:00000014 $d
                     .debug_frame:00000010 $d

UNDEFINED SYMBOLS
PE_LDD_DeviceDataList
