   1              		.cpu cortex-m0
   2              		.fpu softvfp
   3              		.eabi_attribute 20, 1
   4              		.eabi_attribute 21, 1
   5              		.eabi_attribute 23, 3
   6              		.eabi_attribute 24, 1
   7              		.eabi_attribute 25, 1
   8              		.eabi_attribute 26, 1
   9              		.eabi_attribute 30, 6
  10              		.eabi_attribute 34, 0
  11              		.eabi_attribute 18, 4
  12              		.code	16
  13              		.file	"BitIoLdd7.c"
  14              		.text
  15              	.Ltext0:
  16              		.cfi_sections	.debug_frame
  17              		.section	.bss.DeviceDataPrv__DEFAULT_RTOS_ALLOC,"aw",%nobits
  18              		.align	2
  21              	DeviceDataPrv__DEFAULT_RTOS_ALLOC:
  22 0000 00000000 		.space	4
  23              		.section	.text.BitIoLdd7_Init,"ax",%progbits
  24              		.align	2
  25              		.global	BitIoLdd7_Init
  26              		.code	16
  27              		.thumb_func
  29              	BitIoLdd7_Init:
  30              	.LFB0:
  31              		.file 1 "../Generated_Code/BitIoLdd7.c"
   1:../Generated_Code/BitIoLdd7.c **** /** ###################################################################
   2:../Generated_Code/BitIoLdd7.c **** **     THIS COMPONENT MODULE IS GENERATED BY THE TOOL. DO NOT MODIFY IT.
   3:../Generated_Code/BitIoLdd7.c **** **     Filename    : BitIoLdd7.c
   4:../Generated_Code/BitIoLdd7.c **** **     Project     : ProcessorExpert
   5:../Generated_Code/BitIoLdd7.c **** **     Processor   : MKL25Z128VLK4
   6:../Generated_Code/BitIoLdd7.c **** **     Component   : BitIO_LDD
   7:../Generated_Code/BitIoLdd7.c **** **     Version     : Component 01.031, Driver 01.00, CPU db: 3.00.000
   8:../Generated_Code/BitIoLdd7.c **** **     Compiler    : GNU C Compiler
   9:../Generated_Code/BitIoLdd7.c **** **     Date/Time   : 2013-09-09, 14:34, # CodeGen: 47
  10:../Generated_Code/BitIoLdd7.c **** **     Abstract    :
  11:../Generated_Code/BitIoLdd7.c **** **         The HAL BitIO component provides a low level API for unified
  12:../Generated_Code/BitIoLdd7.c **** **         access to general purpose digital input/output pins across
  13:../Generated_Code/BitIoLdd7.c **** **         various device designs.
  14:../Generated_Code/BitIoLdd7.c **** **
  15:../Generated_Code/BitIoLdd7.c **** **         RTOS drivers using HAL BitIO API are simpler and more
  16:../Generated_Code/BitIoLdd7.c **** **         portable to various microprocessors.
  17:../Generated_Code/BitIoLdd7.c **** **     Settings    :
  18:../Generated_Code/BitIoLdd7.c **** **          Component name                                 : BitIoLdd7
  19:../Generated_Code/BitIoLdd7.c **** **          Pin for I/O                                    : PTE0/UART1_TX/RTC_CLKOUT/CMP0_OUT/I2C1
  20:../Generated_Code/BitIoLdd7.c **** **          Pin signal                                     : 
  21:../Generated_Code/BitIoLdd7.c **** **          Direction                                      : Input/Output
  22:../Generated_Code/BitIoLdd7.c **** **          Initialization                                 : 
  23:../Generated_Code/BitIoLdd7.c **** **            Init. direction                              : Output
  24:../Generated_Code/BitIoLdd7.c **** **            Init. value                                  : 0
  25:../Generated_Code/BitIoLdd7.c **** **            Auto Initialization                          : yes
  26:../Generated_Code/BitIoLdd7.c **** **          Safe mode                                      : yes
  27:../Generated_Code/BitIoLdd7.c **** **     Contents    :
  28:../Generated_Code/BitIoLdd7.c **** **         Init   - LDD_TDeviceData* BitIoLdd7_Init(LDD_TUserData *UserDataPtr);
  29:../Generated_Code/BitIoLdd7.c **** **         SetDir - void BitIoLdd7_SetDir(LDD_TDeviceData *DeviceDataPtr, bool Dir);
  30:../Generated_Code/BitIoLdd7.c **** **         GetVal - bool BitIoLdd7_GetVal(LDD_TDeviceData *DeviceDataPtr);
  31:../Generated_Code/BitIoLdd7.c **** **         PutVal - void BitIoLdd7_PutVal(LDD_TDeviceData *DeviceDataPtr, bool Val);
  32:../Generated_Code/BitIoLdd7.c **** **         ClrVal - void BitIoLdd7_ClrVal(LDD_TDeviceData *DeviceDataPtr);
  33:../Generated_Code/BitIoLdd7.c **** **         SetVal - void BitIoLdd7_SetVal(LDD_TDeviceData *DeviceDataPtr);
  34:../Generated_Code/BitIoLdd7.c **** **
  35:../Generated_Code/BitIoLdd7.c **** **     Copyright : 1997 - 2012 Freescale, Inc. All Rights Reserved.
  36:../Generated_Code/BitIoLdd7.c **** **     
  37:../Generated_Code/BitIoLdd7.c **** **     http      : www.freescale.com
  38:../Generated_Code/BitIoLdd7.c **** **     mail      : support@freescale.com
  39:../Generated_Code/BitIoLdd7.c **** ** ###################################################################*/
  40:../Generated_Code/BitIoLdd7.c **** 
  41:../Generated_Code/BitIoLdd7.c **** /* MODULE BitIoLdd7. */
  42:../Generated_Code/BitIoLdd7.c **** 
  43:../Generated_Code/BitIoLdd7.c **** #include "BitIoLdd7.h"
  44:../Generated_Code/BitIoLdd7.c **** 
  45:../Generated_Code/BitIoLdd7.c **** typedef struct {
  46:../Generated_Code/BitIoLdd7.c ****   LDD_TUserData *UserDataPtr;          /* Pointer to user data */
  47:../Generated_Code/BitIoLdd7.c **** } BitIoLdd7_TDeviceData;               /* Device data structure type */
  48:../Generated_Code/BitIoLdd7.c **** 
  49:../Generated_Code/BitIoLdd7.c **** typedef BitIoLdd7_TDeviceData *BitIoLdd7_TDeviceDataPtr ; /* Pointer to the device data structure. 
  50:../Generated_Code/BitIoLdd7.c **** 
  51:../Generated_Code/BitIoLdd7.c **** /* {MQXLite RTOS Adapter} Static object used for simulation of dynamic driver memory allocation */
  52:../Generated_Code/BitIoLdd7.c **** static BitIoLdd7_TDeviceData DeviceDataPrv__DEFAULT_RTOS_ALLOC;
  53:../Generated_Code/BitIoLdd7.c **** /*
  54:../Generated_Code/BitIoLdd7.c **** ** ===================================================================
  55:../Generated_Code/BitIoLdd7.c **** **     Method      :  BitIoLdd7_Init (component BitIO_LDD)
  56:../Generated_Code/BitIoLdd7.c **** **
  57:../Generated_Code/BitIoLdd7.c **** **     Description :
  58:../Generated_Code/BitIoLdd7.c **** **         Initializes the device. Allocates memory for the device data
  59:../Generated_Code/BitIoLdd7.c **** **         structure, allocates interrupt vectors and sets interrupt
  60:../Generated_Code/BitIoLdd7.c **** **         priority, sets pin routing, sets timing, etc. If the "Enable
  61:../Generated_Code/BitIoLdd7.c **** **         in init. code" is set to "yes" value then the device is also
  62:../Generated_Code/BitIoLdd7.c **** **         enabled(see the description of the Enable() method). In this
  63:../Generated_Code/BitIoLdd7.c **** **         case the Enable() method is not necessary and needn't to be
  64:../Generated_Code/BitIoLdd7.c **** **         generated. 
  65:../Generated_Code/BitIoLdd7.c **** **     Parameters  :
  66:../Generated_Code/BitIoLdd7.c **** **         NAME            - DESCRIPTION
  67:../Generated_Code/BitIoLdd7.c **** **       * UserDataPtr     - Pointer to the user or
  68:../Generated_Code/BitIoLdd7.c **** **                           RTOS specific data. This pointer will be
  69:../Generated_Code/BitIoLdd7.c **** **                           passed as an event or callback parameter.
  70:../Generated_Code/BitIoLdd7.c **** **     Returns     :
  71:../Generated_Code/BitIoLdd7.c **** **         ---             - Pointer to the dynamically allocated
  72:../Generated_Code/BitIoLdd7.c **** **                           private structure or NULL if there was an
  73:../Generated_Code/BitIoLdd7.c **** **                           error.
  74:../Generated_Code/BitIoLdd7.c **** ** ===================================================================
  75:../Generated_Code/BitIoLdd7.c **** */
  76:../Generated_Code/BitIoLdd7.c **** LDD_TDeviceData* BitIoLdd7_Init(LDD_TUserData *UserDataPtr)
  77:../Generated_Code/BitIoLdd7.c **** {
  32              		.loc 1 77 0
  33              		.cfi_startproc
  34 0000 80B5     		push	{r7, lr}
  35              	.LCFI0:
  36              		.cfi_def_cfa_offset 8
  37              		.cfi_offset 7, -8
  38              		.cfi_offset 14, -4
  39 0002 84B0     		sub	sp, sp, #16
  40              	.LCFI1:
  41              		.cfi_def_cfa_offset 24
  42 0004 00AF     		add	r7, sp, #0
  43              	.LCFI2:
  44              		.cfi_def_cfa_register 7
  45 0006 7860     		str	r0, [r7, #4]
  78:../Generated_Code/BitIoLdd7.c ****   /* Allocate device structure */
  79:../Generated_Code/BitIoLdd7.c ****   BitIoLdd7_TDeviceDataPtr DeviceDataPrv;
  80:../Generated_Code/BitIoLdd7.c ****   /* {MQXLite RTOS Adapter} Driver memory allocation: Dynamic allocation is simulated by a pointer 
  81:../Generated_Code/BitIoLdd7.c ****   DeviceDataPrv = &DeviceDataPrv__DEFAULT_RTOS_ALLOC;
  46              		.loc 1 81 0
  47 0008 114B     		ldr	r3, .L2
  48 000a FB60     		str	r3, [r7, #12]
  82:../Generated_Code/BitIoLdd7.c **** 
  83:../Generated_Code/BitIoLdd7.c ****   DeviceDataPrv->UserDataPtr = UserDataPtr; /* Store the RTOS device structure */
  49              		.loc 1 83 0
  50 000c FB68     		ldr	r3, [r7, #12]
  51 000e 7A68     		ldr	r2, [r7, #4]
  52 0010 1A60     		str	r2, [r3]
  84:../Generated_Code/BitIoLdd7.c **** 
  85:../Generated_Code/BitIoLdd7.c ****   /* Configure pin as output */
  86:../Generated_Code/BitIoLdd7.c ****   /* GPIOE_PDDR: PDD|=1 */
  87:../Generated_Code/BitIoLdd7.c ****   GPIOE_PDDR |= GPIO_PDDR_PDD(0x01);                                                   
  53              		.loc 1 87 0
  54 0012 104B     		ldr	r3, .L2+4
  55 0014 0F4A     		ldr	r2, .L2+4
  56 0016 5269     		ldr	r2, [r2, #20]
  57 0018 0121     		mov	r1, #1
  58 001a 0A43     		orr	r2, r1
  59 001c 5A61     		str	r2, [r3, #20]
  88:../Generated_Code/BitIoLdd7.c **** 
  89:../Generated_Code/BitIoLdd7.c ****   /* Set initialization value */
  90:../Generated_Code/BitIoLdd7.c ****   /* GPIOE_PDOR: PDO&=~1 */
  91:../Generated_Code/BitIoLdd7.c ****   GPIOE_PDOR &= (uint32_t)~(uint32_t)(GPIO_PDOR_PDO(0x01));                                        
  60              		.loc 1 91 0
  61 001e 0D4B     		ldr	r3, .L2+4
  62 0020 0C4A     		ldr	r2, .L2+4
  63 0022 1268     		ldr	r2, [r2]
  64 0024 0121     		mov	r1, #1
  65 0026 8A43     		bic	r2, r1
  66 0028 1A60     		str	r2, [r3]
  92:../Generated_Code/BitIoLdd7.c **** 
  93:../Generated_Code/BitIoLdd7.c ****   /* Initialization of Port Control register */
  94:../Generated_Code/BitIoLdd7.c ****   /* PORTE_PCR0: ISF=0,MUX=1 */
  95:../Generated_Code/BitIoLdd7.c ****   PORTE_PCR0 = (uint32_t)((PORTE_PCR0 & (uint32_t)~(uint32_t)(
  67              		.loc 1 95 0
  68 002a 0B4B     		ldr	r3, .L2+8
  69 002c 0A4A     		ldr	r2, .L2+8
  70 002e 1268     		ldr	r2, [r2]
  71 0030 111C     		mov	r1, r2
  72 0032 0A4A     		ldr	r2, .L2+12
  73 0034 0A40     		and	r2, r1
  74 0036 8021     		mov	r1, #128
  75 0038 4900     		lsl	r1, r1, #1
  76 003a 0A43     		orr	r2, r1
  77 003c 1A60     		str	r2, [r3]
  96:../Generated_Code/BitIoLdd7.c ****                 PORT_PCR_ISF_MASK |
  97:../Generated_Code/BitIoLdd7.c ****                 PORT_PCR_MUX(0x06)
  98:../Generated_Code/BitIoLdd7.c ****                )) | (uint32_t)(
  99:../Generated_Code/BitIoLdd7.c ****                 PORT_PCR_MUX(0x01)
 100:../Generated_Code/BitIoLdd7.c ****                ));                                                  
 101:../Generated_Code/BitIoLdd7.c ****   /* Registration of the device structure */
 102:../Generated_Code/BitIoLdd7.c ****   PE_LDD_RegisterDeviceStructure(PE_LDD_COMPONENT_BitIoLdd7_ID,DeviceDataPrv);
  78              		.loc 1 102 0
  79 003e 084B     		ldr	r3, .L2+16
  80 0040 FA68     		ldr	r2, [r7, #12]
  81 0042 5A63     		str	r2, [r3, #52]
 103:../Generated_Code/BitIoLdd7.c ****   return ((LDD_TDeviceData *)DeviceDataPrv);
  82              		.loc 1 103 0
  83 0044 FB68     		ldr	r3, [r7, #12]
 104:../Generated_Code/BitIoLdd7.c **** }
  84              		.loc 1 104 0
  85 0046 181C     		mov	r0, r3
  86 0048 BD46     		mov	sp, r7
  87 004a 04B0     		add	sp, sp, #16
  88              		@ sp needed for prologue
  89 004c 80BD     		pop	{r7, pc}
  90              	.L3:
  91 004e C046     		.align	2
  92              	.L2:
  93 0050 00000000 		.word	DeviceDataPrv__DEFAULT_RTOS_ALLOC
  94 0054 00F10F40 		.word	1074786560
  95 0058 00D00440 		.word	1074057216
  96 005c FFF8FFFE 		.word	-16779009
  97 0060 00000000 		.word	PE_LDD_DeviceDataList
  98              		.cfi_endproc
  99              	.LFE0:
 101              		.section	.text.BitIoLdd7_SetDir,"ax",%progbits
 102              		.align	2
 103              		.global	BitIoLdd7_SetDir
 104              		.code	16
 105              		.thumb_func
 107              	BitIoLdd7_SetDir:
 108              	.LFB1:
 105:../Generated_Code/BitIoLdd7.c **** /*
 106:../Generated_Code/BitIoLdd7.c **** ** ===================================================================
 107:../Generated_Code/BitIoLdd7.c **** **     Method      :  BitIoLdd7_SetDir (component BitIO_LDD)
 108:../Generated_Code/BitIoLdd7.c **** **
 109:../Generated_Code/BitIoLdd7.c **** **     Description :
 110:../Generated_Code/BitIoLdd7.c **** **         Sets a pin direction (available only if the direction =
 111:../Generated_Code/BitIoLdd7.c **** **         _[input/output]_).
 112:../Generated_Code/BitIoLdd7.c **** **     Parameters  :
 113:../Generated_Code/BitIoLdd7.c **** **         NAME            - DESCRIPTION
 114:../Generated_Code/BitIoLdd7.c **** **       * DeviceDataPtr   - Device data structure
 115:../Generated_Code/BitIoLdd7.c **** **                           pointer returned by <Init> method.
 116:../Generated_Code/BitIoLdd7.c **** **         Dir             - Direction to set. Possible values:
 117:../Generated_Code/BitIoLdd7.c **** **                           <false> - Input
 118:../Generated_Code/BitIoLdd7.c **** **                           <true> - Output
 119:../Generated_Code/BitIoLdd7.c **** **     Returns     : Nothing
 120:../Generated_Code/BitIoLdd7.c **** ** ===================================================================
 121:../Generated_Code/BitIoLdd7.c **** */
 122:../Generated_Code/BitIoLdd7.c **** void BitIoLdd7_SetDir(LDD_TDeviceData *DeviceDataPtr, bool Dir)
 123:../Generated_Code/BitIoLdd7.c **** {
 109              		.loc 1 123 0
 110              		.cfi_startproc
 111 0000 80B5     		push	{r7, lr}
 112              	.LCFI3:
 113              		.cfi_def_cfa_offset 8
 114              		.cfi_offset 7, -8
 115              		.cfi_offset 14, -4
 116 0002 82B0     		sub	sp, sp, #8
 117              	.LCFI4:
 118              		.cfi_def_cfa_offset 16
 119 0004 00AF     		add	r7, sp, #0
 120              	.LCFI5:
 121              		.cfi_def_cfa_register 7
 122 0006 7860     		str	r0, [r7, #4]
 123 0008 0A1C     		mov	r2, r1
 124 000a FB1C     		add	r3, r7, #3
 125 000c 1A70     		strb	r2, [r3]
 124:../Generated_Code/BitIoLdd7.c ****   (void)DeviceDataPtr;                 /* Parameter is not used, suppress unused argument warning *
 125:../Generated_Code/BitIoLdd7.c **** 
 126:../Generated_Code/BitIoLdd7.c ****   if (Dir) {
 126              		.loc 1 126 0
 127 000e FB1C     		add	r3, r7, #3
 128 0010 1B78     		ldrb	r3, [r3]
 129 0012 002B     		cmp	r3, #0
 130 0014 06D0     		beq	.L5
 127:../Generated_Code/BitIoLdd7.c ****     /* Output */
 128:../Generated_Code/BitIoLdd7.c ****     GPIO_PDD_SetPortOutputDirectionMask(BitIoLdd7_MODULE_BASE_ADDRESS, BitIoLdd7_PORT_MASK);
 131              		.loc 1 128 0
 132 0016 084B     		ldr	r3, .L7
 133 0018 074A     		ldr	r2, .L7
 134 001a 5269     		ldr	r2, [r2, #20]
 135 001c 0121     		mov	r1, #1
 136 001e 0A43     		orr	r2, r1
 137 0020 5A61     		str	r2, [r3, #20]
 138 0022 05E0     		b	.L4
 139              	.L5:
 129:../Generated_Code/BitIoLdd7.c ****   } else {
 130:../Generated_Code/BitIoLdd7.c ****     /* Input */
 131:../Generated_Code/BitIoLdd7.c ****     GPIO_PDD_SetPortInputDirectionMask(BitIoLdd7_MODULE_BASE_ADDRESS, BitIoLdd7_PORT_MASK);
 140              		.loc 1 131 0
 141 0024 044B     		ldr	r3, .L7
 142 0026 044A     		ldr	r2, .L7
 143 0028 5269     		ldr	r2, [r2, #20]
 144 002a 0121     		mov	r1, #1
 145 002c 8A43     		bic	r2, r1
 146 002e 5A61     		str	r2, [r3, #20]
 147              	.L4:
 132:../Generated_Code/BitIoLdd7.c ****   }
 133:../Generated_Code/BitIoLdd7.c **** }
 148              		.loc 1 133 0
 149 0030 BD46     		mov	sp, r7
 150 0032 02B0     		add	sp, sp, #8
 151              		@ sp needed for prologue
 152 0034 80BD     		pop	{r7, pc}
 153              	.L8:
 154 0036 C046     		.align	2
 155              	.L7:
 156 0038 00F10FF8 		.word	-133172992
 157              		.cfi_endproc
 158              	.LFE1:
 160              		.section	.text.BitIoLdd7_GetVal,"ax",%progbits
 161              		.align	2
 162              		.global	BitIoLdd7_GetVal
 163              		.code	16
 164              		.thumb_func
 166              	BitIoLdd7_GetVal:
 167              	.LFB2:
 134:../Generated_Code/BitIoLdd7.c **** 
 135:../Generated_Code/BitIoLdd7.c **** /*
 136:../Generated_Code/BitIoLdd7.c **** ** ===================================================================
 137:../Generated_Code/BitIoLdd7.c **** **     Method      :  BitIoLdd7_GetVal (component BitIO_LDD)
 138:../Generated_Code/BitIoLdd7.c **** **
 139:../Generated_Code/BitIoLdd7.c **** **     Description :
 140:../Generated_Code/BitIoLdd7.c **** **         Returns the input/output value. If the direction is [input]
 141:../Generated_Code/BitIoLdd7.c **** **         then the input value of the pin is read and returned. If the
 142:../Generated_Code/BitIoLdd7.c **** **         direction is [output] then the last written value is read
 143:../Generated_Code/BitIoLdd7.c **** **         and returned (see <Safe mode> property for limitations).
 144:../Generated_Code/BitIoLdd7.c **** **         This method cannot be disabled if direction is [input].
 145:../Generated_Code/BitIoLdd7.c **** **     Parameters  :
 146:../Generated_Code/BitIoLdd7.c **** **         NAME            - DESCRIPTION
 147:../Generated_Code/BitIoLdd7.c **** **       * DeviceDataPtr   - Device data structure
 148:../Generated_Code/BitIoLdd7.c **** **                           pointer returned by <Init> method.
 149:../Generated_Code/BitIoLdd7.c **** **     Returns     :
 150:../Generated_Code/BitIoLdd7.c **** **         ---             - Input or output value. Possible values:
 151:../Generated_Code/BitIoLdd7.c **** **                           <false> - logical "0" (Low level)
 152:../Generated_Code/BitIoLdd7.c **** **                           <true> - logical "1" (High level)
 153:../Generated_Code/BitIoLdd7.c **** ** ===================================================================
 154:../Generated_Code/BitIoLdd7.c **** */
 155:../Generated_Code/BitIoLdd7.c **** bool BitIoLdd7_GetVal(LDD_TDeviceData *DeviceDataPtr)
 156:../Generated_Code/BitIoLdd7.c **** {
 168              		.loc 1 156 0
 169              		.cfi_startproc
 170 0000 80B5     		push	{r7, lr}
 171              	.LCFI6:
 172              		.cfi_def_cfa_offset 8
 173              		.cfi_offset 7, -8
 174              		.cfi_offset 14, -4
 175 0002 84B0     		sub	sp, sp, #16
 176              	.LCFI7:
 177              		.cfi_def_cfa_offset 24
 178 0004 00AF     		add	r7, sp, #0
 179              	.LCFI8:
 180              		.cfi_def_cfa_register 7
 181 0006 7860     		str	r0, [r7, #4]
 157:../Generated_Code/BitIoLdd7.c ****   uint32_t portData;                   /* Port data masked according to the bit used */
 158:../Generated_Code/BitIoLdd7.c **** 
 159:../Generated_Code/BitIoLdd7.c ****   (void)DeviceDataPtr;                 /* Parameter is not used, suppress unused argument warning *
 160:../Generated_Code/BitIoLdd7.c **** 
 161:../Generated_Code/BitIoLdd7.c ****   if ((GPIO_PDD_GetPortDirection(BitIoLdd7_MODULE_BASE_ADDRESS) & BitIoLdd7_PORT_MASK) == 0U) {
 182              		.loc 1 161 0
 183 0008 0D4B     		ldr	r3, .L12
 184 000a 5B69     		ldr	r3, [r3, #20]
 185 000c 1A1C     		mov	r2, r3
 186 000e 0123     		mov	r3, #1
 187 0010 1340     		and	r3, r2
 188 0012 06D1     		bne	.L10
 162:../Generated_Code/BitIoLdd7.c ****     /* port is configured as input */
 163:../Generated_Code/BitIoLdd7.c ****     portData = GPIO_PDD_GetPortDataInput(BitIoLdd7_MODULE_BASE_ADDRESS) & BitIoLdd7_PORT_MASK;
 189              		.loc 1 163 0
 190 0014 0A4B     		ldr	r3, .L12
 191 0016 1B69     		ldr	r3, [r3, #16]
 192 0018 1A1C     		mov	r2, r3
 193 001a 0123     		mov	r3, #1
 194 001c 1340     		and	r3, r2
 195 001e FB60     		str	r3, [r7, #12]
 196 0020 05E0     		b	.L11
 197              	.L10:
 164:../Generated_Code/BitIoLdd7.c ****   } else {
 165:../Generated_Code/BitIoLdd7.c ****     /* port is configured as output */
 166:../Generated_Code/BitIoLdd7.c ****     portData = GPIO_PDD_GetPortDataOutput(BitIoLdd7_MODULE_BASE_ADDRESS) & BitIoLdd7_PORT_MASK;
 198              		.loc 1 166 0
 199 0022 074B     		ldr	r3, .L12
 200 0024 1B68     		ldr	r3, [r3]
 201 0026 1A1C     		mov	r2, r3
 202 0028 0123     		mov	r3, #1
 203 002a 1340     		and	r3, r2
 204 002c FB60     		str	r3, [r7, #12]
 205              	.L11:
 167:../Generated_Code/BitIoLdd7.c ****   }
 168:../Generated_Code/BitIoLdd7.c **** 
 169:../Generated_Code/BitIoLdd7.c ****   return (portData != 0U) ? (bool)TRUE : (bool)FALSE;
 206              		.loc 1 169 0
 207 002e FB68     		ldr	r3, [r7, #12]
 208 0030 5A1E     		sub	r2, r3, #1
 209 0032 9341     		sbc	r3, r3, r2
 210 0034 DBB2     		uxtb	r3, r3
 170:../Generated_Code/BitIoLdd7.c **** }
 211              		.loc 1 170 0
 212 0036 181C     		mov	r0, r3
 213 0038 BD46     		mov	sp, r7
 214 003a 04B0     		add	sp, sp, #16
 215              		@ sp needed for prologue
 216 003c 80BD     		pop	{r7, pc}
 217              	.L13:
 218 003e C046     		.align	2
 219              	.L12:
 220 0040 00F10FF8 		.word	-133172992
 221              		.cfi_endproc
 222              	.LFE2:
 224              		.section	.text.BitIoLdd7_PutVal,"ax",%progbits
 225              		.align	2
 226              		.global	BitIoLdd7_PutVal
 227              		.code	16
 228              		.thumb_func
 230              	BitIoLdd7_PutVal:
 231              	.LFB3:
 171:../Generated_Code/BitIoLdd7.c **** 
 172:../Generated_Code/BitIoLdd7.c **** /*
 173:../Generated_Code/BitIoLdd7.c **** ** ===================================================================
 174:../Generated_Code/BitIoLdd7.c **** **     Method      :  BitIoLdd7_PutVal (component BitIO_LDD)
 175:../Generated_Code/BitIoLdd7.c **** **
 176:../Generated_Code/BitIoLdd7.c **** **     Description :
 177:../Generated_Code/BitIoLdd7.c **** **         The specified output value is set. If the direction is <b>
 178:../Generated_Code/BitIoLdd7.c **** **         input</b>, the component saves the value to a memory or a
 179:../Generated_Code/BitIoLdd7.c **** **         register and this value will be written to the pin after
 180:../Generated_Code/BitIoLdd7.c **** **         switching to the output mode (using <tt>SetDir(TRUE)</tt>;
 181:../Generated_Code/BitIoLdd7.c **** **         see <a href="BitIOProperties.html#SafeMode">Safe mode</a>
 182:../Generated_Code/BitIoLdd7.c **** **         property for limitations). If the direction is <b>output</b>,
 183:../Generated_Code/BitIoLdd7.c **** **         it writes the value to the pin. (Method is available only if
 184:../Generated_Code/BitIoLdd7.c **** **         the direction = <u><tt>output</tt></u> or <u><tt>
 185:../Generated_Code/BitIoLdd7.c **** **         input/output</tt></u>).
 186:../Generated_Code/BitIoLdd7.c **** **     Parameters  :
 187:../Generated_Code/BitIoLdd7.c **** **         NAME            - DESCRIPTION
 188:../Generated_Code/BitIoLdd7.c **** **       * DeviceDataPtr   - Device data structure
 189:../Generated_Code/BitIoLdd7.c **** **                           pointer returned by <Init> method.
 190:../Generated_Code/BitIoLdd7.c **** **         Val             - Output value. Possible values:
 191:../Generated_Code/BitIoLdd7.c **** **                           <false> - logical "0" (Low level)
 192:../Generated_Code/BitIoLdd7.c **** **                           <true> - logical "1" (High level)
 193:../Generated_Code/BitIoLdd7.c **** **     Returns     : Nothing
 194:../Generated_Code/BitIoLdd7.c **** ** ===================================================================
 195:../Generated_Code/BitIoLdd7.c **** */
 196:../Generated_Code/BitIoLdd7.c **** void BitIoLdd7_PutVal(LDD_TDeviceData *DeviceDataPtr, bool Val)
 197:../Generated_Code/BitIoLdd7.c **** {
 232              		.loc 1 197 0
 233              		.cfi_startproc
 234 0000 80B5     		push	{r7, lr}
 235              	.LCFI9:
 236              		.cfi_def_cfa_offset 8
 237              		.cfi_offset 7, -8
 238              		.cfi_offset 14, -4
 239 0002 82B0     		sub	sp, sp, #8
 240              	.LCFI10:
 241              		.cfi_def_cfa_offset 16
 242 0004 00AF     		add	r7, sp, #0
 243              	.LCFI11:
 244              		.cfi_def_cfa_register 7
 245 0006 7860     		str	r0, [r7, #4]
 246 0008 0A1C     		mov	r2, r1
 247 000a FB1C     		add	r3, r7, #3
 248 000c 1A70     		strb	r2, [r3]
 198:../Generated_Code/BitIoLdd7.c ****   (void)DeviceDataPtr;                 /* Parameter is not used, suppress unused argument warning *
 199:../Generated_Code/BitIoLdd7.c **** 
 200:../Generated_Code/BitIoLdd7.c ****   if (Val) {
 249              		.loc 1 200 0
 250 000e FB1C     		add	r3, r7, #3
 251 0010 1B78     		ldrb	r3, [r3]
 252 0012 002B     		cmp	r3, #0
 253 0014 03D0     		beq	.L15
 201:../Generated_Code/BitIoLdd7.c ****     GPIO_PDD_SetPortDataOutputMask(BitIoLdd7_MODULE_BASE_ADDRESS, BitIoLdd7_PORT_MASK);
 254              		.loc 1 201 0
 255 0016 054B     		ldr	r3, .L17
 256 0018 0122     		mov	r2, #1
 257 001a 5A60     		str	r2, [r3, #4]
 258 001c 02E0     		b	.L14
 259              	.L15:
 202:../Generated_Code/BitIoLdd7.c ****   } else { /* !Val */
 203:../Generated_Code/BitIoLdd7.c ****     GPIO_PDD_ClearPortDataOutputMask(BitIoLdd7_MODULE_BASE_ADDRESS, BitIoLdd7_PORT_MASK);
 260              		.loc 1 203 0
 261 001e 034B     		ldr	r3, .L17
 262 0020 0122     		mov	r2, #1
 263 0022 9A60     		str	r2, [r3, #8]
 264              	.L14:
 204:../Generated_Code/BitIoLdd7.c ****   } /* !Val */
 205:../Generated_Code/BitIoLdd7.c **** }
 265              		.loc 1 205 0
 266 0024 BD46     		mov	sp, r7
 267 0026 02B0     		add	sp, sp, #8
 268              		@ sp needed for prologue
 269 0028 80BD     		pop	{r7, pc}
 270              	.L18:
 271 002a C046     		.align	2
 272              	.L17:
 273 002c 00F10FF8 		.word	-133172992
 274              		.cfi_endproc
 275              	.LFE3:
 277              		.section	.text.BitIoLdd7_ClrVal,"ax",%progbits
 278              		.align	2
 279              		.global	BitIoLdd7_ClrVal
 280              		.code	16
 281              		.thumb_func
 283              	BitIoLdd7_ClrVal:
 284              	.LFB4:
 206:../Generated_Code/BitIoLdd7.c **** 
 207:../Generated_Code/BitIoLdd7.c **** /*
 208:../Generated_Code/BitIoLdd7.c **** ** ===================================================================
 209:../Generated_Code/BitIoLdd7.c **** **     Method      :  BitIoLdd7_ClrVal (component BitIO_LDD)
 210:../Generated_Code/BitIoLdd7.c **** **
 211:../Generated_Code/BitIoLdd7.c **** **     Description :
 212:../Generated_Code/BitIoLdd7.c **** **         Clears (set to zero) the output value. It is equivalent to
 213:../Generated_Code/BitIoLdd7.c **** **         the [PutVal(FALSE)]. This method is available only if the
 214:../Generated_Code/BitIoLdd7.c **** **         direction = _[output]_ or _[input/output]_.
 215:../Generated_Code/BitIoLdd7.c **** **     Parameters  :
 216:../Generated_Code/BitIoLdd7.c **** **         NAME            - DESCRIPTION
 217:../Generated_Code/BitIoLdd7.c **** **       * DeviceDataPtr   - Pointer to device data
 218:../Generated_Code/BitIoLdd7.c **** **                           structure returned by <Init> method.
 219:../Generated_Code/BitIoLdd7.c **** **     Returns     : Nothing
 220:../Generated_Code/BitIoLdd7.c **** ** ===================================================================
 221:../Generated_Code/BitIoLdd7.c **** */
 222:../Generated_Code/BitIoLdd7.c **** void BitIoLdd7_ClrVal(LDD_TDeviceData *DeviceDataPtr)
 223:../Generated_Code/BitIoLdd7.c **** {
 285              		.loc 1 223 0
 286              		.cfi_startproc
 287 0000 80B5     		push	{r7, lr}
 288              	.LCFI12:
 289              		.cfi_def_cfa_offset 8
 290              		.cfi_offset 7, -8
 291              		.cfi_offset 14, -4
 292 0002 82B0     		sub	sp, sp, #8
 293              	.LCFI13:
 294              		.cfi_def_cfa_offset 16
 295 0004 00AF     		add	r7, sp, #0
 296              	.LCFI14:
 297              		.cfi_def_cfa_register 7
 298 0006 7860     		str	r0, [r7, #4]
 224:../Generated_Code/BitIoLdd7.c ****   (void)DeviceDataPtr;                 /* Parameter is not used, suppress unused argument warning *
 225:../Generated_Code/BitIoLdd7.c **** 
 226:../Generated_Code/BitIoLdd7.c ****   GPIO_PDD_ClearPortDataOutputMask(BitIoLdd7_MODULE_BASE_ADDRESS, BitIoLdd7_PORT_MASK);
 299              		.loc 1 226 0
 300 0008 024B     		ldr	r3, .L20
 301 000a 0122     		mov	r2, #1
 302 000c 9A60     		str	r2, [r3, #8]
 227:../Generated_Code/BitIoLdd7.c **** }
 303              		.loc 1 227 0
 304 000e BD46     		mov	sp, r7
 305 0010 02B0     		add	sp, sp, #8
 306              		@ sp needed for prologue
 307 0012 80BD     		pop	{r7, pc}
 308              	.L21:
 309              		.align	2
 310              	.L20:
 311 0014 00F10FF8 		.word	-133172992
 312              		.cfi_endproc
 313              	.LFE4:
 315              		.section	.text.BitIoLdd7_SetVal,"ax",%progbits
 316              		.align	2
 317              		.global	BitIoLdd7_SetVal
 318              		.code	16
 319              		.thumb_func
 321              	BitIoLdd7_SetVal:
 322              	.LFB5:
 228:../Generated_Code/BitIoLdd7.c **** 
 229:../Generated_Code/BitIoLdd7.c **** /*
 230:../Generated_Code/BitIoLdd7.c **** ** ===================================================================
 231:../Generated_Code/BitIoLdd7.c **** **     Method      :  BitIoLdd7_SetVal (component BitIO_LDD)
 232:../Generated_Code/BitIoLdd7.c **** **
 233:../Generated_Code/BitIoLdd7.c **** **     Description :
 234:../Generated_Code/BitIoLdd7.c **** **         Sets (to one) the output value. It is equivalent to the
 235:../Generated_Code/BitIoLdd7.c **** **         [PutVal(TRUE)]. This method is available only if the
 236:../Generated_Code/BitIoLdd7.c **** **         direction = _[output]_ or _[input/output]_.
 237:../Generated_Code/BitIoLdd7.c **** **     Parameters  :
 238:../Generated_Code/BitIoLdd7.c **** **         NAME            - DESCRIPTION
 239:../Generated_Code/BitIoLdd7.c **** **       * DeviceDataPtr   - Pointer to device data
 240:../Generated_Code/BitIoLdd7.c **** **                           structure returned by <Init> method.
 241:../Generated_Code/BitIoLdd7.c **** **     Returns     : Nothing
 242:../Generated_Code/BitIoLdd7.c **** ** ===================================================================
 243:../Generated_Code/BitIoLdd7.c **** */
 244:../Generated_Code/BitIoLdd7.c **** void BitIoLdd7_SetVal(LDD_TDeviceData *DeviceDataPtr)
 245:../Generated_Code/BitIoLdd7.c **** {
 323              		.loc 1 245 0
 324              		.cfi_startproc
 325 0000 80B5     		push	{r7, lr}
 326              	.LCFI15:
 327              		.cfi_def_cfa_offset 8
 328              		.cfi_offset 7, -8
 329              		.cfi_offset 14, -4
 330 0002 82B0     		sub	sp, sp, #8
 331              	.LCFI16:
 332              		.cfi_def_cfa_offset 16
 333 0004 00AF     		add	r7, sp, #0
 334              	.LCFI17:
 335              		.cfi_def_cfa_register 7
 336 0006 7860     		str	r0, [r7, #4]
 246:../Generated_Code/BitIoLdd7.c ****   (void)DeviceDataPtr;                 /* Parameter is not used, suppress unused argument warning *
 247:../Generated_Code/BitIoLdd7.c **** 
 248:../Generated_Code/BitIoLdd7.c ****   GPIO_PDD_SetPortDataOutputMask(BitIoLdd7_MODULE_BASE_ADDRESS, BitIoLdd7_PORT_MASK);
 337              		.loc 1 248 0
 338 0008 024B     		ldr	r3, .L23
 339 000a 0122     		mov	r2, #1
 340 000c 5A60     		str	r2, [r3, #4]
 249:../Generated_Code/BitIoLdd7.c **** }
 341              		.loc 1 249 0
 342 000e BD46     		mov	sp, r7
 343 0010 02B0     		add	sp, sp, #8
 344              		@ sp needed for prologue
 345 0012 80BD     		pop	{r7, pc}
 346              	.L24:
 347              		.align	2
 348              	.L23:
 349 0014 00F10FF8 		.word	-133172992
 350              		.cfi_endproc
 351              	.LFE5:
 353              		.text
 354              	.Letext0:
 355              		.file 2 "C:/Freescale/CW MCU v10.3/MCU/ARM_GCC_Support/ewl/EWL_C/include/cstdint"
 356              		.file 3 "../Generated_Code/PE_Types.h"
 357              		.file 4 "../Generated_Code/IO_Map.h"
 358              		.file 5 "../Generated_Code/PE_LDD.h"
 359              		.file 6 "C:/Users/LARM/workspace/MQX-Lite + SPI + Motor + Ultrassom/MQXLITE/psp/cortex_m/psptypes.
DEFINED SYMBOLS
                            *ABS*:00000000 BitIoLdd7.c
C:\Users\LARM\AppData\Local\Temp\cc1J9mpa.s:18     .bss.DeviceDataPrv__DEFAULT_RTOS_ALLOC:00000000 $d
C:\Users\LARM\AppData\Local\Temp\cc1J9mpa.s:21     .bss.DeviceDataPrv__DEFAULT_RTOS_ALLOC:00000000 DeviceDataPrv__DEFAULT_RTOS_ALLOC
C:\Users\LARM\AppData\Local\Temp\cc1J9mpa.s:24     .text.BitIoLdd7_Init:00000000 $t
C:\Users\LARM\AppData\Local\Temp\cc1J9mpa.s:29     .text.BitIoLdd7_Init:00000000 BitIoLdd7_Init
C:\Users\LARM\AppData\Local\Temp\cc1J9mpa.s:93     .text.BitIoLdd7_Init:00000050 $d
C:\Users\LARM\AppData\Local\Temp\cc1J9mpa.s:102    .text.BitIoLdd7_SetDir:00000000 $t
C:\Users\LARM\AppData\Local\Temp\cc1J9mpa.s:107    .text.BitIoLdd7_SetDir:00000000 BitIoLdd7_SetDir
C:\Users\LARM\AppData\Local\Temp\cc1J9mpa.s:156    .text.BitIoLdd7_SetDir:00000038 $d
C:\Users\LARM\AppData\Local\Temp\cc1J9mpa.s:161    .text.BitIoLdd7_GetVal:00000000 $t
C:\Users\LARM\AppData\Local\Temp\cc1J9mpa.s:166    .text.BitIoLdd7_GetVal:00000000 BitIoLdd7_GetVal
C:\Users\LARM\AppData\Local\Temp\cc1J9mpa.s:220    .text.BitIoLdd7_GetVal:00000040 $d
C:\Users\LARM\AppData\Local\Temp\cc1J9mpa.s:225    .text.BitIoLdd7_PutVal:00000000 $t
C:\Users\LARM\AppData\Local\Temp\cc1J9mpa.s:230    .text.BitIoLdd7_PutVal:00000000 BitIoLdd7_PutVal
C:\Users\LARM\AppData\Local\Temp\cc1J9mpa.s:273    .text.BitIoLdd7_PutVal:0000002c $d
C:\Users\LARM\AppData\Local\Temp\cc1J9mpa.s:278    .text.BitIoLdd7_ClrVal:00000000 $t
C:\Users\LARM\AppData\Local\Temp\cc1J9mpa.s:283    .text.BitIoLdd7_ClrVal:00000000 BitIoLdd7_ClrVal
C:\Users\LARM\AppData\Local\Temp\cc1J9mpa.s:311    .text.BitIoLdd7_ClrVal:00000014 $d
C:\Users\LARM\AppData\Local\Temp\cc1J9mpa.s:316    .text.BitIoLdd7_SetVal:00000000 $t
C:\Users\LARM\AppData\Local\Temp\cc1J9mpa.s:321    .text.BitIoLdd7_SetVal:00000000 BitIoLdd7_SetVal
C:\Users\LARM\AppData\Local\Temp\cc1J9mpa.s:349    .text.BitIoLdd7_SetVal:00000014 $d
                     .debug_frame:00000010 $d

UNDEFINED SYMBOLS
PE_LDD_DeviceDataList
