   1              		.cpu cortex-m0
   2              		.fpu softvfp
   3              		.eabi_attribute 20, 1
   4              		.eabi_attribute 21, 1
   5              		.eabi_attribute 23, 3
   6              		.eabi_attribute 24, 1
   7              		.eabi_attribute 25, 1
   8              		.eabi_attribute 26, 1
   9              		.eabi_attribute 30, 6
  10              		.eabi_attribute 34, 0
  11              		.eabi_attribute 18, 4
  12              		.code	16
  13              		.file	"BitIoLdd1.c"
  14              		.text
  15              	.Ltext0:
  16              		.cfi_sections	.debug_frame
  17              		.section	.bss.DeviceDataPrv__DEFAULT_RTOS_ALLOC,"aw",%nobits
  18              		.align	2
  21              	DeviceDataPrv__DEFAULT_RTOS_ALLOC:
  22 0000 00000000 		.space	4
  23              		.section	.text.BitIoLdd1_Init,"ax",%progbits
  24              		.align	2
  25              		.global	BitIoLdd1_Init
  26              		.code	16
  27              		.thumb_func
  29              	BitIoLdd1_Init:
  30              	.LFB0:
  31              		.file 1 "../Generated_Code/BitIoLdd1.c"
   1:../Generated_Code/BitIoLdd1.c **** /** ###################################################################
   2:../Generated_Code/BitIoLdd1.c **** **     THIS COMPONENT MODULE IS GENERATED BY THE TOOL. DO NOT MODIFY IT.
   3:../Generated_Code/BitIoLdd1.c **** **     Filename    : BitIoLdd1.c
   4:../Generated_Code/BitIoLdd1.c **** **     Project     : ProcessorExpert
   5:../Generated_Code/BitIoLdd1.c **** **     Processor   : MKL25Z128VLK4
   6:../Generated_Code/BitIoLdd1.c **** **     Component   : BitIO_LDD
   7:../Generated_Code/BitIoLdd1.c **** **     Version     : Component 01.031, Driver 01.00, CPU db: 3.00.000
   8:../Generated_Code/BitIoLdd1.c **** **     Compiler    : GNU C Compiler
   9:../Generated_Code/BitIoLdd1.c **** **     Date/Time   : 2013-09-09, 14:34, # CodeGen: 47
  10:../Generated_Code/BitIoLdd1.c **** **     Abstract    :
  11:../Generated_Code/BitIoLdd1.c **** **         The HAL BitIO component provides a low level API for unified
  12:../Generated_Code/BitIoLdd1.c **** **         access to general purpose digital input/output pins across
  13:../Generated_Code/BitIoLdd1.c **** **         various device designs.
  14:../Generated_Code/BitIoLdd1.c **** **
  15:../Generated_Code/BitIoLdd1.c **** **         RTOS drivers using HAL BitIO API are simpler and more
  16:../Generated_Code/BitIoLdd1.c **** **         portable to various microprocessors.
  17:../Generated_Code/BitIoLdd1.c **** **     Settings    :
  18:../Generated_Code/BitIoLdd1.c **** **          Component name                                 : BitIoLdd1
  19:../Generated_Code/BitIoLdd1.c **** **          Pin for I/O                                    : TSI0_CH11/PTB18/TPM2_CH0
  20:../Generated_Code/BitIoLdd1.c **** **          Pin signal                                     : 
  21:../Generated_Code/BitIoLdd1.c **** **          Direction                                      : Output
  22:../Generated_Code/BitIoLdd1.c **** **          Initialization                                 : 
  23:../Generated_Code/BitIoLdd1.c **** **            Init. direction                              : Output
  24:../Generated_Code/BitIoLdd1.c **** **            Init. value                                  : 0
  25:../Generated_Code/BitIoLdd1.c **** **            Auto Initialization                          : yes
  26:../Generated_Code/BitIoLdd1.c **** **          Safe mode                                      : yes
  27:../Generated_Code/BitIoLdd1.c **** **     Contents    :
  28:../Generated_Code/BitIoLdd1.c **** **         Init   - LDD_TDeviceData* BitIoLdd1_Init(LDD_TUserData *UserDataPtr);
  29:../Generated_Code/BitIoLdd1.c **** **         NegVal - void BitIoLdd1_NegVal(LDD_TDeviceData *DeviceDataPtr);
  30:../Generated_Code/BitIoLdd1.c **** **
  31:../Generated_Code/BitIoLdd1.c **** **     Copyright : 1997 - 2012 Freescale, Inc. All Rights Reserved.
  32:../Generated_Code/BitIoLdd1.c **** **     
  33:../Generated_Code/BitIoLdd1.c **** **     http      : www.freescale.com
  34:../Generated_Code/BitIoLdd1.c **** **     mail      : support@freescale.com
  35:../Generated_Code/BitIoLdd1.c **** ** ###################################################################*/
  36:../Generated_Code/BitIoLdd1.c **** 
  37:../Generated_Code/BitIoLdd1.c **** /* MODULE BitIoLdd1. */
  38:../Generated_Code/BitIoLdd1.c **** 
  39:../Generated_Code/BitIoLdd1.c **** #include "BitIoLdd1.h"
  40:../Generated_Code/BitIoLdd1.c **** 
  41:../Generated_Code/BitIoLdd1.c **** typedef struct {
  42:../Generated_Code/BitIoLdd1.c ****   LDD_TUserData *UserDataPtr;          /* Pointer to user data */
  43:../Generated_Code/BitIoLdd1.c **** } BitIoLdd1_TDeviceData;               /* Device data structure type */
  44:../Generated_Code/BitIoLdd1.c **** 
  45:../Generated_Code/BitIoLdd1.c **** typedef BitIoLdd1_TDeviceData *BitIoLdd1_TDeviceDataPtr ; /* Pointer to the device data structure. 
  46:../Generated_Code/BitIoLdd1.c **** 
  47:../Generated_Code/BitIoLdd1.c **** /* {MQXLite RTOS Adapter} Static object used for simulation of dynamic driver memory allocation */
  48:../Generated_Code/BitIoLdd1.c **** static BitIoLdd1_TDeviceData DeviceDataPrv__DEFAULT_RTOS_ALLOC;
  49:../Generated_Code/BitIoLdd1.c **** /*
  50:../Generated_Code/BitIoLdd1.c **** ** ===================================================================
  51:../Generated_Code/BitIoLdd1.c **** **     Method      :  BitIoLdd1_Init (component BitIO_LDD)
  52:../Generated_Code/BitIoLdd1.c **** **
  53:../Generated_Code/BitIoLdd1.c **** **     Description :
  54:../Generated_Code/BitIoLdd1.c **** **         Initializes the device. Allocates memory for the device data
  55:../Generated_Code/BitIoLdd1.c **** **         structure, allocates interrupt vectors and sets interrupt
  56:../Generated_Code/BitIoLdd1.c **** **         priority, sets pin routing, sets timing, etc. If the "Enable
  57:../Generated_Code/BitIoLdd1.c **** **         in init. code" is set to "yes" value then the device is also
  58:../Generated_Code/BitIoLdd1.c **** **         enabled(see the description of the Enable() method). In this
  59:../Generated_Code/BitIoLdd1.c **** **         case the Enable() method is not necessary and needn't to be
  60:../Generated_Code/BitIoLdd1.c **** **         generated. 
  61:../Generated_Code/BitIoLdd1.c **** **     Parameters  :
  62:../Generated_Code/BitIoLdd1.c **** **         NAME            - DESCRIPTION
  63:../Generated_Code/BitIoLdd1.c **** **       * UserDataPtr     - Pointer to the user or
  64:../Generated_Code/BitIoLdd1.c **** **                           RTOS specific data. This pointer will be
  65:../Generated_Code/BitIoLdd1.c **** **                           passed as an event or callback parameter.
  66:../Generated_Code/BitIoLdd1.c **** **     Returns     :
  67:../Generated_Code/BitIoLdd1.c **** **         ---             - Pointer to the dynamically allocated
  68:../Generated_Code/BitIoLdd1.c **** **                           private structure or NULL if there was an
  69:../Generated_Code/BitIoLdd1.c **** **                           error.
  70:../Generated_Code/BitIoLdd1.c **** ** ===================================================================
  71:../Generated_Code/BitIoLdd1.c **** */
  72:../Generated_Code/BitIoLdd1.c **** LDD_TDeviceData* BitIoLdd1_Init(LDD_TUserData *UserDataPtr)
  73:../Generated_Code/BitIoLdd1.c **** {
  32              		.loc 1 73 0
  33              		.cfi_startproc
  34 0000 80B5     		push	{r7, lr}
  35              	.LCFI0:
  36              		.cfi_def_cfa_offset 8
  37              		.cfi_offset 7, -8
  38              		.cfi_offset 14, -4
  39 0002 84B0     		sub	sp, sp, #16
  40              	.LCFI1:
  41              		.cfi_def_cfa_offset 24
  42 0004 00AF     		add	r7, sp, #0
  43              	.LCFI2:
  44              		.cfi_def_cfa_register 7
  45 0006 7860     		str	r0, [r7, #4]
  74:../Generated_Code/BitIoLdd1.c ****   /* Allocate device structure */
  75:../Generated_Code/BitIoLdd1.c ****   BitIoLdd1_TDeviceDataPtr DeviceDataPrv;
  76:../Generated_Code/BitIoLdd1.c ****   /* {MQXLite RTOS Adapter} Driver memory allocation: Dynamic allocation is simulated by a pointer 
  77:../Generated_Code/BitIoLdd1.c ****   DeviceDataPrv = &DeviceDataPrv__DEFAULT_RTOS_ALLOC;
  46              		.loc 1 77 0
  47 0008 124B     		ldr	r3, .L2
  48 000a FB60     		str	r3, [r7, #12]
  78:../Generated_Code/BitIoLdd1.c **** 
  79:../Generated_Code/BitIoLdd1.c ****   DeviceDataPrv->UserDataPtr = UserDataPtr; /* Store the RTOS device structure */
  49              		.loc 1 79 0
  50 000c FB68     		ldr	r3, [r7, #12]
  51 000e 7A68     		ldr	r2, [r7, #4]
  52 0010 1A60     		str	r2, [r3]
  80:../Generated_Code/BitIoLdd1.c **** 
  81:../Generated_Code/BitIoLdd1.c ****   /* Configure pin as output */
  82:../Generated_Code/BitIoLdd1.c ****   /* GPIOB_PDDR: PDD|=0x00040000 */
  83:../Generated_Code/BitIoLdd1.c ****   GPIOB_PDDR |= GPIO_PDDR_PDD(0x00040000);                                                   
  53              		.loc 1 83 0
  54 0012 114B     		ldr	r3, .L2+4
  55 0014 104A     		ldr	r2, .L2+4
  56 0016 5269     		ldr	r2, [r2, #20]
  57 0018 8021     		mov	r1, #128
  58 001a C902     		lsl	r1, r1, #11
  59 001c 0A43     		orr	r2, r1
  60 001e 5A61     		str	r2, [r3, #20]
  84:../Generated_Code/BitIoLdd1.c **** 
  85:../Generated_Code/BitIoLdd1.c ****   /* Set initialization value */
  86:../Generated_Code/BitIoLdd1.c ****   /* GPIOB_PDOR: PDO&=~0x00040000 */
  87:../Generated_Code/BitIoLdd1.c ****   GPIOB_PDOR &= (uint32_t)~(uint32_t)(GPIO_PDOR_PDO(0x00040000));                                  
  61              		.loc 1 87 0
  62 0020 0D4B     		ldr	r3, .L2+4
  63 0022 0D4A     		ldr	r2, .L2+4
  64 0024 1268     		ldr	r2, [r2]
  65 0026 111C     		mov	r1, r2
  66 0028 0C4A     		ldr	r2, .L2+8
  67 002a 0A40     		and	r2, r1
  68 002c 1A60     		str	r2, [r3]
  88:../Generated_Code/BitIoLdd1.c **** 
  89:../Generated_Code/BitIoLdd1.c ****   /* Initialization of Port Control register */
  90:../Generated_Code/BitIoLdd1.c ****   /* PORTB_PCR18: ISF=0,MUX=1 */
  91:../Generated_Code/BitIoLdd1.c ****   PORTB_PCR18 = (uint32_t)((PORTB_PCR18 & (uint32_t)~(uint32_t)(
  69              		.loc 1 91 0
  70 002e 0C4B     		ldr	r3, .L2+12
  71 0030 0B4A     		ldr	r2, .L2+12
  72 0032 926C     		ldr	r2, [r2, #72]
  73 0034 111C     		mov	r1, r2
  74 0036 0B4A     		ldr	r2, .L2+16
  75 0038 0A40     		and	r2, r1
  76 003a 8021     		mov	r1, #128
  77 003c 4900     		lsl	r1, r1, #1
  78 003e 0A43     		orr	r2, r1
  79 0040 9A64     		str	r2, [r3, #72]
  92:../Generated_Code/BitIoLdd1.c ****                  PORT_PCR_ISF_MASK |
  93:../Generated_Code/BitIoLdd1.c ****                  PORT_PCR_MUX(0x06)
  94:../Generated_Code/BitIoLdd1.c ****                 )) | (uint32_t)(
  95:../Generated_Code/BitIoLdd1.c ****                  PORT_PCR_MUX(0x01)
  96:../Generated_Code/BitIoLdd1.c ****                 ));                                                  
  97:../Generated_Code/BitIoLdd1.c ****   /* Registration of the device structure */
  98:../Generated_Code/BitIoLdd1.c ****   PE_LDD_RegisterDeviceStructure(PE_LDD_COMPONENT_BitIoLdd1_ID,DeviceDataPrv);
  80              		.loc 1 98 0
  81 0042 094B     		ldr	r3, .L2+20
  82 0044 FA68     		ldr	r2, [r7, #12]
  83 0046 5A60     		str	r2, [r3, #4]
  99:../Generated_Code/BitIoLdd1.c ****   return ((LDD_TDeviceData *)DeviceDataPrv);
  84              		.loc 1 99 0
  85 0048 FB68     		ldr	r3, [r7, #12]
 100:../Generated_Code/BitIoLdd1.c **** }
  86              		.loc 1 100 0
  87 004a 181C     		mov	r0, r3
  88 004c BD46     		mov	sp, r7
  89 004e 04B0     		add	sp, sp, #16
  90              		@ sp needed for prologue
  91 0050 80BD     		pop	{r7, pc}
  92              	.L3:
  93 0052 C046     		.align	2
  94              	.L2:
  95 0054 00000000 		.word	DeviceDataPrv__DEFAULT_RTOS_ALLOC
  96 0058 40F00F40 		.word	1074786368
  97 005c FFFFFBFF 		.word	-262145
  98 0060 00A00440 		.word	1074044928
  99 0064 FFF8FFFE 		.word	-16779009
 100 0068 00000000 		.word	PE_LDD_DeviceDataList
 101              		.cfi_endproc
 102              	.LFE0:
 104              		.section	.text.BitIoLdd1_NegVal,"ax",%progbits
 105              		.align	2
 106              		.global	BitIoLdd1_NegVal
 107              		.code	16
 108              		.thumb_func
 110              	BitIoLdd1_NegVal:
 111              	.LFB1:
 101:../Generated_Code/BitIoLdd1.c **** /*
 102:../Generated_Code/BitIoLdd1.c **** ** ===================================================================
 103:../Generated_Code/BitIoLdd1.c **** **     Method      :  BitIoLdd1_NegVal (component BitIO_LDD)
 104:../Generated_Code/BitIoLdd1.c **** **
 105:../Generated_Code/BitIoLdd1.c **** **     Description :
 106:../Generated_Code/BitIoLdd1.c **** **         Negates (inverts) the output value. It is equivalent to the
 107:../Generated_Code/BitIoLdd1.c **** **         [PutVal(!GetVal())]. This method is available only if the
 108:../Generated_Code/BitIoLdd1.c **** **         direction = _[output]_ or _[input/output]_.
 109:../Generated_Code/BitIoLdd1.c **** **     Parameters  :
 110:../Generated_Code/BitIoLdd1.c **** **         NAME            - DESCRIPTION
 111:../Generated_Code/BitIoLdd1.c **** **       * DeviceDataPtr   - Pointer to device data
 112:../Generated_Code/BitIoLdd1.c **** **                           structure returned by <Init> method.
 113:../Generated_Code/BitIoLdd1.c **** **     Returns     : Nothing
 114:../Generated_Code/BitIoLdd1.c **** ** ===================================================================
 115:../Generated_Code/BitIoLdd1.c **** */
 116:../Generated_Code/BitIoLdd1.c **** void BitIoLdd1_NegVal(LDD_TDeviceData *DeviceDataPtr)
 117:../Generated_Code/BitIoLdd1.c **** {
 112              		.loc 1 117 0
 113              		.cfi_startproc
 114 0000 80B5     		push	{r7, lr}
 115              	.LCFI3:
 116              		.cfi_def_cfa_offset 8
 117              		.cfi_offset 7, -8
 118              		.cfi_offset 14, -4
 119 0002 82B0     		sub	sp, sp, #8
 120              	.LCFI4:
 121              		.cfi_def_cfa_offset 16
 122 0004 00AF     		add	r7, sp, #0
 123              	.LCFI5:
 124              		.cfi_def_cfa_register 7
 125 0006 7860     		str	r0, [r7, #4]
 118:../Generated_Code/BitIoLdd1.c ****   (void)DeviceDataPtr;                 /* Parameter is not used, suppress unused argument warning *
 119:../Generated_Code/BitIoLdd1.c **** 
 120:../Generated_Code/BitIoLdd1.c ****   GPIO_PDD_TogglePortDataOutputMask(BitIoLdd1_MODULE_BASE_ADDRESS, BitIoLdd1_PORT_MASK);
 126              		.loc 1 120 0
 127 0008 034B     		ldr	r3, .L5
 128 000a 8022     		mov	r2, #128
 129 000c D202     		lsl	r2, r2, #11
 130 000e DA60     		str	r2, [r3, #12]
 121:../Generated_Code/BitIoLdd1.c **** }
 131              		.loc 1 121 0
 132 0010 BD46     		mov	sp, r7
 133 0012 02B0     		add	sp, sp, #8
 134              		@ sp needed for prologue
 135 0014 80BD     		pop	{r7, pc}
 136              	.L6:
 137 0016 C046     		.align	2
 138              	.L5:
 139 0018 40F00FF8 		.word	-133173184
 140              		.cfi_endproc
 141              	.LFE1:
 143              		.text
 144              	.Letext0:
 145              		.file 2 "C:/Freescale/CW MCU v10.3/MCU/ARM_GCC_Support/ewl/EWL_C/include/cstdint"
 146              		.file 3 "../Generated_Code/IO_Map.h"
 147              		.file 4 "../Generated_Code/PE_LDD.h"
DEFINED SYMBOLS
                            *ABS*:00000000 BitIoLdd1.c
C:\Users\LARM\AppData\Local\Temp\cc8KwFCb.s:18     .bss.DeviceDataPrv__DEFAULT_RTOS_ALLOC:00000000 $d
C:\Users\LARM\AppData\Local\Temp\cc8KwFCb.s:21     .bss.DeviceDataPrv__DEFAULT_RTOS_ALLOC:00000000 DeviceDataPrv__DEFAULT_RTOS_ALLOC
C:\Users\LARM\AppData\Local\Temp\cc8KwFCb.s:24     .text.BitIoLdd1_Init:00000000 $t
C:\Users\LARM\AppData\Local\Temp\cc8KwFCb.s:29     .text.BitIoLdd1_Init:00000000 BitIoLdd1_Init
C:\Users\LARM\AppData\Local\Temp\cc8KwFCb.s:95     .text.BitIoLdd1_Init:00000054 $d
C:\Users\LARM\AppData\Local\Temp\cc8KwFCb.s:105    .text.BitIoLdd1_NegVal:00000000 $t
C:\Users\LARM\AppData\Local\Temp\cc8KwFCb.s:110    .text.BitIoLdd1_NegVal:00000000 BitIoLdd1_NegVal
C:\Users\LARM\AppData\Local\Temp\cc8KwFCb.s:139    .text.BitIoLdd1_NegVal:00000018 $d
                     .debug_frame:00000010 $d

UNDEFINED SYMBOLS
PE_LDD_DeviceDataList
