   1              		.cpu cortex-m0
   2              		.fpu softvfp
   3              		.eabi_attribute 20, 1
   4              		.eabi_attribute 21, 1
   5              		.eabi_attribute 23, 3
   6              		.eabi_attribute 24, 1
   7              		.eabi_attribute 25, 1
   8              		.eabi_attribute 26, 1
   9              		.eabi_attribute 30, 6
  10              		.eabi_attribute 34, 0
  11              		.eabi_attribute 18, 4
  12              		.code	16
  13              		.file	"BitIoLdd2.c"
  14              		.text
  15              	.Ltext0:
  16              		.cfi_sections	.debug_frame
  17              		.section	.bss.DeviceDataPrv__DEFAULT_RTOS_ALLOC,"aw",%nobits
  18              		.align	2
  21              	DeviceDataPrv__DEFAULT_RTOS_ALLOC:
  22 0000 00000000 		.space	4
  23              		.section	.text.BitIoLdd2_Init,"ax",%progbits
  24              		.align	2
  25              		.global	BitIoLdd2_Init
  26              		.code	16
  27              		.thumb_func
  29              	BitIoLdd2_Init:
  30              	.LFB0:
  31              		.file 1 "../Generated_Code/BitIoLdd2.c"
   1:../Generated_Code/BitIoLdd2.c **** /** ###################################################################
   2:../Generated_Code/BitIoLdd2.c **** **     THIS COMPONENT MODULE IS GENERATED BY THE TOOL. DO NOT MODIFY IT.
   3:../Generated_Code/BitIoLdd2.c **** **     Filename    : BitIoLdd2.c
   4:../Generated_Code/BitIoLdd2.c **** **     Project     : ProcessorExpert
   5:../Generated_Code/BitIoLdd2.c **** **     Processor   : MKL25Z128VLK4
   6:../Generated_Code/BitIoLdd2.c **** **     Component   : BitIO_LDD
   7:../Generated_Code/BitIoLdd2.c **** **     Version     : Component 01.031, Driver 01.00, CPU db: 3.00.000
   8:../Generated_Code/BitIoLdd2.c **** **     Compiler    : GNU C Compiler
   9:../Generated_Code/BitIoLdd2.c **** **     Date/Time   : 2013-09-09, 14:34, # CodeGen: 47
  10:../Generated_Code/BitIoLdd2.c **** **     Abstract    :
  11:../Generated_Code/BitIoLdd2.c **** **         The HAL BitIO component provides a low level API for unified
  12:../Generated_Code/BitIoLdd2.c **** **         access to general purpose digital input/output pins across
  13:../Generated_Code/BitIoLdd2.c **** **         various device designs.
  14:../Generated_Code/BitIoLdd2.c **** **
  15:../Generated_Code/BitIoLdd2.c **** **         RTOS drivers using HAL BitIO API are simpler and more
  16:../Generated_Code/BitIoLdd2.c **** **         portable to various microprocessors.
  17:../Generated_Code/BitIoLdd2.c **** **     Settings    :
  18:../Generated_Code/BitIoLdd2.c **** **          Component name                                 : BitIoLdd2
  19:../Generated_Code/BitIoLdd2.c **** **          Pin for I/O                                    : TSI0_CH12/PTB19/TPM2_CH1
  20:../Generated_Code/BitIoLdd2.c **** **          Pin signal                                     : 
  21:../Generated_Code/BitIoLdd2.c **** **          Direction                                      : Output
  22:../Generated_Code/BitIoLdd2.c **** **          Initialization                                 : 
  23:../Generated_Code/BitIoLdd2.c **** **            Init. direction                              : Output
  24:../Generated_Code/BitIoLdd2.c **** **            Init. value                                  : 0
  25:../Generated_Code/BitIoLdd2.c **** **            Auto Initialization                          : yes
  26:../Generated_Code/BitIoLdd2.c **** **          Safe mode                                      : yes
  27:../Generated_Code/BitIoLdd2.c **** **     Contents    :
  28:../Generated_Code/BitIoLdd2.c **** **         Init   - LDD_TDeviceData* BitIoLdd2_Init(LDD_TUserData *UserDataPtr);
  29:../Generated_Code/BitIoLdd2.c **** **         GetVal - bool BitIoLdd2_GetVal(LDD_TDeviceData *DeviceDataPtr);
  30:../Generated_Code/BitIoLdd2.c **** **         PutVal - void BitIoLdd2_PutVal(LDD_TDeviceData *DeviceDataPtr, bool Val);
  31:../Generated_Code/BitIoLdd2.c **** **         ClrVal - void BitIoLdd2_ClrVal(LDD_TDeviceData *DeviceDataPtr);
  32:../Generated_Code/BitIoLdd2.c **** **         SetVal - void BitIoLdd2_SetVal(LDD_TDeviceData *DeviceDataPtr);
  33:../Generated_Code/BitIoLdd2.c **** **         NegVal - void BitIoLdd2_NegVal(LDD_TDeviceData *DeviceDataPtr);
  34:../Generated_Code/BitIoLdd2.c **** **
  35:../Generated_Code/BitIoLdd2.c **** **     Copyright : 1997 - 2012 Freescale, Inc. All Rights Reserved.
  36:../Generated_Code/BitIoLdd2.c **** **     
  37:../Generated_Code/BitIoLdd2.c **** **     http      : www.freescale.com
  38:../Generated_Code/BitIoLdd2.c **** **     mail      : support@freescale.com
  39:../Generated_Code/BitIoLdd2.c **** ** ###################################################################*/
  40:../Generated_Code/BitIoLdd2.c **** 
  41:../Generated_Code/BitIoLdd2.c **** /* MODULE BitIoLdd2. */
  42:../Generated_Code/BitIoLdd2.c **** 
  43:../Generated_Code/BitIoLdd2.c **** #include "BitIoLdd2.h"
  44:../Generated_Code/BitIoLdd2.c **** 
  45:../Generated_Code/BitIoLdd2.c **** typedef struct {
  46:../Generated_Code/BitIoLdd2.c ****   LDD_TUserData *UserDataPtr;          /* Pointer to user data */
  47:../Generated_Code/BitIoLdd2.c **** } BitIoLdd2_TDeviceData;               /* Device data structure type */
  48:../Generated_Code/BitIoLdd2.c **** 
  49:../Generated_Code/BitIoLdd2.c **** typedef BitIoLdd2_TDeviceData *BitIoLdd2_TDeviceDataPtr ; /* Pointer to the device data structure. 
  50:../Generated_Code/BitIoLdd2.c **** 
  51:../Generated_Code/BitIoLdd2.c **** /* {MQXLite RTOS Adapter} Static object used for simulation of dynamic driver memory allocation */
  52:../Generated_Code/BitIoLdd2.c **** static BitIoLdd2_TDeviceData DeviceDataPrv__DEFAULT_RTOS_ALLOC;
  53:../Generated_Code/BitIoLdd2.c **** /*
  54:../Generated_Code/BitIoLdd2.c **** ** ===================================================================
  55:../Generated_Code/BitIoLdd2.c **** **     Method      :  BitIoLdd2_Init (component BitIO_LDD)
  56:../Generated_Code/BitIoLdd2.c **** **
  57:../Generated_Code/BitIoLdd2.c **** **     Description :
  58:../Generated_Code/BitIoLdd2.c **** **         Initializes the device. Allocates memory for the device data
  59:../Generated_Code/BitIoLdd2.c **** **         structure, allocates interrupt vectors and sets interrupt
  60:../Generated_Code/BitIoLdd2.c **** **         priority, sets pin routing, sets timing, etc. If the "Enable
  61:../Generated_Code/BitIoLdd2.c **** **         in init. code" is set to "yes" value then the device is also
  62:../Generated_Code/BitIoLdd2.c **** **         enabled(see the description of the Enable() method). In this
  63:../Generated_Code/BitIoLdd2.c **** **         case the Enable() method is not necessary and needn't to be
  64:../Generated_Code/BitIoLdd2.c **** **         generated. 
  65:../Generated_Code/BitIoLdd2.c **** **     Parameters  :
  66:../Generated_Code/BitIoLdd2.c **** **         NAME            - DESCRIPTION
  67:../Generated_Code/BitIoLdd2.c **** **       * UserDataPtr     - Pointer to the user or
  68:../Generated_Code/BitIoLdd2.c **** **                           RTOS specific data. This pointer will be
  69:../Generated_Code/BitIoLdd2.c **** **                           passed as an event or callback parameter.
  70:../Generated_Code/BitIoLdd2.c **** **     Returns     :
  71:../Generated_Code/BitIoLdd2.c **** **         ---             - Pointer to the dynamically allocated
  72:../Generated_Code/BitIoLdd2.c **** **                           private structure or NULL if there was an
  73:../Generated_Code/BitIoLdd2.c **** **                           error.
  74:../Generated_Code/BitIoLdd2.c **** ** ===================================================================
  75:../Generated_Code/BitIoLdd2.c **** */
  76:../Generated_Code/BitIoLdd2.c **** LDD_TDeviceData* BitIoLdd2_Init(LDD_TUserData *UserDataPtr)
  77:../Generated_Code/BitIoLdd2.c **** {
  32              		.loc 1 77 0
  33              		.cfi_startproc
  34 0000 80B5     		push	{r7, lr}
  35              	.LCFI0:
  36              		.cfi_def_cfa_offset 8
  37              		.cfi_offset 7, -8
  38              		.cfi_offset 14, -4
  39 0002 84B0     		sub	sp, sp, #16
  40              	.LCFI1:
  41              		.cfi_def_cfa_offset 24
  42 0004 00AF     		add	r7, sp, #0
  43              	.LCFI2:
  44              		.cfi_def_cfa_register 7
  45 0006 7860     		str	r0, [r7, #4]
  78:../Generated_Code/BitIoLdd2.c ****   /* Allocate device structure */
  79:../Generated_Code/BitIoLdd2.c ****   BitIoLdd2_TDeviceDataPtr DeviceDataPrv;
  80:../Generated_Code/BitIoLdd2.c ****   /* {MQXLite RTOS Adapter} Driver memory allocation: Dynamic allocation is simulated by a pointer 
  81:../Generated_Code/BitIoLdd2.c ****   DeviceDataPrv = &DeviceDataPrv__DEFAULT_RTOS_ALLOC;
  46              		.loc 1 81 0
  47 0008 124B     		ldr	r3, .L2
  48 000a FB60     		str	r3, [r7, #12]
  82:../Generated_Code/BitIoLdd2.c **** 
  83:../Generated_Code/BitIoLdd2.c ****   DeviceDataPrv->UserDataPtr = UserDataPtr; /* Store the RTOS device structure */
  49              		.loc 1 83 0
  50 000c FB68     		ldr	r3, [r7, #12]
  51 000e 7A68     		ldr	r2, [r7, #4]
  52 0010 1A60     		str	r2, [r3]
  84:../Generated_Code/BitIoLdd2.c **** 
  85:../Generated_Code/BitIoLdd2.c ****   /* Configure pin as output */
  86:../Generated_Code/BitIoLdd2.c ****   /* GPIOB_PDDR: PDD|=0x00080000 */
  87:../Generated_Code/BitIoLdd2.c ****   GPIOB_PDDR |= GPIO_PDDR_PDD(0x00080000);                                                   
  53              		.loc 1 87 0
  54 0012 114B     		ldr	r3, .L2+4
  55 0014 104A     		ldr	r2, .L2+4
  56 0016 5269     		ldr	r2, [r2, #20]
  57 0018 8021     		mov	r1, #128
  58 001a 0903     		lsl	r1, r1, #12
  59 001c 0A43     		orr	r2, r1
  60 001e 5A61     		str	r2, [r3, #20]
  88:../Generated_Code/BitIoLdd2.c **** 
  89:../Generated_Code/BitIoLdd2.c ****   /* Set initialization value */
  90:../Generated_Code/BitIoLdd2.c ****   /* GPIOB_PDOR: PDO&=~0x00080000 */
  91:../Generated_Code/BitIoLdd2.c ****   GPIOB_PDOR &= (uint32_t)~(uint32_t)(GPIO_PDOR_PDO(0x00080000));                                  
  61              		.loc 1 91 0
  62 0020 0D4B     		ldr	r3, .L2+4
  63 0022 0D4A     		ldr	r2, .L2+4
  64 0024 1268     		ldr	r2, [r2]
  65 0026 111C     		mov	r1, r2
  66 0028 0C4A     		ldr	r2, .L2+8
  67 002a 0A40     		and	r2, r1
  68 002c 1A60     		str	r2, [r3]
  92:../Generated_Code/BitIoLdd2.c **** 
  93:../Generated_Code/BitIoLdd2.c ****   /* Initialization of Port Control register */
  94:../Generated_Code/BitIoLdd2.c ****   /* PORTB_PCR19: ISF=0,MUX=1 */
  95:../Generated_Code/BitIoLdd2.c ****   PORTB_PCR19 = (uint32_t)((PORTB_PCR19 & (uint32_t)~(uint32_t)(
  69              		.loc 1 95 0
  70 002e 0C4B     		ldr	r3, .L2+12
  71 0030 0B4A     		ldr	r2, .L2+12
  72 0032 D26C     		ldr	r2, [r2, #76]
  73 0034 111C     		mov	r1, r2
  74 0036 0B4A     		ldr	r2, .L2+16
  75 0038 0A40     		and	r2, r1
  76 003a 8021     		mov	r1, #128
  77 003c 4900     		lsl	r1, r1, #1
  78 003e 0A43     		orr	r2, r1
  79 0040 DA64     		str	r2, [r3, #76]
  96:../Generated_Code/BitIoLdd2.c ****                  PORT_PCR_ISF_MASK |
  97:../Generated_Code/BitIoLdd2.c ****                  PORT_PCR_MUX(0x06)
  98:../Generated_Code/BitIoLdd2.c ****                 )) | (uint32_t)(
  99:../Generated_Code/BitIoLdd2.c ****                  PORT_PCR_MUX(0x01)
 100:../Generated_Code/BitIoLdd2.c ****                 ));                                                  
 101:../Generated_Code/BitIoLdd2.c ****   /* Registration of the device structure */
 102:../Generated_Code/BitIoLdd2.c ****   PE_LDD_RegisterDeviceStructure(PE_LDD_COMPONENT_BitIoLdd2_ID,DeviceDataPrv);
  80              		.loc 1 102 0
  81 0042 094B     		ldr	r3, .L2+20
  82 0044 FA68     		ldr	r2, [r7, #12]
  83 0046 1A61     		str	r2, [r3, #16]
 103:../Generated_Code/BitIoLdd2.c ****   return ((LDD_TDeviceData *)DeviceDataPrv);
  84              		.loc 1 103 0
  85 0048 FB68     		ldr	r3, [r7, #12]
 104:../Generated_Code/BitIoLdd2.c **** }
  86              		.loc 1 104 0
  87 004a 181C     		mov	r0, r3
  88 004c BD46     		mov	sp, r7
  89 004e 04B0     		add	sp, sp, #16
  90              		@ sp needed for prologue
  91 0050 80BD     		pop	{r7, pc}
  92              	.L3:
  93 0052 C046     		.align	2
  94              	.L2:
  95 0054 00000000 		.word	DeviceDataPrv__DEFAULT_RTOS_ALLOC
  96 0058 40F00F40 		.word	1074786368
  97 005c FFFFF7FF 		.word	-524289
  98 0060 00A00440 		.word	1074044928
  99 0064 FFF8FFFE 		.word	-16779009
 100 0068 00000000 		.word	PE_LDD_DeviceDataList
 101              		.cfi_endproc
 102              	.LFE0:
 104              		.section	.text.BitIoLdd2_GetVal,"ax",%progbits
 105              		.align	2
 106              		.global	BitIoLdd2_GetVal
 107              		.code	16
 108              		.thumb_func
 110              	BitIoLdd2_GetVal:
 111              	.LFB1:
 105:../Generated_Code/BitIoLdd2.c **** /*
 106:../Generated_Code/BitIoLdd2.c **** ** ===================================================================
 107:../Generated_Code/BitIoLdd2.c **** **     Method      :  BitIoLdd2_GetVal (component BitIO_LDD)
 108:../Generated_Code/BitIoLdd2.c **** **
 109:../Generated_Code/BitIoLdd2.c **** **     Description :
 110:../Generated_Code/BitIoLdd2.c **** **         Returns the input/output value. If the direction is [input]
 111:../Generated_Code/BitIoLdd2.c **** **         then the input value of the pin is read and returned. If the
 112:../Generated_Code/BitIoLdd2.c **** **         direction is [output] then the last written value is read
 113:../Generated_Code/BitIoLdd2.c **** **         and returned (see <Safe mode> property for limitations).
 114:../Generated_Code/BitIoLdd2.c **** **         This method cannot be disabled if direction is [input].
 115:../Generated_Code/BitIoLdd2.c **** **     Parameters  :
 116:../Generated_Code/BitIoLdd2.c **** **         NAME            - DESCRIPTION
 117:../Generated_Code/BitIoLdd2.c **** **       * DeviceDataPtr   - Device data structure
 118:../Generated_Code/BitIoLdd2.c **** **                           pointer returned by <Init> method.
 119:../Generated_Code/BitIoLdd2.c **** **     Returns     :
 120:../Generated_Code/BitIoLdd2.c **** **         ---             - Input or output value. Possible values:
 121:../Generated_Code/BitIoLdd2.c **** **                           <false> - logical "0" (Low level)
 122:../Generated_Code/BitIoLdd2.c **** **                           <true> - logical "1" (High level)
 123:../Generated_Code/BitIoLdd2.c **** ** ===================================================================
 124:../Generated_Code/BitIoLdd2.c **** */
 125:../Generated_Code/BitIoLdd2.c **** bool BitIoLdd2_GetVal(LDD_TDeviceData *DeviceDataPtr)
 126:../Generated_Code/BitIoLdd2.c **** {
 112              		.loc 1 126 0
 113              		.cfi_startproc
 114 0000 80B5     		push	{r7, lr}
 115              	.LCFI3:
 116              		.cfi_def_cfa_offset 8
 117              		.cfi_offset 7, -8
 118              		.cfi_offset 14, -4
 119 0002 84B0     		sub	sp, sp, #16
 120              	.LCFI4:
 121              		.cfi_def_cfa_offset 24
 122 0004 00AF     		add	r7, sp, #0
 123              	.LCFI5:
 124              		.cfi_def_cfa_register 7
 125 0006 7860     		str	r0, [r7, #4]
 127:../Generated_Code/BitIoLdd2.c ****   uint32_t portData;                   /* Port data masked according to the bit used */
 128:../Generated_Code/BitIoLdd2.c **** 
 129:../Generated_Code/BitIoLdd2.c ****   (void)DeviceDataPtr;                 /* Parameter is not used, suppress unused argument warning *
 130:../Generated_Code/BitIoLdd2.c **** 
 131:../Generated_Code/BitIoLdd2.c ****   portData = GPIO_PDD_GetPortDataOutput(BitIoLdd2_MODULE_BASE_ADDRESS) & BitIoLdd2_PORT_MASK;
 126              		.loc 1 131 0
 127 0008 074B     		ldr	r3, .L5
 128 000a 1B68     		ldr	r3, [r3]
 129 000c 1A1C     		mov	r2, r3
 130 000e 8023     		mov	r3, #128
 131 0010 1B03     		lsl	r3, r3, #12
 132 0012 1340     		and	r3, r2
 133 0014 FB60     		str	r3, [r7, #12]
 132:../Generated_Code/BitIoLdd2.c **** 
 133:../Generated_Code/BitIoLdd2.c ****   return (portData != 0U) ? (bool)TRUE : (bool)FALSE;
 134              		.loc 1 133 0
 135 0016 FB68     		ldr	r3, [r7, #12]
 136 0018 5A1E     		sub	r2, r3, #1
 137 001a 9341     		sbc	r3, r3, r2
 138 001c DBB2     		uxtb	r3, r3
 134:../Generated_Code/BitIoLdd2.c **** }
 139              		.loc 1 134 0
 140 001e 181C     		mov	r0, r3
 141 0020 BD46     		mov	sp, r7
 142 0022 04B0     		add	sp, sp, #16
 143              		@ sp needed for prologue
 144 0024 80BD     		pop	{r7, pc}
 145              	.L6:
 146 0026 C046     		.align	2
 147              	.L5:
 148 0028 40F00FF8 		.word	-133173184
 149              		.cfi_endproc
 150              	.LFE1:
 152              		.section	.text.BitIoLdd2_PutVal,"ax",%progbits
 153              		.align	2
 154              		.global	BitIoLdd2_PutVal
 155              		.code	16
 156              		.thumb_func
 158              	BitIoLdd2_PutVal:
 159              	.LFB2:
 135:../Generated_Code/BitIoLdd2.c **** 
 136:../Generated_Code/BitIoLdd2.c **** /*
 137:../Generated_Code/BitIoLdd2.c **** ** ===================================================================
 138:../Generated_Code/BitIoLdd2.c **** **     Method      :  BitIoLdd2_PutVal (component BitIO_LDD)
 139:../Generated_Code/BitIoLdd2.c **** **
 140:../Generated_Code/BitIoLdd2.c **** **     Description :
 141:../Generated_Code/BitIoLdd2.c **** **         The specified output value is set. If the direction is <b>
 142:../Generated_Code/BitIoLdd2.c **** **         input</b>, the component saves the value to a memory or a
 143:../Generated_Code/BitIoLdd2.c **** **         register and this value will be written to the pin after
 144:../Generated_Code/BitIoLdd2.c **** **         switching to the output mode (using <tt>SetDir(TRUE)</tt>;
 145:../Generated_Code/BitIoLdd2.c **** **         see <a href="BitIOProperties.html#SafeMode">Safe mode</a>
 146:../Generated_Code/BitIoLdd2.c **** **         property for limitations). If the direction is <b>output</b>,
 147:../Generated_Code/BitIoLdd2.c **** **         it writes the value to the pin. (Method is available only if
 148:../Generated_Code/BitIoLdd2.c **** **         the direction = <u><tt>output</tt></u> or <u><tt>
 149:../Generated_Code/BitIoLdd2.c **** **         input/output</tt></u>).
 150:../Generated_Code/BitIoLdd2.c **** **     Parameters  :
 151:../Generated_Code/BitIoLdd2.c **** **         NAME            - DESCRIPTION
 152:../Generated_Code/BitIoLdd2.c **** **       * DeviceDataPtr   - Device data structure
 153:../Generated_Code/BitIoLdd2.c **** **                           pointer returned by <Init> method.
 154:../Generated_Code/BitIoLdd2.c **** **         Val             - Output value. Possible values:
 155:../Generated_Code/BitIoLdd2.c **** **                           <false> - logical "0" (Low level)
 156:../Generated_Code/BitIoLdd2.c **** **                           <true> - logical "1" (High level)
 157:../Generated_Code/BitIoLdd2.c **** **     Returns     : Nothing
 158:../Generated_Code/BitIoLdd2.c **** ** ===================================================================
 159:../Generated_Code/BitIoLdd2.c **** */
 160:../Generated_Code/BitIoLdd2.c **** void BitIoLdd2_PutVal(LDD_TDeviceData *DeviceDataPtr, bool Val)
 161:../Generated_Code/BitIoLdd2.c **** {
 160              		.loc 1 161 0
 161              		.cfi_startproc
 162 0000 80B5     		push	{r7, lr}
 163              	.LCFI6:
 164              		.cfi_def_cfa_offset 8
 165              		.cfi_offset 7, -8
 166              		.cfi_offset 14, -4
 167 0002 82B0     		sub	sp, sp, #8
 168              	.LCFI7:
 169              		.cfi_def_cfa_offset 16
 170 0004 00AF     		add	r7, sp, #0
 171              	.LCFI8:
 172              		.cfi_def_cfa_register 7
 173 0006 7860     		str	r0, [r7, #4]
 174 0008 0A1C     		mov	r2, r1
 175 000a FB1C     		add	r3, r7, #3
 176 000c 1A70     		strb	r2, [r3]
 162:../Generated_Code/BitIoLdd2.c ****   (void)DeviceDataPtr;                 /* Parameter is not used, suppress unused argument warning *
 163:../Generated_Code/BitIoLdd2.c **** 
 164:../Generated_Code/BitIoLdd2.c ****   if (Val) {
 177              		.loc 1 164 0
 178 000e FB1C     		add	r3, r7, #3
 179 0010 1B78     		ldrb	r3, [r3]
 180 0012 002B     		cmp	r3, #0
 181 0014 04D0     		beq	.L8
 165:../Generated_Code/BitIoLdd2.c ****     GPIO_PDD_SetPortDataOutputMask(BitIoLdd2_MODULE_BASE_ADDRESS, BitIoLdd2_PORT_MASK);
 182              		.loc 1 165 0
 183 0016 064B     		ldr	r3, .L10
 184 0018 8022     		mov	r2, #128
 185 001a 1203     		lsl	r2, r2, #12
 186 001c 5A60     		str	r2, [r3, #4]
 187 001e 03E0     		b	.L7
 188              	.L8:
 166:../Generated_Code/BitIoLdd2.c ****   } else { /* !Val */
 167:../Generated_Code/BitIoLdd2.c ****     GPIO_PDD_ClearPortDataOutputMask(BitIoLdd2_MODULE_BASE_ADDRESS, BitIoLdd2_PORT_MASK);
 189              		.loc 1 167 0
 190 0020 034B     		ldr	r3, .L10
 191 0022 8022     		mov	r2, #128
 192 0024 1203     		lsl	r2, r2, #12
 193 0026 9A60     		str	r2, [r3, #8]
 194              	.L7:
 168:../Generated_Code/BitIoLdd2.c ****   } /* !Val */
 169:../Generated_Code/BitIoLdd2.c **** }
 195              		.loc 1 169 0
 196 0028 BD46     		mov	sp, r7
 197 002a 02B0     		add	sp, sp, #8
 198              		@ sp needed for prologue
 199 002c 80BD     		pop	{r7, pc}
 200              	.L11:
 201 002e C046     		.align	2
 202              	.L10:
 203 0030 40F00FF8 		.word	-133173184
 204              		.cfi_endproc
 205              	.LFE2:
 207              		.section	.text.BitIoLdd2_ClrVal,"ax",%progbits
 208              		.align	2
 209              		.global	BitIoLdd2_ClrVal
 210              		.code	16
 211              		.thumb_func
 213              	BitIoLdd2_ClrVal:
 214              	.LFB3:
 170:../Generated_Code/BitIoLdd2.c **** 
 171:../Generated_Code/BitIoLdd2.c **** /*
 172:../Generated_Code/BitIoLdd2.c **** ** ===================================================================
 173:../Generated_Code/BitIoLdd2.c **** **     Method      :  BitIoLdd2_ClrVal (component BitIO_LDD)
 174:../Generated_Code/BitIoLdd2.c **** **
 175:../Generated_Code/BitIoLdd2.c **** **     Description :
 176:../Generated_Code/BitIoLdd2.c **** **         Clears (set to zero) the output value. It is equivalent to
 177:../Generated_Code/BitIoLdd2.c **** **         the [PutVal(FALSE)]. This method is available only if the
 178:../Generated_Code/BitIoLdd2.c **** **         direction = _[output]_ or _[input/output]_.
 179:../Generated_Code/BitIoLdd2.c **** **     Parameters  :
 180:../Generated_Code/BitIoLdd2.c **** **         NAME            - DESCRIPTION
 181:../Generated_Code/BitIoLdd2.c **** **       * DeviceDataPtr   - Pointer to device data
 182:../Generated_Code/BitIoLdd2.c **** **                           structure returned by <Init> method.
 183:../Generated_Code/BitIoLdd2.c **** **     Returns     : Nothing
 184:../Generated_Code/BitIoLdd2.c **** ** ===================================================================
 185:../Generated_Code/BitIoLdd2.c **** */
 186:../Generated_Code/BitIoLdd2.c **** void BitIoLdd2_ClrVal(LDD_TDeviceData *DeviceDataPtr)
 187:../Generated_Code/BitIoLdd2.c **** {
 215              		.loc 1 187 0
 216              		.cfi_startproc
 217 0000 80B5     		push	{r7, lr}
 218              	.LCFI9:
 219              		.cfi_def_cfa_offset 8
 220              		.cfi_offset 7, -8
 221              		.cfi_offset 14, -4
 222 0002 82B0     		sub	sp, sp, #8
 223              	.LCFI10:
 224              		.cfi_def_cfa_offset 16
 225 0004 00AF     		add	r7, sp, #0
 226              	.LCFI11:
 227              		.cfi_def_cfa_register 7
 228 0006 7860     		str	r0, [r7, #4]
 188:../Generated_Code/BitIoLdd2.c ****   (void)DeviceDataPtr;                 /* Parameter is not used, suppress unused argument warning *
 189:../Generated_Code/BitIoLdd2.c **** 
 190:../Generated_Code/BitIoLdd2.c ****   GPIO_PDD_ClearPortDataOutputMask(BitIoLdd2_MODULE_BASE_ADDRESS, BitIoLdd2_PORT_MASK);
 229              		.loc 1 190 0
 230 0008 034B     		ldr	r3, .L13
 231 000a 8022     		mov	r2, #128
 232 000c 1203     		lsl	r2, r2, #12
 233 000e 9A60     		str	r2, [r3, #8]
 191:../Generated_Code/BitIoLdd2.c **** }
 234              		.loc 1 191 0
 235 0010 BD46     		mov	sp, r7
 236 0012 02B0     		add	sp, sp, #8
 237              		@ sp needed for prologue
 238 0014 80BD     		pop	{r7, pc}
 239              	.L14:
 240 0016 C046     		.align	2
 241              	.L13:
 242 0018 40F00FF8 		.word	-133173184
 243              		.cfi_endproc
 244              	.LFE3:
 246              		.section	.text.BitIoLdd2_SetVal,"ax",%progbits
 247              		.align	2
 248              		.global	BitIoLdd2_SetVal
 249              		.code	16
 250              		.thumb_func
 252              	BitIoLdd2_SetVal:
 253              	.LFB4:
 192:../Generated_Code/BitIoLdd2.c **** 
 193:../Generated_Code/BitIoLdd2.c **** /*
 194:../Generated_Code/BitIoLdd2.c **** ** ===================================================================
 195:../Generated_Code/BitIoLdd2.c **** **     Method      :  BitIoLdd2_SetVal (component BitIO_LDD)
 196:../Generated_Code/BitIoLdd2.c **** **
 197:../Generated_Code/BitIoLdd2.c **** **     Description :
 198:../Generated_Code/BitIoLdd2.c **** **         Sets (to one) the output value. It is equivalent to the
 199:../Generated_Code/BitIoLdd2.c **** **         [PutVal(TRUE)]. This method is available only if the
 200:../Generated_Code/BitIoLdd2.c **** **         direction = _[output]_ or _[input/output]_.
 201:../Generated_Code/BitIoLdd2.c **** **     Parameters  :
 202:../Generated_Code/BitIoLdd2.c **** **         NAME            - DESCRIPTION
 203:../Generated_Code/BitIoLdd2.c **** **       * DeviceDataPtr   - Pointer to device data
 204:../Generated_Code/BitIoLdd2.c **** **                           structure returned by <Init> method.
 205:../Generated_Code/BitIoLdd2.c **** **     Returns     : Nothing
 206:../Generated_Code/BitIoLdd2.c **** ** ===================================================================
 207:../Generated_Code/BitIoLdd2.c **** */
 208:../Generated_Code/BitIoLdd2.c **** void BitIoLdd2_SetVal(LDD_TDeviceData *DeviceDataPtr)
 209:../Generated_Code/BitIoLdd2.c **** {
 254              		.loc 1 209 0
 255              		.cfi_startproc
 256 0000 80B5     		push	{r7, lr}
 257              	.LCFI12:
 258              		.cfi_def_cfa_offset 8
 259              		.cfi_offset 7, -8
 260              		.cfi_offset 14, -4
 261 0002 82B0     		sub	sp, sp, #8
 262              	.LCFI13:
 263              		.cfi_def_cfa_offset 16
 264 0004 00AF     		add	r7, sp, #0
 265              	.LCFI14:
 266              		.cfi_def_cfa_register 7
 267 0006 7860     		str	r0, [r7, #4]
 210:../Generated_Code/BitIoLdd2.c ****   (void)DeviceDataPtr;                 /* Parameter is not used, suppress unused argument warning *
 211:../Generated_Code/BitIoLdd2.c **** 
 212:../Generated_Code/BitIoLdd2.c ****   GPIO_PDD_SetPortDataOutputMask(BitIoLdd2_MODULE_BASE_ADDRESS, BitIoLdd2_PORT_MASK);
 268              		.loc 1 212 0
 269 0008 034B     		ldr	r3, .L16
 270 000a 8022     		mov	r2, #128
 271 000c 1203     		lsl	r2, r2, #12
 272 000e 5A60     		str	r2, [r3, #4]
 213:../Generated_Code/BitIoLdd2.c **** }
 273              		.loc 1 213 0
 274 0010 BD46     		mov	sp, r7
 275 0012 02B0     		add	sp, sp, #8
 276              		@ sp needed for prologue
 277 0014 80BD     		pop	{r7, pc}
 278              	.L17:
 279 0016 C046     		.align	2
 280              	.L16:
 281 0018 40F00FF8 		.word	-133173184
 282              		.cfi_endproc
 283              	.LFE4:
 285              		.section	.text.BitIoLdd2_NegVal,"ax",%progbits
 286              		.align	2
 287              		.global	BitIoLdd2_NegVal
 288              		.code	16
 289              		.thumb_func
 291              	BitIoLdd2_NegVal:
 292              	.LFB5:
 214:../Generated_Code/BitIoLdd2.c **** 
 215:../Generated_Code/BitIoLdd2.c **** /*
 216:../Generated_Code/BitIoLdd2.c **** ** ===================================================================
 217:../Generated_Code/BitIoLdd2.c **** **     Method      :  BitIoLdd2_NegVal (component BitIO_LDD)
 218:../Generated_Code/BitIoLdd2.c **** **
 219:../Generated_Code/BitIoLdd2.c **** **     Description :
 220:../Generated_Code/BitIoLdd2.c **** **         Negates (inverts) the output value. It is equivalent to the
 221:../Generated_Code/BitIoLdd2.c **** **         [PutVal(!GetVal())]. This method is available only if the
 222:../Generated_Code/BitIoLdd2.c **** **         direction = _[output]_ or _[input/output]_.
 223:../Generated_Code/BitIoLdd2.c **** **     Parameters  :
 224:../Generated_Code/BitIoLdd2.c **** **         NAME            - DESCRIPTION
 225:../Generated_Code/BitIoLdd2.c **** **       * DeviceDataPtr   - Pointer to device data
 226:../Generated_Code/BitIoLdd2.c **** **                           structure returned by <Init> method.
 227:../Generated_Code/BitIoLdd2.c **** **     Returns     : Nothing
 228:../Generated_Code/BitIoLdd2.c **** ** ===================================================================
 229:../Generated_Code/BitIoLdd2.c **** */
 230:../Generated_Code/BitIoLdd2.c **** void BitIoLdd2_NegVal(LDD_TDeviceData *DeviceDataPtr)
 231:../Generated_Code/BitIoLdd2.c **** {
 293              		.loc 1 231 0
 294              		.cfi_startproc
 295 0000 80B5     		push	{r7, lr}
 296              	.LCFI15:
 297              		.cfi_def_cfa_offset 8
 298              		.cfi_offset 7, -8
 299              		.cfi_offset 14, -4
 300 0002 82B0     		sub	sp, sp, #8
 301              	.LCFI16:
 302              		.cfi_def_cfa_offset 16
 303 0004 00AF     		add	r7, sp, #0
 304              	.LCFI17:
 305              		.cfi_def_cfa_register 7
 306 0006 7860     		str	r0, [r7, #4]
 232:../Generated_Code/BitIoLdd2.c ****   (void)DeviceDataPtr;                 /* Parameter is not used, suppress unused argument warning *
 233:../Generated_Code/BitIoLdd2.c **** 
 234:../Generated_Code/BitIoLdd2.c ****   GPIO_PDD_TogglePortDataOutputMask(BitIoLdd2_MODULE_BASE_ADDRESS, BitIoLdd2_PORT_MASK);
 307              		.loc 1 234 0
 308 0008 034B     		ldr	r3, .L19
 309 000a 8022     		mov	r2, #128
 310 000c 1203     		lsl	r2, r2, #12
 311 000e DA60     		str	r2, [r3, #12]
 235:../Generated_Code/BitIoLdd2.c **** }
 312              		.loc 1 235 0
 313 0010 BD46     		mov	sp, r7
 314 0012 02B0     		add	sp, sp, #8
 315              		@ sp needed for prologue
 316 0014 80BD     		pop	{r7, pc}
 317              	.L20:
 318 0016 C046     		.align	2
 319              	.L19:
 320 0018 40F00FF8 		.word	-133173184
 321              		.cfi_endproc
 322              	.LFE5:
 324              		.text
 325              	.Letext0:
 326              		.file 2 "C:/Freescale/CW MCU v10.3/MCU/ARM_GCC_Support/ewl/EWL_C/include/cstdint"
 327              		.file 3 "../Generated_Code/PE_Types.h"
 328              		.file 4 "../Generated_Code/IO_Map.h"
 329              		.file 5 "../Generated_Code/PE_LDD.h"
 330              		.file 6 "C:/Users/LARM/workspace/MQX-Lite + SPI + Motor + Ultrassom/MQXLITE/psp/cortex_m/psptypes.
DEFINED SYMBOLS
                            *ABS*:00000000 BitIoLdd2.c
C:\Users\LARM\AppData\Local\Temp\ccfPi1zB.s:18     .bss.DeviceDataPrv__DEFAULT_RTOS_ALLOC:00000000 $d
C:\Users\LARM\AppData\Local\Temp\ccfPi1zB.s:21     .bss.DeviceDataPrv__DEFAULT_RTOS_ALLOC:00000000 DeviceDataPrv__DEFAULT_RTOS_ALLOC
C:\Users\LARM\AppData\Local\Temp\ccfPi1zB.s:24     .text.BitIoLdd2_Init:00000000 $t
C:\Users\LARM\AppData\Local\Temp\ccfPi1zB.s:29     .text.BitIoLdd2_Init:00000000 BitIoLdd2_Init
C:\Users\LARM\AppData\Local\Temp\ccfPi1zB.s:95     .text.BitIoLdd2_Init:00000054 $d
C:\Users\LARM\AppData\Local\Temp\ccfPi1zB.s:105    .text.BitIoLdd2_GetVal:00000000 $t
C:\Users\LARM\AppData\Local\Temp\ccfPi1zB.s:110    .text.BitIoLdd2_GetVal:00000000 BitIoLdd2_GetVal
C:\Users\LARM\AppData\Local\Temp\ccfPi1zB.s:148    .text.BitIoLdd2_GetVal:00000028 $d
C:\Users\LARM\AppData\Local\Temp\ccfPi1zB.s:153    .text.BitIoLdd2_PutVal:00000000 $t
C:\Users\LARM\AppData\Local\Temp\ccfPi1zB.s:158    .text.BitIoLdd2_PutVal:00000000 BitIoLdd2_PutVal
C:\Users\LARM\AppData\Local\Temp\ccfPi1zB.s:203    .text.BitIoLdd2_PutVal:00000030 $d
C:\Users\LARM\AppData\Local\Temp\ccfPi1zB.s:208    .text.BitIoLdd2_ClrVal:00000000 $t
C:\Users\LARM\AppData\Local\Temp\ccfPi1zB.s:213    .text.BitIoLdd2_ClrVal:00000000 BitIoLdd2_ClrVal
C:\Users\LARM\AppData\Local\Temp\ccfPi1zB.s:242    .text.BitIoLdd2_ClrVal:00000018 $d
C:\Users\LARM\AppData\Local\Temp\ccfPi1zB.s:247    .text.BitIoLdd2_SetVal:00000000 $t
C:\Users\LARM\AppData\Local\Temp\ccfPi1zB.s:252    .text.BitIoLdd2_SetVal:00000000 BitIoLdd2_SetVal
C:\Users\LARM\AppData\Local\Temp\ccfPi1zB.s:281    .text.BitIoLdd2_SetVal:00000018 $d
C:\Users\LARM\AppData\Local\Temp\ccfPi1zB.s:286    .text.BitIoLdd2_NegVal:00000000 $t
C:\Users\LARM\AppData\Local\Temp\ccfPi1zB.s:291    .text.BitIoLdd2_NegVal:00000000 BitIoLdd2_NegVal
C:\Users\LARM\AppData\Local\Temp\ccfPi1zB.s:320    .text.BitIoLdd2_NegVal:00000018 $d
                     .debug_frame:00000010 $d

UNDEFINED SYMBOLS
PE_LDD_DeviceDataList
