   1              		.cpu cortex-m0
   2              		.fpu softvfp
   3              		.eabi_attribute 20, 1
   4              		.eabi_attribute 21, 1
   5              		.eabi_attribute 23, 3
   6              		.eabi_attribute 24, 1
   7              		.eabi_attribute 25, 1
   8              		.eabi_attribute 26, 1
   9              		.eabi_attribute 30, 6
  10              		.eabi_attribute 34, 0
  11              		.eabi_attribute 18, 4
  12              		.code	16
  13              		.file	"BitIoLdd4.c"
  14              		.text
  15              	.Ltext0:
  16              		.cfi_sections	.debug_frame
  17              		.section	.bss.DeviceDataPrv__DEFAULT_RTOS_ALLOC,"aw",%nobits
  18              		.align	2
  21              	DeviceDataPrv__DEFAULT_RTOS_ALLOC:
  22 0000 00000000 		.space	4
  23              		.section	.text.BitIoLdd4_Init,"ax",%progbits
  24              		.align	2
  25              		.global	BitIoLdd4_Init
  26              		.code	16
  27              		.thumb_func
  29              	BitIoLdd4_Init:
  30              	.LFB0:
  31              		.file 1 "../Generated_Code/BitIoLdd4.c"
   1:../Generated_Code/BitIoLdd4.c **** /** ###################################################################
   2:../Generated_Code/BitIoLdd4.c **** **     THIS COMPONENT MODULE IS GENERATED BY THE TOOL. DO NOT MODIFY IT.
   3:../Generated_Code/BitIoLdd4.c **** **     Filename    : BitIoLdd4.c
   4:../Generated_Code/BitIoLdd4.c **** **     Project     : ProcessorExpert
   5:../Generated_Code/BitIoLdd4.c **** **     Processor   : MKL25Z128VLK4
   6:../Generated_Code/BitIoLdd4.c **** **     Component   : BitIO_LDD
   7:../Generated_Code/BitIoLdd4.c **** **     Version     : Component 01.031, Driver 01.00, CPU db: 3.00.000
   8:../Generated_Code/BitIoLdd4.c **** **     Compiler    : GNU C Compiler
   9:../Generated_Code/BitIoLdd4.c **** **     Date/Time   : 2013-09-09, 14:34, # CodeGen: 47
  10:../Generated_Code/BitIoLdd4.c **** **     Abstract    :
  11:../Generated_Code/BitIoLdd4.c **** **         The HAL BitIO component provides a low level API for unified
  12:../Generated_Code/BitIoLdd4.c **** **         access to general purpose digital input/output pins across
  13:../Generated_Code/BitIoLdd4.c **** **         various device designs.
  14:../Generated_Code/BitIoLdd4.c **** **
  15:../Generated_Code/BitIoLdd4.c **** **         RTOS drivers using HAL BitIO API are simpler and more
  16:../Generated_Code/BitIoLdd4.c **** **         portable to various microprocessors.
  17:../Generated_Code/BitIoLdd4.c **** **     Settings    :
  18:../Generated_Code/BitIoLdd4.c **** **          Component name                                 : BitIoLdd4
  19:../Generated_Code/BitIoLdd4.c **** **          Pin for I/O                                    : PTE1/SPI1_MOSI/UART1_RX/SPI1_MISO/I2C1
  20:../Generated_Code/BitIoLdd4.c **** **          Pin signal                                     : 
  21:../Generated_Code/BitIoLdd4.c **** **          Direction                                      : Output
  22:../Generated_Code/BitIoLdd4.c **** **          Initialization                                 : 
  23:../Generated_Code/BitIoLdd4.c **** **            Init. direction                              : Output
  24:../Generated_Code/BitIoLdd4.c **** **            Init. value                                  : 0
  25:../Generated_Code/BitIoLdd4.c **** **            Auto Initialization                          : yes
  26:../Generated_Code/BitIoLdd4.c **** **          Safe mode                                      : yes
  27:../Generated_Code/BitIoLdd4.c **** **     Contents    :
  28:../Generated_Code/BitIoLdd4.c **** **         Init   - LDD_TDeviceData* BitIoLdd4_Init(LDD_TUserData *UserDataPtr);
  29:../Generated_Code/BitIoLdd4.c **** **         GetVal - bool BitIoLdd4_GetVal(LDD_TDeviceData *DeviceDataPtr);
  30:../Generated_Code/BitIoLdd4.c **** **         ClrVal - void BitIoLdd4_ClrVal(LDD_TDeviceData *DeviceDataPtr);
  31:../Generated_Code/BitIoLdd4.c **** **         SetVal - void BitIoLdd4_SetVal(LDD_TDeviceData *DeviceDataPtr);
  32:../Generated_Code/BitIoLdd4.c **** **         NegVal - void BitIoLdd4_NegVal(LDD_TDeviceData *DeviceDataPtr);
  33:../Generated_Code/BitIoLdd4.c **** **
  34:../Generated_Code/BitIoLdd4.c **** **     Copyright : 1997 - 2012 Freescale, Inc. All Rights Reserved.
  35:../Generated_Code/BitIoLdd4.c **** **     
  36:../Generated_Code/BitIoLdd4.c **** **     http      : www.freescale.com
  37:../Generated_Code/BitIoLdd4.c **** **     mail      : support@freescale.com
  38:../Generated_Code/BitIoLdd4.c **** ** ###################################################################*/
  39:../Generated_Code/BitIoLdd4.c **** 
  40:../Generated_Code/BitIoLdd4.c **** /* MODULE BitIoLdd4. */
  41:../Generated_Code/BitIoLdd4.c **** 
  42:../Generated_Code/BitIoLdd4.c **** #include "BitIoLdd4.h"
  43:../Generated_Code/BitIoLdd4.c **** 
  44:../Generated_Code/BitIoLdd4.c **** typedef struct {
  45:../Generated_Code/BitIoLdd4.c ****   LDD_TUserData *UserDataPtr;          /* Pointer to user data */
  46:../Generated_Code/BitIoLdd4.c **** } BitIoLdd4_TDeviceData;               /* Device data structure type */
  47:../Generated_Code/BitIoLdd4.c **** 
  48:../Generated_Code/BitIoLdd4.c **** typedef BitIoLdd4_TDeviceData *BitIoLdd4_TDeviceDataPtr ; /* Pointer to the device data structure. 
  49:../Generated_Code/BitIoLdd4.c **** 
  50:../Generated_Code/BitIoLdd4.c **** /* {MQXLite RTOS Adapter} Static object used for simulation of dynamic driver memory allocation */
  51:../Generated_Code/BitIoLdd4.c **** static BitIoLdd4_TDeviceData DeviceDataPrv__DEFAULT_RTOS_ALLOC;
  52:../Generated_Code/BitIoLdd4.c **** /*
  53:../Generated_Code/BitIoLdd4.c **** ** ===================================================================
  54:../Generated_Code/BitIoLdd4.c **** **     Method      :  BitIoLdd4_Init (component BitIO_LDD)
  55:../Generated_Code/BitIoLdd4.c **** **
  56:../Generated_Code/BitIoLdd4.c **** **     Description :
  57:../Generated_Code/BitIoLdd4.c **** **         Initializes the device. Allocates memory for the device data
  58:../Generated_Code/BitIoLdd4.c **** **         structure, allocates interrupt vectors and sets interrupt
  59:../Generated_Code/BitIoLdd4.c **** **         priority, sets pin routing, sets timing, etc. If the "Enable
  60:../Generated_Code/BitIoLdd4.c **** **         in init. code" is set to "yes" value then the device is also
  61:../Generated_Code/BitIoLdd4.c **** **         enabled(see the description of the Enable() method). In this
  62:../Generated_Code/BitIoLdd4.c **** **         case the Enable() method is not necessary and needn't to be
  63:../Generated_Code/BitIoLdd4.c **** **         generated. 
  64:../Generated_Code/BitIoLdd4.c **** **     Parameters  :
  65:../Generated_Code/BitIoLdd4.c **** **         NAME            - DESCRIPTION
  66:../Generated_Code/BitIoLdd4.c **** **       * UserDataPtr     - Pointer to the user or
  67:../Generated_Code/BitIoLdd4.c **** **                           RTOS specific data. This pointer will be
  68:../Generated_Code/BitIoLdd4.c **** **                           passed as an event or callback parameter.
  69:../Generated_Code/BitIoLdd4.c **** **     Returns     :
  70:../Generated_Code/BitIoLdd4.c **** **         ---             - Pointer to the dynamically allocated
  71:../Generated_Code/BitIoLdd4.c **** **                           private structure or NULL if there was an
  72:../Generated_Code/BitIoLdd4.c **** **                           error.
  73:../Generated_Code/BitIoLdd4.c **** ** ===================================================================
  74:../Generated_Code/BitIoLdd4.c **** */
  75:../Generated_Code/BitIoLdd4.c **** LDD_TDeviceData* BitIoLdd4_Init(LDD_TUserData *UserDataPtr)
  76:../Generated_Code/BitIoLdd4.c **** {
  32              		.loc 1 76 0
  33              		.cfi_startproc
  34 0000 80B5     		push	{r7, lr}
  35              	.LCFI0:
  36              		.cfi_def_cfa_offset 8
  37              		.cfi_offset 7, -8
  38              		.cfi_offset 14, -4
  39 0002 84B0     		sub	sp, sp, #16
  40              	.LCFI1:
  41              		.cfi_def_cfa_offset 24
  42 0004 00AF     		add	r7, sp, #0
  43              	.LCFI2:
  44              		.cfi_def_cfa_register 7
  45 0006 7860     		str	r0, [r7, #4]
  77:../Generated_Code/BitIoLdd4.c ****   /* Allocate device structure */
  78:../Generated_Code/BitIoLdd4.c ****   BitIoLdd4_TDeviceDataPtr DeviceDataPrv;
  79:../Generated_Code/BitIoLdd4.c ****   /* {MQXLite RTOS Adapter} Driver memory allocation: Dynamic allocation is simulated by a pointer 
  80:../Generated_Code/BitIoLdd4.c ****   DeviceDataPrv = &DeviceDataPrv__DEFAULT_RTOS_ALLOC;
  46              		.loc 1 80 0
  47 0008 114B     		ldr	r3, .L2
  48 000a FB60     		str	r3, [r7, #12]
  81:../Generated_Code/BitIoLdd4.c **** 
  82:../Generated_Code/BitIoLdd4.c ****   DeviceDataPrv->UserDataPtr = UserDataPtr; /* Store the RTOS device structure */
  49              		.loc 1 82 0
  50 000c FB68     		ldr	r3, [r7, #12]
  51 000e 7A68     		ldr	r2, [r7, #4]
  52 0010 1A60     		str	r2, [r3]
  83:../Generated_Code/BitIoLdd4.c **** 
  84:../Generated_Code/BitIoLdd4.c ****   /* Configure pin as output */
  85:../Generated_Code/BitIoLdd4.c ****   /* GPIOE_PDDR: PDD|=2 */
  86:../Generated_Code/BitIoLdd4.c ****   GPIOE_PDDR |= GPIO_PDDR_PDD(0x02);                                                   
  53              		.loc 1 86 0
  54 0012 104B     		ldr	r3, .L2+4
  55 0014 0F4A     		ldr	r2, .L2+4
  56 0016 5269     		ldr	r2, [r2, #20]
  57 0018 0221     		mov	r1, #2
  58 001a 0A43     		orr	r2, r1
  59 001c 5A61     		str	r2, [r3, #20]
  87:../Generated_Code/BitIoLdd4.c **** 
  88:../Generated_Code/BitIoLdd4.c ****   /* Set initialization value */
  89:../Generated_Code/BitIoLdd4.c ****   /* GPIOE_PDOR: PDO&=~2 */
  90:../Generated_Code/BitIoLdd4.c ****   GPIOE_PDOR &= (uint32_t)~(uint32_t)(GPIO_PDOR_PDO(0x02));                                        
  60              		.loc 1 90 0
  61 001e 0D4B     		ldr	r3, .L2+4
  62 0020 0C4A     		ldr	r2, .L2+4
  63 0022 1268     		ldr	r2, [r2]
  64 0024 0221     		mov	r1, #2
  65 0026 8A43     		bic	r2, r1
  66 0028 1A60     		str	r2, [r3]
  91:../Generated_Code/BitIoLdd4.c **** 
  92:../Generated_Code/BitIoLdd4.c ****   /* Initialization of Port Control register */
  93:../Generated_Code/BitIoLdd4.c ****   /* PORTE_PCR1: ISF=0,MUX=1 */
  94:../Generated_Code/BitIoLdd4.c ****   PORTE_PCR1 = (uint32_t)((PORTE_PCR1 & (uint32_t)~(uint32_t)(
  67              		.loc 1 94 0
  68 002a 0B4B     		ldr	r3, .L2+8
  69 002c 0A4A     		ldr	r2, .L2+8
  70 002e 5268     		ldr	r2, [r2, #4]
  71 0030 111C     		mov	r1, r2
  72 0032 0A4A     		ldr	r2, .L2+12
  73 0034 0A40     		and	r2, r1
  74 0036 8021     		mov	r1, #128
  75 0038 4900     		lsl	r1, r1, #1
  76 003a 0A43     		orr	r2, r1
  77 003c 5A60     		str	r2, [r3, #4]
  95:../Generated_Code/BitIoLdd4.c ****                 PORT_PCR_ISF_MASK |
  96:../Generated_Code/BitIoLdd4.c ****                 PORT_PCR_MUX(0x06)
  97:../Generated_Code/BitIoLdd4.c ****                )) | (uint32_t)(
  98:../Generated_Code/BitIoLdd4.c ****                 PORT_PCR_MUX(0x01)
  99:../Generated_Code/BitIoLdd4.c ****                ));                                                  
 100:../Generated_Code/BitIoLdd4.c ****   /* Registration of the device structure */
 101:../Generated_Code/BitIoLdd4.c ****   PE_LDD_RegisterDeviceStructure(PE_LDD_COMPONENT_BitIoLdd4_ID,DeviceDataPrv);
  78              		.loc 1 101 0
  79 003e 084B     		ldr	r3, .L2+16
  80 0040 FA68     		ldr	r2, [r7, #12]
  81 0042 1A62     		str	r2, [r3, #32]
 102:../Generated_Code/BitIoLdd4.c ****   return ((LDD_TDeviceData *)DeviceDataPrv);
  82              		.loc 1 102 0
  83 0044 FB68     		ldr	r3, [r7, #12]
 103:../Generated_Code/BitIoLdd4.c **** }
  84              		.loc 1 103 0
  85 0046 181C     		mov	r0, r3
  86 0048 BD46     		mov	sp, r7
  87 004a 04B0     		add	sp, sp, #16
  88              		@ sp needed for prologue
  89 004c 80BD     		pop	{r7, pc}
  90              	.L3:
  91 004e C046     		.align	2
  92              	.L2:
  93 0050 00000000 		.word	DeviceDataPrv__DEFAULT_RTOS_ALLOC
  94 0054 00F10F40 		.word	1074786560
  95 0058 00D00440 		.word	1074057216
  96 005c FFF8FFFE 		.word	-16779009
  97 0060 00000000 		.word	PE_LDD_DeviceDataList
  98              		.cfi_endproc
  99              	.LFE0:
 101              		.section	.text.BitIoLdd4_GetVal,"ax",%progbits
 102              		.align	2
 103              		.global	BitIoLdd4_GetVal
 104              		.code	16
 105              		.thumb_func
 107              	BitIoLdd4_GetVal:
 108              	.LFB1:
 104:../Generated_Code/BitIoLdd4.c **** /*
 105:../Generated_Code/BitIoLdd4.c **** ** ===================================================================
 106:../Generated_Code/BitIoLdd4.c **** **     Method      :  BitIoLdd4_GetVal (component BitIO_LDD)
 107:../Generated_Code/BitIoLdd4.c **** **
 108:../Generated_Code/BitIoLdd4.c **** **     Description :
 109:../Generated_Code/BitIoLdd4.c **** **         Returns the input/output value. If the direction is [input]
 110:../Generated_Code/BitIoLdd4.c **** **         then the input value of the pin is read and returned. If the
 111:../Generated_Code/BitIoLdd4.c **** **         direction is [output] then the last written value is read
 112:../Generated_Code/BitIoLdd4.c **** **         and returned (see <Safe mode> property for limitations).
 113:../Generated_Code/BitIoLdd4.c **** **         This method cannot be disabled if direction is [input].
 114:../Generated_Code/BitIoLdd4.c **** **     Parameters  :
 115:../Generated_Code/BitIoLdd4.c **** **         NAME            - DESCRIPTION
 116:../Generated_Code/BitIoLdd4.c **** **       * DeviceDataPtr   - Device data structure
 117:../Generated_Code/BitIoLdd4.c **** **                           pointer returned by <Init> method.
 118:../Generated_Code/BitIoLdd4.c **** **     Returns     :
 119:../Generated_Code/BitIoLdd4.c **** **         ---             - Input or output value. Possible values:
 120:../Generated_Code/BitIoLdd4.c **** **                           <false> - logical "0" (Low level)
 121:../Generated_Code/BitIoLdd4.c **** **                           <true> - logical "1" (High level)
 122:../Generated_Code/BitIoLdd4.c **** ** ===================================================================
 123:../Generated_Code/BitIoLdd4.c **** */
 124:../Generated_Code/BitIoLdd4.c **** bool BitIoLdd4_GetVal(LDD_TDeviceData *DeviceDataPtr)
 125:../Generated_Code/BitIoLdd4.c **** {
 109              		.loc 1 125 0
 110              		.cfi_startproc
 111 0000 80B5     		push	{r7, lr}
 112              	.LCFI3:
 113              		.cfi_def_cfa_offset 8
 114              		.cfi_offset 7, -8
 115              		.cfi_offset 14, -4
 116 0002 84B0     		sub	sp, sp, #16
 117              	.LCFI4:
 118              		.cfi_def_cfa_offset 24
 119 0004 00AF     		add	r7, sp, #0
 120              	.LCFI5:
 121              		.cfi_def_cfa_register 7
 122 0006 7860     		str	r0, [r7, #4]
 126:../Generated_Code/BitIoLdd4.c ****   uint32_t portData;                   /* Port data masked according to the bit used */
 127:../Generated_Code/BitIoLdd4.c **** 
 128:../Generated_Code/BitIoLdd4.c ****   (void)DeviceDataPtr;                 /* Parameter is not used, suppress unused argument warning *
 129:../Generated_Code/BitIoLdd4.c **** 
 130:../Generated_Code/BitIoLdd4.c ****   portData = GPIO_PDD_GetPortDataOutput(BitIoLdd4_MODULE_BASE_ADDRESS) & BitIoLdd4_PORT_MASK;
 123              		.loc 1 130 0
 124 0008 064B     		ldr	r3, .L5
 125 000a 1B68     		ldr	r3, [r3]
 126 000c 1A1C     		mov	r2, r3
 127 000e 0223     		mov	r3, #2
 128 0010 1340     		and	r3, r2
 129 0012 FB60     		str	r3, [r7, #12]
 131:../Generated_Code/BitIoLdd4.c **** 
 132:../Generated_Code/BitIoLdd4.c ****   return (portData != 0U) ? (bool)TRUE : (bool)FALSE;
 130              		.loc 1 132 0
 131 0014 FB68     		ldr	r3, [r7, #12]
 132 0016 5A1E     		sub	r2, r3, #1
 133 0018 9341     		sbc	r3, r3, r2
 134 001a DBB2     		uxtb	r3, r3
 133:../Generated_Code/BitIoLdd4.c **** }
 135              		.loc 1 133 0
 136 001c 181C     		mov	r0, r3
 137 001e BD46     		mov	sp, r7
 138 0020 04B0     		add	sp, sp, #16
 139              		@ sp needed for prologue
 140 0022 80BD     		pop	{r7, pc}
 141              	.L6:
 142              		.align	2
 143              	.L5:
 144 0024 00F10FF8 		.word	-133172992
 145              		.cfi_endproc
 146              	.LFE1:
 148              		.section	.text.BitIoLdd4_ClrVal,"ax",%progbits
 149              		.align	2
 150              		.global	BitIoLdd4_ClrVal
 151              		.code	16
 152              		.thumb_func
 154              	BitIoLdd4_ClrVal:
 155              	.LFB2:
 134:../Generated_Code/BitIoLdd4.c **** 
 135:../Generated_Code/BitIoLdd4.c **** /*
 136:../Generated_Code/BitIoLdd4.c **** ** ===================================================================
 137:../Generated_Code/BitIoLdd4.c **** **     Method      :  BitIoLdd4_ClrVal (component BitIO_LDD)
 138:../Generated_Code/BitIoLdd4.c **** **
 139:../Generated_Code/BitIoLdd4.c **** **     Description :
 140:../Generated_Code/BitIoLdd4.c **** **         Clears (set to zero) the output value. It is equivalent to
 141:../Generated_Code/BitIoLdd4.c **** **         the [PutVal(FALSE)]. This method is available only if the
 142:../Generated_Code/BitIoLdd4.c **** **         direction = _[output]_ or _[input/output]_.
 143:../Generated_Code/BitIoLdd4.c **** **     Parameters  :
 144:../Generated_Code/BitIoLdd4.c **** **         NAME            - DESCRIPTION
 145:../Generated_Code/BitIoLdd4.c **** **       * DeviceDataPtr   - Pointer to device data
 146:../Generated_Code/BitIoLdd4.c **** **                           structure returned by <Init> method.
 147:../Generated_Code/BitIoLdd4.c **** **     Returns     : Nothing
 148:../Generated_Code/BitIoLdd4.c **** ** ===================================================================
 149:../Generated_Code/BitIoLdd4.c **** */
 150:../Generated_Code/BitIoLdd4.c **** void BitIoLdd4_ClrVal(LDD_TDeviceData *DeviceDataPtr)
 151:../Generated_Code/BitIoLdd4.c **** {
 156              		.loc 1 151 0
 157              		.cfi_startproc
 158 0000 80B5     		push	{r7, lr}
 159              	.LCFI6:
 160              		.cfi_def_cfa_offset 8
 161              		.cfi_offset 7, -8
 162              		.cfi_offset 14, -4
 163 0002 82B0     		sub	sp, sp, #8
 164              	.LCFI7:
 165              		.cfi_def_cfa_offset 16
 166 0004 00AF     		add	r7, sp, #0
 167              	.LCFI8:
 168              		.cfi_def_cfa_register 7
 169 0006 7860     		str	r0, [r7, #4]
 152:../Generated_Code/BitIoLdd4.c ****   (void)DeviceDataPtr;                 /* Parameter is not used, suppress unused argument warning *
 153:../Generated_Code/BitIoLdd4.c **** 
 154:../Generated_Code/BitIoLdd4.c ****   GPIO_PDD_ClearPortDataOutputMask(BitIoLdd4_MODULE_BASE_ADDRESS, BitIoLdd4_PORT_MASK);
 170              		.loc 1 154 0
 171 0008 024B     		ldr	r3, .L8
 172 000a 0222     		mov	r2, #2
 173 000c 9A60     		str	r2, [r3, #8]
 155:../Generated_Code/BitIoLdd4.c **** }
 174              		.loc 1 155 0
 175 000e BD46     		mov	sp, r7
 176 0010 02B0     		add	sp, sp, #8
 177              		@ sp needed for prologue
 178 0012 80BD     		pop	{r7, pc}
 179              	.L9:
 180              		.align	2
 181              	.L8:
 182 0014 00F10FF8 		.word	-133172992
 183              		.cfi_endproc
 184              	.LFE2:
 186              		.section	.text.BitIoLdd4_SetVal,"ax",%progbits
 187              		.align	2
 188              		.global	BitIoLdd4_SetVal
 189              		.code	16
 190              		.thumb_func
 192              	BitIoLdd4_SetVal:
 193              	.LFB3:
 156:../Generated_Code/BitIoLdd4.c **** 
 157:../Generated_Code/BitIoLdd4.c **** /*
 158:../Generated_Code/BitIoLdd4.c **** ** ===================================================================
 159:../Generated_Code/BitIoLdd4.c **** **     Method      :  BitIoLdd4_SetVal (component BitIO_LDD)
 160:../Generated_Code/BitIoLdd4.c **** **
 161:../Generated_Code/BitIoLdd4.c **** **     Description :
 162:../Generated_Code/BitIoLdd4.c **** **         Sets (to one) the output value. It is equivalent to the
 163:../Generated_Code/BitIoLdd4.c **** **         [PutVal(TRUE)]. This method is available only if the
 164:../Generated_Code/BitIoLdd4.c **** **         direction = _[output]_ or _[input/output]_.
 165:../Generated_Code/BitIoLdd4.c **** **     Parameters  :
 166:../Generated_Code/BitIoLdd4.c **** **         NAME            - DESCRIPTION
 167:../Generated_Code/BitIoLdd4.c **** **       * DeviceDataPtr   - Pointer to device data
 168:../Generated_Code/BitIoLdd4.c **** **                           structure returned by <Init> method.
 169:../Generated_Code/BitIoLdd4.c **** **     Returns     : Nothing
 170:../Generated_Code/BitIoLdd4.c **** ** ===================================================================
 171:../Generated_Code/BitIoLdd4.c **** */
 172:../Generated_Code/BitIoLdd4.c **** void BitIoLdd4_SetVal(LDD_TDeviceData *DeviceDataPtr)
 173:../Generated_Code/BitIoLdd4.c **** {
 194              		.loc 1 173 0
 195              		.cfi_startproc
 196 0000 80B5     		push	{r7, lr}
 197              	.LCFI9:
 198              		.cfi_def_cfa_offset 8
 199              		.cfi_offset 7, -8
 200              		.cfi_offset 14, -4
 201 0002 82B0     		sub	sp, sp, #8
 202              	.LCFI10:
 203              		.cfi_def_cfa_offset 16
 204 0004 00AF     		add	r7, sp, #0
 205              	.LCFI11:
 206              		.cfi_def_cfa_register 7
 207 0006 7860     		str	r0, [r7, #4]
 174:../Generated_Code/BitIoLdd4.c ****   (void)DeviceDataPtr;                 /* Parameter is not used, suppress unused argument warning *
 175:../Generated_Code/BitIoLdd4.c **** 
 176:../Generated_Code/BitIoLdd4.c ****   GPIO_PDD_SetPortDataOutputMask(BitIoLdd4_MODULE_BASE_ADDRESS, BitIoLdd4_PORT_MASK);
 208              		.loc 1 176 0
 209 0008 024B     		ldr	r3, .L11
 210 000a 0222     		mov	r2, #2
 211 000c 5A60     		str	r2, [r3, #4]
 177:../Generated_Code/BitIoLdd4.c **** }
 212              		.loc 1 177 0
 213 000e BD46     		mov	sp, r7
 214 0010 02B0     		add	sp, sp, #8
 215              		@ sp needed for prologue
 216 0012 80BD     		pop	{r7, pc}
 217              	.L12:
 218              		.align	2
 219              	.L11:
 220 0014 00F10FF8 		.word	-133172992
 221              		.cfi_endproc
 222              	.LFE3:
 224              		.section	.text.BitIoLdd4_NegVal,"ax",%progbits
 225              		.align	2
 226              		.global	BitIoLdd4_NegVal
 227              		.code	16
 228              		.thumb_func
 230              	BitIoLdd4_NegVal:
 231              	.LFB4:
 178:../Generated_Code/BitIoLdd4.c **** 
 179:../Generated_Code/BitIoLdd4.c **** /*
 180:../Generated_Code/BitIoLdd4.c **** ** ===================================================================
 181:../Generated_Code/BitIoLdd4.c **** **     Method      :  BitIoLdd4_NegVal (component BitIO_LDD)
 182:../Generated_Code/BitIoLdd4.c **** **
 183:../Generated_Code/BitIoLdd4.c **** **     Description :
 184:../Generated_Code/BitIoLdd4.c **** **         Negates (inverts) the output value. It is equivalent to the
 185:../Generated_Code/BitIoLdd4.c **** **         [PutVal(!GetVal())]. This method is available only if the
 186:../Generated_Code/BitIoLdd4.c **** **         direction = _[output]_ or _[input/output]_.
 187:../Generated_Code/BitIoLdd4.c **** **     Parameters  :
 188:../Generated_Code/BitIoLdd4.c **** **         NAME            - DESCRIPTION
 189:../Generated_Code/BitIoLdd4.c **** **       * DeviceDataPtr   - Pointer to device data
 190:../Generated_Code/BitIoLdd4.c **** **                           structure returned by <Init> method.
 191:../Generated_Code/BitIoLdd4.c **** **     Returns     : Nothing
 192:../Generated_Code/BitIoLdd4.c **** ** ===================================================================
 193:../Generated_Code/BitIoLdd4.c **** */
 194:../Generated_Code/BitIoLdd4.c **** void BitIoLdd4_NegVal(LDD_TDeviceData *DeviceDataPtr)
 195:../Generated_Code/BitIoLdd4.c **** {
 232              		.loc 1 195 0
 233              		.cfi_startproc
 234 0000 80B5     		push	{r7, lr}
 235              	.LCFI12:
 236              		.cfi_def_cfa_offset 8
 237              		.cfi_offset 7, -8
 238              		.cfi_offset 14, -4
 239 0002 82B0     		sub	sp, sp, #8
 240              	.LCFI13:
 241              		.cfi_def_cfa_offset 16
 242 0004 00AF     		add	r7, sp, #0
 243              	.LCFI14:
 244              		.cfi_def_cfa_register 7
 245 0006 7860     		str	r0, [r7, #4]
 196:../Generated_Code/BitIoLdd4.c ****   (void)DeviceDataPtr;                 /* Parameter is not used, suppress unused argument warning *
 197:../Generated_Code/BitIoLdd4.c **** 
 198:../Generated_Code/BitIoLdd4.c ****   GPIO_PDD_TogglePortDataOutputMask(BitIoLdd4_MODULE_BASE_ADDRESS, BitIoLdd4_PORT_MASK);
 246              		.loc 1 198 0
 247 0008 024B     		ldr	r3, .L14
 248 000a 0222     		mov	r2, #2
 249 000c DA60     		str	r2, [r3, #12]
 199:../Generated_Code/BitIoLdd4.c **** }
 250              		.loc 1 199 0
 251 000e BD46     		mov	sp, r7
 252 0010 02B0     		add	sp, sp, #8
 253              		@ sp needed for prologue
 254 0012 80BD     		pop	{r7, pc}
 255              	.L15:
 256              		.align	2
 257              	.L14:
 258 0014 00F10FF8 		.word	-133172992
 259              		.cfi_endproc
 260              	.LFE4:
 262              		.text
 263              	.Letext0:
 264              		.file 2 "C:/Freescale/CW MCU v10.3/MCU/ARM_GCC_Support/ewl/EWL_C/include/cstdint"
 265              		.file 3 "../Generated_Code/PE_Types.h"
 266              		.file 4 "../Generated_Code/IO_Map.h"
 267              		.file 5 "../Generated_Code/PE_LDD.h"
 268              		.file 6 "C:/Users/LARM/workspace/MQX-Lite + SPI + Motor + Ultrassom/MQXLITE/psp/cortex_m/psptypes.
DEFINED SYMBOLS
                            *ABS*:00000000 BitIoLdd4.c
C:\Users\LARM\AppData\Local\Temp\ccZsRvwy.s:18     .bss.DeviceDataPrv__DEFAULT_RTOS_ALLOC:00000000 $d
C:\Users\LARM\AppData\Local\Temp\ccZsRvwy.s:21     .bss.DeviceDataPrv__DEFAULT_RTOS_ALLOC:00000000 DeviceDataPrv__DEFAULT_RTOS_ALLOC
C:\Users\LARM\AppData\Local\Temp\ccZsRvwy.s:24     .text.BitIoLdd4_Init:00000000 $t
C:\Users\LARM\AppData\Local\Temp\ccZsRvwy.s:29     .text.BitIoLdd4_Init:00000000 BitIoLdd4_Init
C:\Users\LARM\AppData\Local\Temp\ccZsRvwy.s:93     .text.BitIoLdd4_Init:00000050 $d
C:\Users\LARM\AppData\Local\Temp\ccZsRvwy.s:102    .text.BitIoLdd4_GetVal:00000000 $t
C:\Users\LARM\AppData\Local\Temp\ccZsRvwy.s:107    .text.BitIoLdd4_GetVal:00000000 BitIoLdd4_GetVal
C:\Users\LARM\AppData\Local\Temp\ccZsRvwy.s:144    .text.BitIoLdd4_GetVal:00000024 $d
C:\Users\LARM\AppData\Local\Temp\ccZsRvwy.s:149    .text.BitIoLdd4_ClrVal:00000000 $t
C:\Users\LARM\AppData\Local\Temp\ccZsRvwy.s:154    .text.BitIoLdd4_ClrVal:00000000 BitIoLdd4_ClrVal
C:\Users\LARM\AppData\Local\Temp\ccZsRvwy.s:182    .text.BitIoLdd4_ClrVal:00000014 $d
C:\Users\LARM\AppData\Local\Temp\ccZsRvwy.s:187    .text.BitIoLdd4_SetVal:00000000 $t
C:\Users\LARM\AppData\Local\Temp\ccZsRvwy.s:192    .text.BitIoLdd4_SetVal:00000000 BitIoLdd4_SetVal
C:\Users\LARM\AppData\Local\Temp\ccZsRvwy.s:220    .text.BitIoLdd4_SetVal:00000014 $d
C:\Users\LARM\AppData\Local\Temp\ccZsRvwy.s:225    .text.BitIoLdd4_NegVal:00000000 $t
C:\Users\LARM\AppData\Local\Temp\ccZsRvwy.s:230    .text.BitIoLdd4_NegVal:00000000 BitIoLdd4_NegVal
C:\Users\LARM\AppData\Local\Temp\ccZsRvwy.s:258    .text.BitIoLdd4_NegVal:00000014 $d
                     .debug_frame:00000010 $d

UNDEFINED SYMBOLS
PE_LDD_DeviceDataList
