   1              		.cpu cortex-m0
   2              		.fpu softvfp
   3              		.eabi_attribute 20, 1
   4              		.eabi_attribute 21, 1
   5              		.eabi_attribute 23, 3
   6              		.eabi_attribute 24, 1
   7              		.eabi_attribute 25, 1
   8              		.eabi_attribute 26, 1
   9              		.eabi_attribute 30, 6
  10              		.eabi_attribute 34, 0
  11              		.eabi_attribute 18, 4
  12              		.code	16
  13              		.file	"MF01.c"
  14              		.text
  15              	.Ltext0:
  16              		.cfi_sections	.debug_frame
  17              		.section	.text.MF01_Deinit,"ax",%progbits
  18              		.align	2
  19              		.global	MF01_Deinit
  20              		.code	16
  21              		.thumb_func
  23              	MF01_Deinit:
  24              	.LFB0:
  25              		.file 1 "../Generated_Code/MF01.c"
   1:../Generated_Code/MF01.c **** /** ###################################################################
   2:../Generated_Code/MF01.c **** **     THIS COMPONENT MODULE IS GENERATED BY THE TOOL. DO NOT MODIFY IT.
   3:../Generated_Code/MF01.c **** **     Filename    : MF01.c
   4:../Generated_Code/MF01.c **** **     Project     : ProcessorExpert
   5:../Generated_Code/MF01.c **** **     Processor   : MKL25Z128VLK4
   6:../Generated_Code/MF01.c **** **     Component   : LED
   7:../Generated_Code/MF01.c **** **     Version     : Component 01.061, Driver 01.00, CPU db: 3.00.000
   8:../Generated_Code/MF01.c **** **     Compiler    : GNU C Compiler
   9:../Generated_Code/MF01.c **** **     Date/Time   : 2013-09-09, 14:34, # CodeGen: 47
  10:../Generated_Code/MF01.c **** **     Abstract    :
  11:../Generated_Code/MF01.c **** **          This component implements a universal driver for a single LED.
  12:../Generated_Code/MF01.c **** **     Settings    :
  13:../Generated_Code/MF01.c **** **          Component name                                 : MF01
  14:../Generated_Code/MF01.c **** **          Turned On with initialization                  : no
  15:../Generated_Code/MF01.c **** **          HW Interface                                   : 
  16:../Generated_Code/MF01.c **** **            On/Off                                       : Enabled
  17:../Generated_Code/MF01.c **** **              Pin                                        : LEDpin
  18:../Generated_Code/MF01.c **** **            PWM                                          : Disabled
  19:../Generated_Code/MF01.c **** **            High Value means ON                          : no
  20:../Generated_Code/MF01.c **** **          Shell                                          : Disabled
  21:../Generated_Code/MF01.c **** **     Contents    :
  22:../Generated_Code/MF01.c **** **         Init       - void MF01_Init(void);
  23:../Generated_Code/MF01.c **** **         Deinit     - void MF01_Deinit(void);
  24:../Generated_Code/MF01.c **** **         On         - void MF01_On(void);
  25:../Generated_Code/MF01.c **** **         Off        - void MF01_Off(void);
  26:../Generated_Code/MF01.c **** **         Neg        - void MF01_Neg(void);
  27:../Generated_Code/MF01.c **** **         Get        - byte MF01_Get(void);
  28:../Generated_Code/MF01.c **** **         Put        - void MF01_Put(byte val);
  29:../Generated_Code/MF01.c **** **         SetRatio16 - void MF01_SetRatio16(word ratio);
  30:../Generated_Code/MF01.c **** **
  31:../Generated_Code/MF01.c **** **     License   : Open Source (LGPL)
  32:../Generated_Code/MF01.c **** **     Copyright : Erich Styger, 2013, all rights reserved.
  33:../Generated_Code/MF01.c **** **     Web       : www.mcuoneclipse.com
  34:../Generated_Code/MF01.c **** **     This an open source software implementing a driver using Processor Expert.
  35:../Generated_Code/MF01.c **** **     This is a free software and is opened for education, research and commercial developments un
  36:../Generated_Code/MF01.c **** **     * This is a free software and there is NO WARRANTY.
  37:../Generated_Code/MF01.c **** **     * No restriction on use. You can use, modify and redistribute it for personal, non-profit or
  38:../Generated_Code/MF01.c **** **     * Redistributions of source code must retain the above copyright notice.
  39:../Generated_Code/MF01.c **** ** ###################################################################*/
  40:../Generated_Code/MF01.c **** 
  41:../Generated_Code/MF01.c **** /* MODULE MF01. */
  42:../Generated_Code/MF01.c **** 
  43:../Generated_Code/MF01.c **** #include "MF01.h"
  44:../Generated_Code/MF01.c **** 
  45:../Generated_Code/MF01.c **** /*
  46:../Generated_Code/MF01.c **** ** ===================================================================
  47:../Generated_Code/MF01.c **** **     Method      :  MF01_On (component LED)
  48:../Generated_Code/MF01.c **** **
  49:../Generated_Code/MF01.c **** **     Description :
  50:../Generated_Code/MF01.c **** **         This turns the LED on.
  51:../Generated_Code/MF01.c **** **     Parameters  : None
  52:../Generated_Code/MF01.c **** **     Returns     : Nothing
  53:../Generated_Code/MF01.c **** ** ===================================================================
  54:../Generated_Code/MF01.c **** */
  55:../Generated_Code/MF01.c **** /*
  56:../Generated_Code/MF01.c **** ** ===================================================================
  57:../Generated_Code/MF01.c **** **     Method      :  MF01_Off (component LED)
  58:../Generated_Code/MF01.c **** **
  59:../Generated_Code/MF01.c **** **     Description :
  60:../Generated_Code/MF01.c **** **         This turns the LED off.
  61:../Generated_Code/MF01.c **** **     Parameters  : None
  62:../Generated_Code/MF01.c **** **     Returns     : Nothing
  63:../Generated_Code/MF01.c **** ** ===================================================================
  64:../Generated_Code/MF01.c **** */
  65:../Generated_Code/MF01.c **** /*
  66:../Generated_Code/MF01.c **** void MF01_Off(void)
  67:../Generated_Code/MF01.c **** {
  68:../Generated_Code/MF01.c ****   *** This method is implemented as macro in the header file
  69:../Generated_Code/MF01.c **** }
  70:../Generated_Code/MF01.c **** */
  71:../Generated_Code/MF01.c **** 
  72:../Generated_Code/MF01.c **** /*
  73:../Generated_Code/MF01.c **** ** ===================================================================
  74:../Generated_Code/MF01.c **** **     Method      :  MF01_Neg (component LED)
  75:../Generated_Code/MF01.c **** **
  76:../Generated_Code/MF01.c **** **     Description :
  77:../Generated_Code/MF01.c **** **         This negates/toggles the LED
  78:../Generated_Code/MF01.c **** **     Parameters  : None
  79:../Generated_Code/MF01.c **** **     Returns     : Nothing
  80:../Generated_Code/MF01.c **** ** ===================================================================
  81:../Generated_Code/MF01.c **** */
  82:../Generated_Code/MF01.c **** /*
  83:../Generated_Code/MF01.c **** void MF01_Neg(void)
  84:../Generated_Code/MF01.c **** {
  85:../Generated_Code/MF01.c ****   *** This method is implemented as macro in the header file
  86:../Generated_Code/MF01.c **** }
  87:../Generated_Code/MF01.c **** */
  88:../Generated_Code/MF01.c **** 
  89:../Generated_Code/MF01.c **** /*
  90:../Generated_Code/MF01.c **** ** ===================================================================
  91:../Generated_Code/MF01.c **** **     Method      :  MF01_Get (component LED)
  92:../Generated_Code/MF01.c **** **
  93:../Generated_Code/MF01.c **** **     Description :
  94:../Generated_Code/MF01.c **** **         This returns logical 1 in case the LED is on, 0 otherwise.
  95:../Generated_Code/MF01.c **** **     Parameters  : None
  96:../Generated_Code/MF01.c **** **     Returns     :
  97:../Generated_Code/MF01.c **** **         ---             - Status of the LED (on or off)
  98:../Generated_Code/MF01.c **** ** ===================================================================
  99:../Generated_Code/MF01.c **** */
 100:../Generated_Code/MF01.c **** /*
 101:../Generated_Code/MF01.c **** byte MF01_Get(void)
 102:../Generated_Code/MF01.c **** {
 103:../Generated_Code/MF01.c ****   *** This method is implemented as macro in the header file
 104:../Generated_Code/MF01.c **** }
 105:../Generated_Code/MF01.c **** */
 106:../Generated_Code/MF01.c **** 
 107:../Generated_Code/MF01.c **** /*
 108:../Generated_Code/MF01.c **** ** ===================================================================
 109:../Generated_Code/MF01.c **** **     Method      :  MF01_Init (component LED)
 110:../Generated_Code/MF01.c **** **
 111:../Generated_Code/MF01.c **** **     Description :
 112:../Generated_Code/MF01.c **** **         Performs the LED driver initialization.
 113:../Generated_Code/MF01.c **** **     Parameters  : None
 114:../Generated_Code/MF01.c **** **     Returns     : Nothing
 115:../Generated_Code/MF01.c **** ** ===================================================================
 116:../Generated_Code/MF01.c **** */
 117:../Generated_Code/MF01.c **** /*
 118:../Generated_Code/MF01.c **** void MF01_Init(void)
 119:../Generated_Code/MF01.c **** {
 120:../Generated_Code/MF01.c ****   *** This method is implemented as macro in the header file
 121:../Generated_Code/MF01.c **** }
 122:../Generated_Code/MF01.c **** */
 123:../Generated_Code/MF01.c **** 
 124:../Generated_Code/MF01.c **** /*
 125:../Generated_Code/MF01.c **** ** ===================================================================
 126:../Generated_Code/MF01.c **** **     Method      :  MF01_Put (component LED)
 127:../Generated_Code/MF01.c **** **
 128:../Generated_Code/MF01.c **** **     Description :
 129:../Generated_Code/MF01.c **** **         Turns the LED on or off.
 130:../Generated_Code/MF01.c **** **     Parameters  :
 131:../Generated_Code/MF01.c **** **         NAME            - DESCRIPTION
 132:../Generated_Code/MF01.c **** **         val             - value to define if the LED has to be on or
 133:../Generated_Code/MF01.c **** **                           off.
 134:../Generated_Code/MF01.c **** **     Returns     : Nothing
 135:../Generated_Code/MF01.c **** ** ===================================================================
 136:../Generated_Code/MF01.c **** */
 137:../Generated_Code/MF01.c **** /*
 138:../Generated_Code/MF01.c **** void MF01_Put(byte val)
 139:../Generated_Code/MF01.c **** {
 140:../Generated_Code/MF01.c ****   *** This method is implemented as macro in the header file
 141:../Generated_Code/MF01.c **** }
 142:../Generated_Code/MF01.c **** */
 143:../Generated_Code/MF01.c **** 
 144:../Generated_Code/MF01.c **** /*
 145:../Generated_Code/MF01.c **** ** ===================================================================
 146:../Generated_Code/MF01.c **** **     Method      :  MF01_Deinit (component LED)
 147:../Generated_Code/MF01.c **** **
 148:../Generated_Code/MF01.c **** **     Description :
 149:../Generated_Code/MF01.c **** **         Deinitializes the driver
 150:../Generated_Code/MF01.c **** **     Parameters  : None
 151:../Generated_Code/MF01.c **** **     Returns     : Nothing
 152:../Generated_Code/MF01.c **** ** ===================================================================
 153:../Generated_Code/MF01.c **** */
 154:../Generated_Code/MF01.c **** void MF01_Deinit(void)
 155:../Generated_Code/MF01.c **** {
  26              		.loc 1 155 0
  27              		.cfi_startproc
  28 0000 80B5     		push	{r7, lr}
  29              	.LCFI0:
  30              		.cfi_def_cfa_offset 8
  31              		.cfi_offset 7, -8
  32              		.cfi_offset 14, -4
  33 0002 00AF     		add	r7, sp, #0
  34              	.LCFI1:
  35              		.cfi_def_cfa_register 7
 156:../Generated_Code/MF01.c **** }
  36              		.loc 1 156 0
  37 0004 BD46     		mov	sp, r7
  38              		@ sp needed for prologue
  39 0006 80BD     		pop	{r7, pc}
  40              		.cfi_endproc
  41              	.LFE0:
  43              		.section	.text.MF01_SetRatio16,"ax",%progbits
  44              		.align	2
  45              		.global	MF01_SetRatio16
  46              		.code	16
  47              		.thumb_func
  49              	MF01_SetRatio16:
  50              	.LFB1:
 157:../Generated_Code/MF01.c **** 
 158:../Generated_Code/MF01.c **** /*
 159:../Generated_Code/MF01.c **** ** ===================================================================
 160:../Generated_Code/MF01.c **** **     Method      :  MF01_SetRatio16 (component LED)
 161:../Generated_Code/MF01.c **** **
 162:../Generated_Code/MF01.c **** **     Description :
 163:../Generated_Code/MF01.c **** **         Method to specify the duty cycle. If using a PWM pin, this
 164:../Generated_Code/MF01.c **** **         means the duty cycle is set. For On/off pins, values smaller
 165:../Generated_Code/MF01.c **** **         0x7FFF means off, while values greater means on.
 166:../Generated_Code/MF01.c **** **     Parameters  :
 167:../Generated_Code/MF01.c **** **         NAME            - DESCRIPTION
 168:../Generated_Code/MF01.c **** **         ratio           - Ratio value, where 0 means 'off' and
 169:../Generated_Code/MF01.c **** **                           0xffff means 'on'
 170:../Generated_Code/MF01.c **** **     Returns     : Nothing
 171:../Generated_Code/MF01.c **** ** ===================================================================
 172:../Generated_Code/MF01.c **** */
 173:../Generated_Code/MF01.c **** void MF01_SetRatio16(word ratio)
 174:../Generated_Code/MF01.c **** {
  51              		.loc 1 174 0
  52              		.cfi_startproc
  53 0000 80B5     		push	{r7, lr}
  54              	.LCFI2:
  55              		.cfi_def_cfa_offset 8
  56              		.cfi_offset 7, -8
  57              		.cfi_offset 14, -4
  58 0002 82B0     		sub	sp, sp, #8
  59              	.LCFI3:
  60              		.cfi_def_cfa_offset 16
  61 0004 00AF     		add	r7, sp, #0
  62              	.LCFI4:
  63              		.cfi_def_cfa_register 7
  64 0006 021C     		mov	r2, r0
  65 0008 BB1D     		add	r3, r7, #6
  66 000a 1A80     		strh	r2, [r3]
 175:../Generated_Code/MF01.c ****   /* on/off LED: binary on or off */
 176:../Generated_Code/MF01.c ****   if (ratio<(0xffff/2)) {
  67              		.loc 1 176 0
  68 000c BB1D     		add	r3, r7, #6
  69 000e 1A88     		ldrh	r2, [r3]
  70 0010 084B     		ldr	r3, .L5
  71 0012 9A42     		cmp	r2, r3
  72 0014 05D8     		bhi	.L3
 177:../Generated_Code/MF01.c ****     MF01_Off();
  73              		.loc 1 177 0
  74 0016 084B     		ldr	r3, .L5+4
  75 0018 9B6A     		ldr	r3, [r3, #40]
  76 001a 181C     		mov	r0, r3
  77 001c FFF7FEFF 		bl	BitIoLdd5_SetVal
  78 0020 04E0     		b	.L2
  79              	.L3:
 178:../Generated_Code/MF01.c ****   } else {
 179:../Generated_Code/MF01.c ****     MF01_On();
  80              		.loc 1 179 0
  81 0022 054B     		ldr	r3, .L5+4
  82 0024 9B6A     		ldr	r3, [r3, #40]
  83 0026 181C     		mov	r0, r3
  84 0028 FFF7FEFF 		bl	BitIoLdd5_ClrVal
  85              	.L2:
 180:../Generated_Code/MF01.c ****   }
 181:../Generated_Code/MF01.c **** }
  86              		.loc 1 181 0
  87 002c BD46     		mov	sp, r7
  88 002e 02B0     		add	sp, sp, #8
  89              		@ sp needed for prologue
  90 0030 80BD     		pop	{r7, pc}
  91              	.L6:
  92 0032 C046     		.align	2
  93              	.L5:
  94 0034 FE7F0000 		.word	32766
  95 0038 00000000 		.word	PE_LDD_DeviceDataList
  96              		.cfi_endproc
  97              	.LFE1:
  99              		.text
 100              	.Letext0:
 101              		.file 2 "../Generated_Code/PE_LDD.h"
 102              		.file 3 "../Generated_Code/PE_Types.h"
DEFINED SYMBOLS
                            *ABS*:00000000 MF01.c
C:\Users\LARM\AppData\Local\Temp\ccXAHRcX.s:18     .text.MF01_Deinit:00000000 $t
C:\Users\LARM\AppData\Local\Temp\ccXAHRcX.s:23     .text.MF01_Deinit:00000000 MF01_Deinit
C:\Users\LARM\AppData\Local\Temp\ccXAHRcX.s:44     .text.MF01_SetRatio16:00000000 $t
C:\Users\LARM\AppData\Local\Temp\ccXAHRcX.s:49     .text.MF01_SetRatio16:00000000 MF01_SetRatio16
C:\Users\LARM\AppData\Local\Temp\ccXAHRcX.s:94     .text.MF01_SetRatio16:00000034 $d
                     .debug_frame:00000010 $d

UNDEFINED SYMBOLS
BitIoLdd5_SetVal
BitIoLdd5_ClrVal
PE_LDD_DeviceDataList
