   1              		.cpu cortex-m0
   2              		.fpu softvfp
   3              		.eabi_attribute 20, 1
   4              		.eabi_attribute 21, 1
   5              		.eabi_attribute 23, 3
   6              		.eabi_attribute 24, 1
   7              		.eabi_attribute 25, 1
   8              		.eabi_attribute 26, 1
   9              		.eabi_attribute 30, 6
  10              		.eabi_attribute 34, 0
  11              		.eabi_attribute 18, 4
  12              		.code	16
  13              		.file	"PE_LDD.c"
  14              		.text
  15              	.Ltext0:
  16              		.cfi_sections	.debug_frame
  17              		.global	PE_LDD_DeviceDataList
  18              		.section	.bss.PE_LDD_DeviceDataList,"aw",%nobits
  19              		.align	2
  22              	PE_LDD_DeviceDataList:
  23 0000 00000000 		.space	76
  23      00000000 
  23      00000000 
  23      00000000 
  23      00000000 
  24              		.global	PE_CpuClockConfigurations
  25              		.section	.rodata.PE_CpuClockConfigurations,"a",%progbits
  26              		.align	2
  29              	PE_CpuClockConfigurations:
  30 0000 00004001 		.word	20971520
  31 0004 00004001 		.word	20971520
  32 0008 00000000 		.word	0
  33 000c 00000000 		.word	0
  34 0010 00000000 		.word	0
  35 0014 00004001 		.word	20971520
  36 0018 00800000 		.word	32768
  37 001c 00000000 		.word	0
  38 0020 E8030000 		.word	1000
  39 0024 00400000 		.word	16384
  40              		.section	.text.PE_FillMemory,"ax",%progbits
  41              		.align	2
  42              		.global	PE_FillMemory
  43              		.code	16
  44              		.thumb_func
  46              	PE_FillMemory:
  47              	.LFB0:
  48              		.file 1 "../Generated_Code/PE_LDD.c"
   1:../Generated_Code/PE_LDD.c **** /** ###################################################################
   2:../Generated_Code/PE_LDD.c **** **     THIS COMPONENT MODULE IS GENERATED BY THE TOOL. DO NOT MODIFY IT.
   3:../Generated_Code/PE_LDD.c **** **     Filename    : PE_LDD.c.c
   4:../Generated_Code/PE_LDD.c **** **     Project     : ProcessorExpert
   5:../Generated_Code/PE_LDD.c **** **     Processor   : MKL25Z128VLK4
   6:../Generated_Code/PE_LDD.c **** **     Version     : Component 01.025, Driver 01.04, CPU db: 3.00.000
   7:../Generated_Code/PE_LDD.c **** **     Compiler    : GNU C Compiler
   8:../Generated_Code/PE_LDD.c **** **     Date/Time   : 2013-09-09, 15:40, # CodeGen: 48
   9:../Generated_Code/PE_LDD.c **** **     Abstract    :
  10:../Generated_Code/PE_LDD.c **** **
  11:../Generated_Code/PE_LDD.c **** **     Settings    :
  12:../Generated_Code/PE_LDD.c **** **
  13:../Generated_Code/PE_LDD.c **** **
  14:../Generated_Code/PE_LDD.c **** **     Copyright : 1997 - 2012 Freescale, Inc. All Rights Reserved.
  15:../Generated_Code/PE_LDD.c **** **     
  16:../Generated_Code/PE_LDD.c **** **     http      : www.freescale.com
  17:../Generated_Code/PE_LDD.c **** **     mail      : support@freescale.com
  18:../Generated_Code/PE_LDD.c **** ** ###################################################################*/
  19:../Generated_Code/PE_LDD.c **** 
  20:../Generated_Code/PE_LDD.c **** /* MODULE PE_LDD */
  21:../Generated_Code/PE_LDD.c **** 
  22:../Generated_Code/PE_LDD.c **** /* MQX Lite include files */
  23:../Generated_Code/PE_LDD.c **** #include "mqxlite.h"
  24:../Generated_Code/PE_LDD.c **** #include "mqxlite_prv.h"
  25:../Generated_Code/PE_LDD.c **** 
  26:../Generated_Code/PE_LDD.c **** #include "PE_LDD.h"
  27:../Generated_Code/PE_LDD.c **** #include "Cpu.h"
  28:../Generated_Code/PE_LDD.c **** 
  29:../Generated_Code/PE_LDD.c **** /*lint -esym(765,PE_PeripheralUsed,LDD_SetClockConfiguration,PE_CpuClockConfigurations,PE_FillMemor
  30:../Generated_Code/PE_LDD.c **** 
  31:../Generated_Code/PE_LDD.c **** /*
  32:../Generated_Code/PE_LDD.c **** ** ===========================================================================
  33:../Generated_Code/PE_LDD.c **** ** Array of initialized device structures of LDD components.
  34:../Generated_Code/PE_LDD.c **** ** ===========================================================================
  35:../Generated_Code/PE_LDD.c **** */
  36:../Generated_Code/PE_LDD.c **** LDD_TDeviceData *PE_LDD_DeviceDataList[19] = {
  37:../Generated_Code/PE_LDD.c ****     NULL,
  38:../Generated_Code/PE_LDD.c ****     NULL,
  39:../Generated_Code/PE_LDD.c ****     NULL,
  40:../Generated_Code/PE_LDD.c ****     NULL,
  41:../Generated_Code/PE_LDD.c ****     NULL,
  42:../Generated_Code/PE_LDD.c ****     NULL,
  43:../Generated_Code/PE_LDD.c ****     NULL,
  44:../Generated_Code/PE_LDD.c ****     NULL,
  45:../Generated_Code/PE_LDD.c ****     NULL,
  46:../Generated_Code/PE_LDD.c ****     NULL,
  47:../Generated_Code/PE_LDD.c ****     NULL,
  48:../Generated_Code/PE_LDD.c ****     NULL,
  49:../Generated_Code/PE_LDD.c ****     NULL,
  50:../Generated_Code/PE_LDD.c ****     NULL,
  51:../Generated_Code/PE_LDD.c ****     NULL,
  52:../Generated_Code/PE_LDD.c ****     NULL,
  53:../Generated_Code/PE_LDD.c ****     NULL,
  54:../Generated_Code/PE_LDD.c ****     NULL,
  55:../Generated_Code/PE_LDD.c ****     NULL
  56:../Generated_Code/PE_LDD.c ****   };
  57:../Generated_Code/PE_LDD.c **** 
  58:../Generated_Code/PE_LDD.c **** /*
  59:../Generated_Code/PE_LDD.c **** ** ===========================================================================
  60:../Generated_Code/PE_LDD.c **** ** The array of clock frequencies in configured clock configurations.
  61:../Generated_Code/PE_LDD.c **** ** ===========================================================================
  62:../Generated_Code/PE_LDD.c **** */
  63:../Generated_Code/PE_LDD.c **** const TCpuClockConfiguration PE_CpuClockConfigurations[CPU_CLOCK_CONFIG_NUMBER] = {
  64:../Generated_Code/PE_LDD.c ****   /* Clock configuration 0 */
  65:../Generated_Code/PE_LDD.c ****   {
  66:../Generated_Code/PE_LDD.c ****     CPU_CORE_CLK_HZ_CONFIG_0,          /* Core clock frequency in clock configuration 0 */
  67:../Generated_Code/PE_LDD.c ****     CPU_BUS_CLK_HZ_CONFIG_0,           /* Bus clock frequency in clock configuration 0 */
  68:../Generated_Code/PE_LDD.c ****     CPU_FLEXBUS_CLK_HZ_CONFIG_0,       /* Flexbus clock frequency in clock configuration 0 */
  69:../Generated_Code/PE_LDD.c ****     CPU_FLASH_CLK_HZ_CONFIG_0,         /* FLASH clock frequency in clock configuration 0 */
  70:../Generated_Code/PE_LDD.c ****     CPU_USB_CLK_HZ_CONFIG_0,           /* USB clock frequency in clock configuration 0 */
  71:../Generated_Code/PE_LDD.c ****     CPU_PLL_FLL_CLK_HZ_CONFIG_0,       /* PLL/FLL clock frequency in clock configuration 0 */
  72:../Generated_Code/PE_LDD.c ****     CPU_MCGIR_CLK_HZ_CONFIG_0,         /* MCG internal reference clock frequency in clock configura
  73:../Generated_Code/PE_LDD.c ****     CPU_OSCER_CLK_HZ_CONFIG_0,         /* System OSC external reference clock frequency in clock co
  74:../Generated_Code/PE_LDD.c ****     CPU_ERCLK32K_CLK_HZ_CONFIG_0,      /* External reference clock 32k frequency in clock configura
  75:../Generated_Code/PE_LDD.c ****     CPU_MCGFF_CLK_HZ_CONFIG_0          /* MCG fixed frequency clock */
  76:../Generated_Code/PE_LDD.c ****   }
  77:../Generated_Code/PE_LDD.c **** };
  78:../Generated_Code/PE_LDD.c **** 
  79:../Generated_Code/PE_LDD.c **** /*
  80:../Generated_Code/PE_LDD.c **** ** ===================================================================
  81:../Generated_Code/PE_LDD.c **** **     Method      :  PE_FillMemory (component MKL25Z128LK4)
  82:../Generated_Code/PE_LDD.c **** **
  83:../Generated_Code/PE_LDD.c **** **     Description :
  84:../Generated_Code/PE_LDD.c **** **         Fill the memory area by specified value.
  85:../Generated_Code/PE_LDD.c **** ** ===================================================================
  86:../Generated_Code/PE_LDD.c **** */
  87:../Generated_Code/PE_LDD.c **** void PE_FillMemory(register void* SourceAddressPtr, register uint8_t c, register uint32_t len)
  88:../Generated_Code/PE_LDD.c **** {
  49              		.loc 1 88 0
  50              		.cfi_startproc
  51 0000 90B5     		push	{r4, r7, lr}
  52              	.LCFI0:
  53              		.cfi_def_cfa_offset 12
  54              		.cfi_offset 4, -12
  55              		.cfi_offset 7, -8
  56              		.cfi_offset 14, -4
  57 0002 00AF     		add	r7, sp, #0
  58              	.LCFI1:
  59              		.cfi_def_cfa_register 7
  60 0004 131C     		mov	r3, r2
  89:../Generated_Code/PE_LDD.c ****   register uint8_t *ptr = (uint8_t*)SourceAddressPtr;
  61              		.loc 1 89 0
  62 0006 041C     		mov	r4, r0
  90:../Generated_Code/PE_LDD.c **** 
  91:../Generated_Code/PE_LDD.c ****   if (len > 0U) {
  63              		.loc 1 91 0
  64 0008 002B     		cmp	r3, #0
  65 000a 0AD0     		beq	.L1
  92:../Generated_Code/PE_LDD.c ****     while (len--) {
  66              		.loc 1 92 0
  67 000c 02E0     		b	.L3
  68              	.L4:
  93:../Generated_Code/PE_LDD.c ****       *ptr++ = c;
  69              		.loc 1 93 0
  70 000e 0A1C     		add	r2, r1, #0
  71 0010 2270     		strb	r2, [r4]
  72 0012 0134     		add	r4, r4, #1
  73              	.L3:
  92:../Generated_Code/PE_LDD.c ****     while (len--) {
  74              		.loc 1 92 0 discriminator 1
  75 0014 1A1C     		mov	r2, r3
  76 0016 501E     		sub	r0, r2, #1
  77 0018 8241     		sbc	r2, r2, r0
  78 001a D2B2     		uxtb	r2, r2
  79 001c 013B     		sub	r3, r3, #1
  80 001e 002A     		cmp	r2, #0
  81 0020 F5D1     		bne	.L4
  82              	.L1:
  94:../Generated_Code/PE_LDD.c ****     }
  95:../Generated_Code/PE_LDD.c ****   }
  96:../Generated_Code/PE_LDD.c **** }
  83              		.loc 1 96 0
  84 0022 BD46     		mov	sp, r7
  85              		@ sp needed for prologue
  86 0024 90BD     		pop	{r4, r7, pc}
  87              		.cfi_endproc
  88              	.LFE0:
  90 0026 C046     		.section	.text.PE_PeripheralUsed,"ax",%progbits
  91              		.align	2
  92              		.global	PE_PeripheralUsed
  93              		.code	16
  94              		.thumb_func
  96              	PE_PeripheralUsed:
  97              	.LFB1:
  97:../Generated_Code/PE_LDD.c **** 
  98:../Generated_Code/PE_LDD.c **** /*
  99:../Generated_Code/PE_LDD.c **** ** ===================================================================
 100:../Generated_Code/PE_LDD.c **** **     Method      :  PE_PeripheralUsed (component MKL25Z128LK4)
 101:../Generated_Code/PE_LDD.c **** **
 102:../Generated_Code/PE_LDD.c **** **     Description :
 103:../Generated_Code/PE_LDD.c **** **         Returns the information whether a peripheral is allocated by 
 104:../Generated_Code/PE_LDD.c **** **         PE or not.
 105:../Generated_Code/PE_LDD.c **** ** ===================================================================
 106:../Generated_Code/PE_LDD.c **** */
 107:../Generated_Code/PE_LDD.c **** bool PE_PeripheralUsed(uint32_t PrphBaseAddress)
 108:../Generated_Code/PE_LDD.c **** {
  98              		.loc 1 108 0
  99              		.cfi_startproc
 100 0000 80B5     		push	{r7, lr}
 101              	.LCFI2:
 102              		.cfi_def_cfa_offset 8
 103              		.cfi_offset 7, -8
 104              		.cfi_offset 14, -4
 105 0002 84B0     		sub	sp, sp, #16
 106              	.LCFI3:
 107              		.cfi_def_cfa_offset 24
 108 0004 00AF     		add	r7, sp, #0
 109              	.LCFI4:
 110              		.cfi_def_cfa_register 7
 111 0006 7860     		str	r0, [r7, #4]
 109:../Generated_Code/PE_LDD.c ****   bool result = FALSE;
 112              		.loc 1 109 0
 113 0008 3B1C     		mov	r3, r7
 114 000a 0F33     		add	r3, r3, #15
 115 000c 0022     		mov	r2, #0
 116 000e 1A70     		strb	r2, [r3]
 110:../Generated_Code/PE_LDD.c **** 
 111:../Generated_Code/PE_LDD.c ****   switch (PrphBaseAddress) {
 117              		.loc 1 111 0
 118 0010 7B68     		ldr	r3, [r7, #4]
 119 0012 1A4A     		ldr	r2, .L12
 120 0014 9342     		cmp	r3, r2
 121 0016 23D0     		beq	.L7
 122 0018 184A     		ldr	r2, .L12
 123 001a 9342     		cmp	r3, r2
 124 001c 10D8     		bhi	.L8
 125 001e 184A     		ldr	r2, .L12+4
 126 0020 9342     		cmp	r3, r2
 127 0022 1DD0     		beq	.L7
 128 0024 164A     		ldr	r2, .L12+4
 129 0026 9342     		cmp	r3, r2
 130 0028 03D8     		bhi	.L9
 131 002a 164A     		ldr	r2, .L12+8
 132 002c 9342     		cmp	r3, r2
 133 002e 17D0     		beq	.L7
 134 0030 1BE0     		b	.L6
 135              	.L9:
 136 0032 154A     		ldr	r2, .L12+12
 137 0034 9342     		cmp	r3, r2
 138 0036 13D0     		beq	.L7
 139 0038 144A     		ldr	r2, .L12+16
 140 003a 9342     		cmp	r3, r2
 141 003c 10D0     		beq	.L7
 142 003e 14E0     		b	.L6
 143              	.L8:
 144 0040 134A     		ldr	r2, .L12+20
 145 0042 9342     		cmp	r3, r2
 146 0044 0CD0     		beq	.L7
 147 0046 124A     		ldr	r2, .L12+20
 148 0048 9342     		cmp	r3, r2
 149 004a 03D8     		bhi	.L10
 150 004c 114A     		ldr	r2, .L12+24
 151 004e 9342     		cmp	r3, r2
 152 0050 06D0     		beq	.L7
 153 0052 0AE0     		b	.L6
 154              	.L10:
 155 0054 104A     		ldr	r2, .L12+28
 156 0056 9342     		cmp	r3, r2
 157 0058 02D0     		beq	.L7
 158 005a 104A     		ldr	r2, .L12+32
 159 005c 9342     		cmp	r3, r2
 160 005e 04D1     		bne	.L6
 161              	.L7:
 112:../Generated_Code/PE_LDD.c ****     /* Base address allocated by peripheral(s) UART0 */
 113:../Generated_Code/PE_LDD.c ****     case 0x4006A000UL:
 114:../Generated_Code/PE_LDD.c ****     /* Base address allocated by peripheral(s) PTB */
 115:../Generated_Code/PE_LDD.c ****     case 0x400FF040UL:
 116:../Generated_Code/PE_LDD.c ****     /* Base address allocated by peripheral(s) PTA */
 117:../Generated_Code/PE_LDD.c ****     case 0x400FF000UL:
 118:../Generated_Code/PE_LDD.c ****     /* Base address allocated by peripheral(s) TPM0 */
 119:../Generated_Code/PE_LDD.c ****     case 0x40038000UL:
 120:../Generated_Code/PE_LDD.c ****     /* Base address allocated by peripheral(s) TPM1 */
 121:../Generated_Code/PE_LDD.c ****     case 0x40039000UL:
 122:../Generated_Code/PE_LDD.c ****     /* Base address allocated by peripheral(s) TPM2 */
 123:../Generated_Code/PE_LDD.c ****     case 0x4003A000UL:
 124:../Generated_Code/PE_LDD.c ****     /* Base address allocated by peripheral(s) PTE */
 125:../Generated_Code/PE_LDD.c ****     case 0x400FF100UL:
 126:../Generated_Code/PE_LDD.c ****     /* Base address allocated by peripheral(s) SysTick */
 127:../Generated_Code/PE_LDD.c ****     case 0xE000E010UL:
 128:../Generated_Code/PE_LDD.c ****     /* Base address allocated by peripheral(s) SPI0 */
 129:../Generated_Code/PE_LDD.c ****     case 0x40076000UL:
 130:../Generated_Code/PE_LDD.c ****       result = TRUE;
 162              		.loc 1 130 0
 163 0060 3B1C     		mov	r3, r7
 164 0062 0F33     		add	r3, r3, #15
 165 0064 0122     		mov	r2, #1
 166 0066 1A70     		strb	r2, [r3]
 131:../Generated_Code/PE_LDD.c ****       break;
 167              		.loc 1 131 0
 168 0068 00E0     		b	.L11
 169              	.L6:
 132:../Generated_Code/PE_LDD.c ****     default:
 133:../Generated_Code/PE_LDD.c ****       break;
 170              		.loc 1 133 0
 171 006a C046     		mov	r8, r8
 172              	.L11:
 134:../Generated_Code/PE_LDD.c ****   }
 135:../Generated_Code/PE_LDD.c ****   return result;
 173              		.loc 1 135 0
 174 006c 3B1C     		mov	r3, r7
 175 006e 0F33     		add	r3, r3, #15
 176 0070 1B78     		ldrb	r3, [r3]
 136:../Generated_Code/PE_LDD.c **** }
 177              		.loc 1 136 0
 178 0072 181C     		mov	r0, r3
 179 0074 BD46     		mov	sp, r7
 180 0076 04B0     		add	sp, sp, #16
 181              		@ sp needed for prologue
 182 0078 80BD     		pop	{r7, pc}
 183              	.L13:
 184 007a C046     		.align	2
 185              	.L12:
 186 007c 00600740 		.word	1074225152
 187 0080 00900340 		.word	1073975296
 188 0084 00800340 		.word	1073971200
 189 0088 00A00340 		.word	1073979392
 190 008c 00A00640 		.word	1074176000
 191 0090 40F00F40 		.word	1074786368
 192 0094 00F00F40 		.word	1074786304
 193 0098 00F10F40 		.word	1074786560
 194 009c 10E000E0 		.word	-536813552
 195              		.cfi_endproc
 196              	.LFE1:
 198              		.section	.text.LDD_SetClockConfiguration,"ax",%progbits
 199              		.align	2
 200              		.global	LDD_SetClockConfiguration
 201              		.code	16
 202              		.thumb_func
 204              	LDD_SetClockConfiguration:
 205              	.LFB2:
 137:../Generated_Code/PE_LDD.c **** 
 138:../Generated_Code/PE_LDD.c **** /*
 139:../Generated_Code/PE_LDD.c **** ** ===================================================================
 140:../Generated_Code/PE_LDD.c **** **     Method      :  LDD_SetClockConfiguration (component MKL25Z128LK4)
 141:../Generated_Code/PE_LDD.c **** **
 142:../Generated_Code/PE_LDD.c **** **     Description :
 143:../Generated_Code/PE_LDD.c **** **         This method changes the clock configuration of all LDD 
 144:../Generated_Code/PE_LDD.c **** **         components in the project.
 145:../Generated_Code/PE_LDD.c **** ** ===================================================================
 146:../Generated_Code/PE_LDD.c **** */
 147:../Generated_Code/PE_LDD.c **** void LDD_SetClockConfiguration(LDD_TClockConfiguration ClockConfiguration)
 148:../Generated_Code/PE_LDD.c **** {
 206              		.loc 1 148 0
 207              		.cfi_startproc
 208 0000 80B5     		push	{r7, lr}
 209              	.LCFI5:
 210              		.cfi_def_cfa_offset 8
 211              		.cfi_offset 7, -8
 212              		.cfi_offset 14, -4
 213 0002 82B0     		sub	sp, sp, #8
 214              	.LCFI6:
 215              		.cfi_def_cfa_offset 16
 216 0004 00AF     		add	r7, sp, #0
 217              	.LCFI7:
 218              		.cfi_def_cfa_register 7
 219 0006 021C     		mov	r2, r0
 220 0008 FB1D     		add	r3, r7, #7
 221 000a 1A70     		strb	r2, [r3]
 149:../Generated_Code/PE_LDD.c ****   (void)ClockConfiguration;            /* Parameter is not used, suppress unused argument warning *
 150:../Generated_Code/PE_LDD.c ****   /* Just one clock configuration defined in CPU component. */
 151:../Generated_Code/PE_LDD.c **** }
 222              		.loc 1 151 0
 223 000c BD46     		mov	sp, r7
 224 000e 02B0     		add	sp, sp, #8
 225              		@ sp needed for prologue
 226 0010 80BD     		pop	{r7, pc}
 227              		.cfi_endproc
 228              	.LFE2:
 230 0012 C046     		.text
 231              	.Letext0:
 232              		.file 2 "C:/Freescale/CW MCU v10.3/MCU/ARM_GCC_Support/ewl/EWL_C/include/cstdint"
 233              		.file 3 "C:/Users/LARM/workspace/MQX-Lite + SPI + Motor + Ultrassom/MQXLITE/psp/cortex_m/psptypes.
 234              		.file 4 "../Generated_Code/PE_Types.h"
 235              		.file 5 "../Generated_Code/PE_LDD.h"
 236              		.file 6 "../Generated_Code/Cpu.h"
 237              		.file 7 "C:/Users/LARM/workspace/MQX-Lite + SPI + Motor + Ultrassom/Generated_Code/IO_Map.h"
DEFINED SYMBOLS
                            *ABS*:00000000 PE_LDD.c
C:\Users\LARM\AppData\Local\Temp\cclcSgEV.s:22     .bss.PE_LDD_DeviceDataList:00000000 PE_LDD_DeviceDataList
C:\Users\LARM\AppData\Local\Temp\cclcSgEV.s:19     .bss.PE_LDD_DeviceDataList:00000000 $d
C:\Users\LARM\AppData\Local\Temp\cclcSgEV.s:29     .rodata.PE_CpuClockConfigurations:00000000 PE_CpuClockConfigurations
C:\Users\LARM\AppData\Local\Temp\cclcSgEV.s:26     .rodata.PE_CpuClockConfigurations:00000000 $d
C:\Users\LARM\AppData\Local\Temp\cclcSgEV.s:41     .text.PE_FillMemory:00000000 $t
C:\Users\LARM\AppData\Local\Temp\cclcSgEV.s:46     .text.PE_FillMemory:00000000 PE_FillMemory
C:\Users\LARM\AppData\Local\Temp\cclcSgEV.s:91     .text.PE_PeripheralUsed:00000000 $t
C:\Users\LARM\AppData\Local\Temp\cclcSgEV.s:96     .text.PE_PeripheralUsed:00000000 PE_PeripheralUsed
C:\Users\LARM\AppData\Local\Temp\cclcSgEV.s:186    .text.PE_PeripheralUsed:0000007c $d
C:\Users\LARM\AppData\Local\Temp\cclcSgEV.s:199    .text.LDD_SetClockConfiguration:00000000 $t
C:\Users\LARM\AppData\Local\Temp\cclcSgEV.s:204    .text.LDD_SetClockConfiguration:00000000 LDD_SetClockConfiguration
                     .debug_frame:00000010 $d

NO UNDEFINED SYMBOLS
