   1              		.cpu cortex-m0
   2              		.fpu softvfp
   3              		.eabi_attribute 20, 1
   4              		.eabi_attribute 21, 1
   5              		.eabi_attribute 23, 3
   6              		.eabi_attribute 24, 1
   7              		.eabi_attribute 25, 1
   8              		.eabi_attribute 26, 1
   9              		.eabi_attribute 30, 6
  10              		.eabi_attribute 34, 0
  11              		.eabi_attribute 18, 4
  12              		.code	16
  13              		.file	"task_template_list.c"
  14              		.text
  15              	.Ltext0:
  16              		.cfi_sections	.debug_frame
  17              		.global	MQX_template_list
  18              		.section	.rodata
  19              		.align	2
  20              	.LC0:
  21 0000 7461736B 		.ascii	"task1\000"
  21      3100
  22 0006 0000     		.align	2
  23              	.LC1:
  24 0008 7461736B 		.ascii	"task2\000"
  24      3200
  25 000e 0000     		.section	.rodata.MQX_template_list,"a",%progbits
  26              		.align	2
  29              	MQX_template_list:
  30 0000 01000000 		.word	1
  31 0004 00000000 		.word	Task1_task
  32 0008 80020000 		.word	640
  33 000c 08000000 		.word	8
  34 0010 00000000 		.word	.LC0
  35 0014 01000000 		.word	1
  36 0018 00000000 		.word	0
  37 001c 02000000 		.word	2
  38 0020 00000000 		.word	Task2_task
  39 0024 80020000 		.word	640
  40 0028 08000000 		.word	8
  41 002c 08000000 		.word	.LC1
  42 0030 01000000 		.word	1
  43 0034 00000000 		.word	0
  44 0038 00000000 		.word	0
  45 003c 00000000 		.word	0
  46 0040 00000000 		.word	0
  47 0044 00000000 		.word	0
  48 0048 00000000 		.word	0
  49 004c 00000000 		.word	0
  50 0050 00000000 		.word	0
  51              		.text
  52              	.Letext0:
  53              		.file 1 "C:/Freescale/CW MCU v10.3/MCU/ARM_GCC_Support/ewl/EWL_C/include/cstdint"
  54              		.file 2 "C:/Users/LARM/workspace/MQX-Lite + SPI + Motor + Ultrassom/MQXLITE/psp/cortex_m/psptypes.
  55              		.file 3 "C:/Users/LARM/workspace/MQX-Lite + SPI + Motor + Ultrassom/MQXLITE/include/mqxlite.h"
  56              		.file 4 "C:/Users/LARM/workspace/MQX-Lite + SPI + Motor + Ultrassom/Generated_Code/IO_Map.h"
  57              		.file 5 "../Generated_Code/task_template_list.c"
DEFINED SYMBOLS
                            *ABS*:00000000 task_template_list.c
C:\Users\LARM\AppData\Local\Temp\ccr8hnCf.s:29     .rodata.MQX_template_list:00000000 MQX_template_list
C:\Users\LARM\AppData\Local\Temp\ccr8hnCf.s:19     .rodata:00000000 $d
C:\Users\LARM\AppData\Local\Temp\ccr8hnCf.s:26     .rodata.MQX_template_list:00000000 $d

UNDEFINED SYMBOLS
Task1_task
Task2_task
